{"C:\\Users\\DELL\\Desktop\\Nebula-Stack\\controllers\\nurseController.js": {"path":"C:\\Users\\DELL\\Desktop\\Nebula-Stack\\controllers\\nurseController.js","statementMap":{"0":{"start":{"line":2,"column":26},"end":{"line":2,"column":66}},"1":{"start":{"line":3,"column":15},"end":{"line":3,"column":41}},"2":{"start":{"line":7,"column":4},"end":{"line":7,"column":38}},"3":{"start":{"line":14,"column":0},"end":{"line":85,"column":2}},"4":{"start":{"line":15,"column":2},"end":{"line":84,"column":3}},"5":{"start":{"line":16,"column":20},"end":{"line":16,"column":53}},"6":{"start":{"line":17,"column":20},"end":{"line":17,"column":22}},"7":{"start":{"line":20,"column":4},"end":{"line":22,"column":5}},"8":{"start":{"line":21,"column":6},"end":{"line":21,"column":40}},"9":{"start":{"line":23,"column":4},"end":{"line":25,"column":5}},"10":{"start":{"line":24,"column":6},"end":{"line":24,"column":48}},"11":{"start":{"line":28,"column":22},"end":{"line":31,"column":5}},"12":{"start":{"line":34,"column":4},"end":{"line":42,"column":7}},"13":{"start":{"line":44,"column":4},"end":{"line":52,"column":7}},"14":{"start":{"line":54,"column":4},"end":{"line":57,"column":7}},"15":{"start":{"line":59,"column":4},"end":{"line":63,"column":7}},"16":{"start":{"line":66,"column":4},"end":{"line":71,"column":5}},"17":{"start":{"line":67,"column":6},"end":{"line":70,"column":9}},"18":{"start":{"line":73,"column":4},"end":{"line":78,"column":5}},"19":{"start":{"line":74,"column":6},"end":{"line":77,"column":9}},"20":{"start":{"line":80,"column":4},"end":{"line":83,"column":7}},"21":{"start":{"line":92,"column":0},"end":{"line":161,"column":2}},"22":{"start":{"line":93,"column":2},"end":{"line":160,"column":3}},"23":{"start":{"line":94,"column":20},"end":{"line":94,"column":53}},"24":{"start":{"line":95,"column":27},"end":{"line":95,"column":37}},"25":{"start":{"line":96,"column":20},"end":{"line":96,"column":22}},"26":{"start":{"line":99,"column":4},"end":{"line":104,"column":5}},"27":{"start":{"line":100,"column":6},"end":{"line":103,"column":9}},"28":{"start":{"line":107,"column":4},"end":{"line":109,"column":5}},"29":{"start":{"line":108,"column":6},"end":{"line":108,"column":40}},"30":{"start":{"line":110,"column":4},"end":{"line":112,"column":5}},"31":{"start":{"line":111,"column":6},"end":{"line":111,"column":48}},"32":{"start":{"line":115,"column":22},"end":{"line":118,"column":5}},"33":{"start":{"line":120,"column":4},"end":{"line":128,"column":7}},"34":{"start":{"line":130,"column":4},"end":{"line":133,"column":7}},"35":{"start":{"line":135,"column":4},"end":{"line":140,"column":7}},"36":{"start":{"line":142,"column":4},"end":{"line":147,"column":5}},"37":{"start":{"line":143,"column":6},"end":{"line":146,"column":9}},"38":{"start":{"line":149,"column":4},"end":{"line":154,"column":5}},"39":{"start":{"line":150,"column":6},"end":{"line":153,"column":9}},"40":{"start":{"line":156,"column":4},"end":{"line":159,"column":7}},"41":{"start":{"line":172,"column":0},"end":{"line":255,"column":2}},"42":{"start":{"line":173,"column":2},"end":{"line":254,"column":3}},"43":{"start":{"line":174,"column":20},"end":{"line":174,"column":53}},"44":{"start":{"line":175,"column":24},"end":{"line":175,"column":34}},"45":{"start":{"line":176,"column":51},"end":{"line":176,"column":59}},"46":{"start":{"line":179,"column":4},"end":{"line":184,"column":5}},"47":{"start":{"line":180,"column":6},"end":{"line":183,"column":9}},"48":{"start":{"line":186,"column":26},"end":{"line":186,"column":70}},"49":{"start":{"line":187,"column":4},"end":{"line":192,"column":5}},"50":{"start":{"line":188,"column":6},"end":{"line":191,"column":9}},"51":{"start":{"line":195,"column":19},"end":{"line":201,"column":5}},"52":{"start":{"line":204,"column":4},"end":{"line":213,"column":7}},"53":{"start":{"line":215,"column":4},"end":{"line":222,"column":7}},"54":{"start":{"line":224,"column":4},"end":{"line":227,"column":7}},"55":{"start":{"line":229,"column":4},"end":{"line":234,"column":7}},"56":{"start":{"line":236,"column":4},"end":{"line":241,"column":5}},"57":{"start":{"line":237,"column":6},"end":{"line":240,"column":9}},"58":{"start":{"line":243,"column":4},"end":{"line":248,"column":5}},"59":{"start":{"line":244,"column":6},"end":{"line":247,"column":9}},"60":{"start":{"line":250,"column":4},"end":{"line":253,"column":7}},"61":{"start":{"line":263,"column":0},"end":{"line":324,"column":2}},"62":{"start":{"line":264,"column":2},"end":{"line":323,"column":3}},"63":{"start":{"line":265,"column":20},"end":{"line":265,"column":53}},"64":{"start":{"line":266,"column":24},"end":{"line":266,"column":34}},"65":{"start":{"line":267,"column":27},"end":{"line":267,"column":36}},"66":{"start":{"line":270,"column":4},"end":{"line":275,"column":5}},"67":{"start":{"line":271,"column":6},"end":{"line":274,"column":9}},"68":{"start":{"line":278,"column":19},"end":{"line":282,"column":5}},"69":{"start":{"line":284,"column":4},"end":{"line":290,"column":7}},"70":{"start":{"line":292,"column":4},"end":{"line":295,"column":7}},"71":{"start":{"line":297,"column":4},"end":{"line":303,"column":7}},"72":{"start":{"line":305,"column":4},"end":{"line":310,"column":5}},"73":{"start":{"line":306,"column":6},"end":{"line":309,"column":9}},"74":{"start":{"line":312,"column":4},"end":{"line":317,"column":5}},"75":{"start":{"line":313,"column":6},"end":{"line":316,"column":9}},"76":{"start":{"line":319,"column":4},"end":{"line":322,"column":7}}},"fnMap":{"0":{"name":"(anonymous_0)","decl":{"start":{"line":14,"column":34},"end":{"line":14,"column":35}},"loc":{"start":{"line":14,"column":54},"end":{"line":85,"column":1}},"line":14},"1":{"name":"(anonymous_1)","decl":{"start":{"line":92,"column":34},"end":{"line":92,"column":35}},"loc":{"start":{"line":92,"column":54},"end":{"line":161,"column":1}},"line":92},"2":{"name":"(anonymous_2)","decl":{"start":{"line":172,"column":32},"end":{"line":172,"column":33}},"loc":{"start":{"line":172,"column":52},"end":{"line":255,"column":1}},"line":172},"3":{"name":"(anonymous_3)","decl":{"start":{"line":263,"column":26},"end":{"line":263,"column":27}},"loc":{"start":{"line":263,"column":46},"end":{"line":324,"column":1}},"line":263}},"branchMap":{"0":{"loc":{"start":{"line":16,"column":20},"end":{"line":16,"column":53}},"type":"binary-expr","locations":[{"start":{"line":16,"column":20},"end":{"line":16,"column":32}},{"start":{"line":16,"column":36},"end":{"line":16,"column":53}}],"line":16},"1":{"loc":{"start":{"line":20,"column":4},"end":{"line":22,"column":5}},"type":"if","locations":[{"start":{"line":20,"column":4},"end":{"line":22,"column":5}},{"start":{},"end":{}}],"line":20},"2":{"loc":{"start":{"line":23,"column":4},"end":{"line":25,"column":5}},"type":"if","locations":[{"start":{"line":23,"column":4},"end":{"line":25,"column":5}},{"start":{},"end":{}}],"line":23},"3":{"loc":{"start":{"line":36,"column":18},"end":{"line":36,"column":46}},"type":"binary-expr","locations":[{"start":{"line":36,"column":18},"end":{"line":36,"column":33}},{"start":{"line":36,"column":37},"end":{"line":36,"column":46}}],"line":36},"4":{"loc":{"start":{"line":37,"column":22},"end":{"line":37,"column":72}},"type":"cond-expr","locations":[{"start":{"line":37,"column":56},"end":{"line":37,"column":63}},{"start":{"line":37,"column":66},"end":{"line":37,"column":72}}],"line":37},"5":{"loc":{"start":{"line":60,"column":15},"end":{"line":60,"column":48}},"type":"binary-expr","locations":[{"start":{"line":60,"column":15},"end":{"line":60,"column":27}},{"start":{"line":60,"column":31},"end":{"line":60,"column":48}}],"line":60},"6":{"loc":{"start":{"line":66,"column":4},"end":{"line":71,"column":5}},"type":"if","locations":[{"start":{"line":66,"column":4},"end":{"line":71,"column":5}},{"start":{},"end":{}}],"line":66},"7":{"loc":{"start":{"line":73,"column":4},"end":{"line":78,"column":5}},"type":"if","locations":[{"start":{"line":73,"column":4},"end":{"line":78,"column":5}},{"start":{},"end":{}}],"line":73},"8":{"loc":{"start":{"line":94,"column":20},"end":{"line":94,"column":53}},"type":"binary-expr","locations":[{"start":{"line":94,"column":20},"end":{"line":94,"column":32}},{"start":{"line":94,"column":36},"end":{"line":94,"column":53}}],"line":94},"9":{"loc":{"start":{"line":99,"column":4},"end":{"line":104,"column":5}},"type":"if","locations":[{"start":{"line":99,"column":4},"end":{"line":104,"column":5}},{"start":{},"end":{}}],"line":99},"10":{"loc":{"start":{"line":99,"column":8},"end":{"line":99,"column":55}},"type":"binary-expr","locations":[{"start":{"line":99,"column":8},"end":{"line":99,"column":19}},{"start":{"line":99,"column":23},"end":{"line":99,"column":55}}],"line":99},"11":{"loc":{"start":{"line":107,"column":4},"end":{"line":109,"column":5}},"type":"if","locations":[{"start":{"line":107,"column":4},"end":{"line":109,"column":5}},{"start":{},"end":{}}],"line":107},"12":{"loc":{"start":{"line":110,"column":4},"end":{"line":112,"column":5}},"type":"if","locations":[{"start":{"line":110,"column":4},"end":{"line":112,"column":5}},{"start":{},"end":{}}],"line":110},"13":{"loc":{"start":{"line":123,"column":50},"end":{"line":123,"column":80}},"type":"cond-expr","locations":[{"start":{"line":123,"column":75},"end":{"line":123,"column":76}},{"start":{"line":123,"column":79},"end":{"line":123,"column":80}}],"line":123},"14":{"loc":{"start":{"line":136,"column":15},"end":{"line":136,"column":48}},"type":"binary-expr","locations":[{"start":{"line":136,"column":15},"end":{"line":136,"column":27}},{"start":{"line":136,"column":31},"end":{"line":136,"column":48}}],"line":136},"15":{"loc":{"start":{"line":142,"column":4},"end":{"line":147,"column":5}},"type":"if","locations":[{"start":{"line":142,"column":4},"end":{"line":147,"column":5}},{"start":{},"end":{}}],"line":142},"16":{"loc":{"start":{"line":149,"column":4},"end":{"line":154,"column":5}},"type":"if","locations":[{"start":{"line":149,"column":4},"end":{"line":154,"column":5}},{"start":{},"end":{}}],"line":149},"17":{"loc":{"start":{"line":174,"column":20},"end":{"line":174,"column":53}},"type":"binary-expr","locations":[{"start":{"line":174,"column":20},"end":{"line":174,"column":32}},{"start":{"line":174,"column":36},"end":{"line":174,"column":53}}],"line":174},"18":{"loc":{"start":{"line":176,"column":36},"end":{"line":176,"column":46}},"type":"default-arg","locations":[{"start":{"line":176,"column":44},"end":{"line":176,"column":46}}],"line":176},"19":{"loc":{"start":{"line":179,"column":4},"end":{"line":184,"column":5}},"type":"if","locations":[{"start":{"line":179,"column":4},"end":{"line":184,"column":5}},{"start":{},"end":{}}],"line":179},"20":{"loc":{"start":{"line":179,"column":8},"end":{"line":179,"column":34}},"type":"binary-expr","locations":[{"start":{"line":179,"column":8},"end":{"line":179,"column":19}},{"start":{"line":179,"column":23},"end":{"line":179,"column":34}}],"line":179},"21":{"loc":{"start":{"line":187,"column":4},"end":{"line":192,"column":5}},"type":"if","locations":[{"start":{"line":187,"column":4},"end":{"line":192,"column":5}},{"start":{},"end":{}}],"line":187},"22":{"loc":{"start":{"line":206,"column":18},"end":{"line":206,"column":46}},"type":"binary-expr","locations":[{"start":{"line":206,"column":18},"end":{"line":206,"column":33}},{"start":{"line":206,"column":37},"end":{"line":206,"column":46}}],"line":206},"23":{"loc":{"start":{"line":230,"column":15},"end":{"line":230,"column":48}},"type":"binary-expr","locations":[{"start":{"line":230,"column":15},"end":{"line":230,"column":27}},{"start":{"line":230,"column":31},"end":{"line":230,"column":48}}],"line":230},"24":{"loc":{"start":{"line":236,"column":4},"end":{"line":241,"column":5}},"type":"if","locations":[{"start":{"line":236,"column":4},"end":{"line":241,"column":5}},{"start":{},"end":{}}],"line":236},"25":{"loc":{"start":{"line":243,"column":4},"end":{"line":248,"column":5}},"type":"if","locations":[{"start":{"line":243,"column":4},"end":{"line":248,"column":5}},{"start":{},"end":{}}],"line":243},"26":{"loc":{"start":{"line":243,"column":8},"end":{"line":243,"column":85}},"type":"binary-expr","locations":[{"start":{"line":243,"column":8},"end":{"line":243,"column":40}},{"start":{"line":243,"column":44},"end":{"line":243,"column":85}}],"line":243},"27":{"loc":{"start":{"line":265,"column":20},"end":{"line":265,"column":53}},"type":"binary-expr","locations":[{"start":{"line":265,"column":20},"end":{"line":265,"column":32}},{"start":{"line":265,"column":36},"end":{"line":265,"column":53}}],"line":265},"28":{"loc":{"start":{"line":270,"column":4},"end":{"line":275,"column":5}},"type":"if","locations":[{"start":{"line":270,"column":4},"end":{"line":275,"column":5}},{"start":{},"end":{}}],"line":270},"29":{"loc":{"start":{"line":298,"column":15},"end":{"line":298,"column":48}},"type":"binary-expr","locations":[{"start":{"line":298,"column":15},"end":{"line":298,"column":27}},{"start":{"line":298,"column":31},"end":{"line":298,"column":48}}],"line":298},"30":{"loc":{"start":{"line":305,"column":4},"end":{"line":310,"column":5}},"type":"if","locations":[{"start":{"line":305,"column":4},"end":{"line":310,"column":5}},{"start":{},"end":{}}],"line":305},"31":{"loc":{"start":{"line":312,"column":4},"end":{"line":317,"column":5}},"type":"if","locations":[{"start":{"line":312,"column":4},"end":{"line":317,"column":5}},{"start":{},"end":{}}],"line":312}},"s":{"0":2,"1":2,"2":2,"3":2,"4":6,"5":6,"6":6,"7":6,"8":1,"9":6,"10":1,"11":6,"12":3,"13":3,"14":3,"15":3,"16":3,"17":3,"18":0,"19":0,"20":0,"21":2,"22":3,"23":3,"24":3,"25":3,"26":3,"27":1,"28":2,"29":0,"30":2,"31":0,"32":2,"33":1,"34":1,"35":1,"36":1,"37":0,"38":1,"39":1,"40":0,"41":2,"42":5,"43":5,"44":5,"45":5,"46":5,"47":1,"48":4,"49":4,"50":1,"51":3,"52":1,"53":1,"54":1,"55":2,"56":2,"57":1,"58":1,"59":1,"60":0,"61":2,"62":3,"63":3,"64":3,"65":3,"66":3,"67":1,"68":2,"69":1,"70":1,"71":1,"72":1,"73":1,"74":0,"75":0,"76":0},"f":{"0":6,"1":3,"2":5,"3":3},"b":{"0":[6,0],"1":[1,5],"2":[1,5],"3":[3,0],"4":[2,1],"5":[3,0],"6":[3,0],"7":[0,0],"8":[3,0],"9":[1,2],"10":[3,3],"11":[0,2],"12":[0,2],"13":[1,0],"14":[1,0],"15":[0,1],"16":[1,0],"17":[5,0],"18":[4],"19":[1,4],"20":[5,5],"21":[1,3],"22":[1,0],"23":[2,0],"24":[1,1],"25":[1,0],"26":[1,0],"27":[3,0],"28":[1,2],"29":[1,0],"30":[1,0],"31":[0,0]},"_coverageSchema":"1a1c01bbd47fc00a2c39e90264f33305004495a9","hash":"f02c5cb23e58011a0735ed5854054a4598dd2b69"}
,"C:\\Users\\DELL\\Desktop\\Nebula-Stack\\controllers\\postConsultationController.js": {"path":"C:\\Users\\DELL\\Desktop\\Nebula-Stack\\controllers\\postConsultationController.js","statementMap":{"0":{"start":{"line":2,"column":32},"end":{"line":2,"column":78}},"1":{"start":{"line":3,"column":15},"end":{"line":3,"column":41}},"2":{"start":{"line":4,"column":23},"end":{"line":4,"column":57}},"3":{"start":{"line":15,"column":0},"end":{"line":77,"column":2}},"4":{"start":{"line":16,"column":2},"end":{"line":76,"column":3}},"5":{"start":{"line":17,"column":74},"end":{"line":17,"column":82}},"6":{"start":{"line":19,"column":4},"end":{"line":24,"column":7}},"7":{"start":{"line":27,"column":4},"end":{"line":33,"column":5}},"8":{"start":{"line":28,"column":6},"end":{"line":32,"column":9}},"9":{"start":{"line":35,"column":4},"end":{"line":41,"column":5}},"10":{"start":{"line":36,"column":6},"end":{"line":40,"column":9}},"11":{"start":{"line":43,"column":4},"end":{"line":51,"column":5}},"12":{"start":{"line":44,"column":6},"end":{"line":50,"column":9}},"13":{"start":{"line":54,"column":19},"end":{"line":58,"column":6}},"14":{"start":{"line":62,"column":6},"end":{"line":62,"column":78}},"15":{"start":{"line":64,"column":4},"end":{"line":64,"column":40}},"16":{"start":{"line":66,"column":4},"end":{"line":69,"column":7}},"17":{"start":{"line":71,"column":4},"end":{"line":75,"column":7}},"18":{"start":{"line":83,"column":0},"end":{"line":159,"column":2}},"19":{"start":{"line":84,"column":2},"end":{"line":158,"column":3}},"20":{"start":{"line":85,"column":68},"end":{"line":85,"column":76}},"21":{"start":{"line":87,"column":4},"end":{"line":92,"column":7}},"22":{"start":{"line":95,"column":4},"end":{"line":111,"column":5}},"23":{"start":{"line":96,"column":6},"end":{"line":110,"column":9}},"24":{"start":{"line":109,"column":22},"end":{"line":109,"column":32}},"25":{"start":{"line":114,"column":43},"end":{"line":114,"column":96}},"26":{"start":{"line":116,"column":18},"end":{"line":123,"column":5}},"27":{"start":{"line":125,"column":4},"end":{"line":138,"column":7}},"28":{"start":{"line":140,"column":4},"end":{"line":144,"column":7}},"29":{"start":{"line":146,"column":4},"end":{"line":151,"column":5}},"30":{"start":{"line":147,"column":6},"end":{"line":150,"column":9}},"31":{"start":{"line":153,"column":4},"end":{"line":157,"column":7}},"32":{"start":{"line":165,"column":0},"end":{"line":207,"column":2}},"33":{"start":{"line":166,"column":2},"end":{"line":206,"column":3}},"34":{"start":{"line":167,"column":24},"end":{"line":167,"column":34}},"35":{"start":{"line":169,"column":4},"end":{"line":172,"column":7}},"36":{"start":{"line":175,"column":20},"end":{"line":175,"column":48}},"37":{"start":{"line":176,"column":20},"end":{"line":178,"column":6}},"38":{"start":{"line":180,"column":4},"end":{"line":185,"column":5}},"39":{"start":{"line":181,"column":6},"end":{"line":184,"column":9}},"40":{"start":{"line":188,"column":20},"end":{"line":188,"column":86}},"41":{"start":{"line":190,"column":4},"end":{"line":193,"column":7}},"42":{"start":{"line":195,"column":4},"end":{"line":199,"column":7}},"43":{"start":{"line":201,"column":4},"end":{"line":205,"column":7}},"44":{"start":{"line":213,"column":0},"end":{"line":248,"column":2}},"45":{"start":{"line":214,"column":2},"end":{"line":247,"column":3}},"46":{"start":{"line":215,"column":26},"end":{"line":215,"column":36}},"47":{"start":{"line":217,"column":4},"end":{"line":220,"column":7}},"48":{"start":{"line":222,"column":20},"end":{"line":222,"column":78}},"49":{"start":{"line":224,"column":4},"end":{"line":227,"column":7}},"50":{"start":{"line":229,"column":4},"end":{"line":233,"column":7}},"51":{"start":{"line":235,"column":4},"end":{"line":240,"column":5}},"52":{"start":{"line":236,"column":6},"end":{"line":239,"column":9}},"53":{"start":{"line":242,"column":4},"end":{"line":246,"column":7}},"54":{"start":{"line":254,"column":0},"end":{"line":310,"column":2}},"55":{"start":{"line":255,"column":2},"end":{"line":309,"column":3}},"56":{"start":{"line":256,"column":30},"end":{"line":256,"column":40}},"57":{"start":{"line":258,"column":4},"end":{"line":261,"column":7}},"58":{"start":{"line":264,"column":20},"end":{"line":264,"column":48}},"59":{"start":{"line":265,"column":20},"end":{"line":267,"column":6}},"60":{"start":{"line":269,"column":4},"end":{"line":274,"column":5}},"61":{"start":{"line":270,"column":6},"end":{"line":273,"column":9}},"62":{"start":{"line":277,"column":22},"end":{"line":280,"column":5}},"63":{"start":{"line":282,"column":4},"end":{"line":289,"column":7}},"64":{"start":{"line":291,"column":4},"end":{"line":295,"column":7}},"65":{"start":{"line":297,"column":4},"end":{"line":302,"column":5}},"66":{"start":{"line":298,"column":6},"end":{"line":301,"column":9}},"67":{"start":{"line":304,"column":4},"end":{"line":308,"column":7}}},"fnMap":{"0":{"name":"(anonymous_0)","decl":{"start":{"line":15,"column":34},"end":{"line":15,"column":35}},"loc":{"start":{"line":15,"column":54},"end":{"line":77,"column":1}},"line":15},"1":{"name":"(anonymous_1)","decl":{"start":{"line":83,"column":32},"end":{"line":83,"column":33}},"loc":{"start":{"line":83,"column":52},"end":{"line":159,"column":1}},"line":83},"2":{"name":"(anonymous_2)","decl":{"start":{"line":109,"column":17},"end":{"line":109,"column":18}},"loc":{"start":{"line":109,"column":22},"end":{"line":109,"column":32}},"line":109},"3":{"name":"(anonymous_3)","decl":{"start":{"line":165,"column":26},"end":{"line":165,"column":27}},"loc":{"start":{"line":165,"column":46},"end":{"line":207,"column":1}},"line":165},"4":{"name":"(anonymous_4)","decl":{"start":{"line":213,"column":28},"end":{"line":213,"column":29}},"loc":{"start":{"line":213,"column":48},"end":{"line":248,"column":1}},"line":213},"5":{"name":"(anonymous_5)","decl":{"start":{"line":254,"column":28},"end":{"line":254,"column":29}},"loc":{"start":{"line":254,"column":48},"end":{"line":310,"column":1}},"line":254}},"branchMap":{"0":{"loc":{"start":{"line":22,"column":22},"end":{"line":22,"column":57}},"type":"binary-expr","locations":[{"start":{"line":22,"column":22},"end":{"line":22,"column":52}},{"start":{"line":22,"column":56},"end":{"line":22,"column":57}}],"line":22},"1":{"loc":{"start":{"line":27,"column":4},"end":{"line":33,"column":5}},"type":"if","locations":[{"start":{"line":27,"column":4},"end":{"line":33,"column":5}},{"start":{},"end":{}}],"line":27},"2":{"loc":{"start":{"line":35,"column":4},"end":{"line":41,"column":5}},"type":"if","locations":[{"start":{"line":35,"column":4},"end":{"line":41,"column":5}},{"start":{},"end":{}}],"line":35},"3":{"loc":{"start":{"line":43,"column":4},"end":{"line":51,"column":5}},"type":"if","locations":[{"start":{"line":43,"column":4},"end":{"line":51,"column":5}},{"start":{},"end":{}}],"line":43},"4":{"loc":{"start":{"line":62,"column":6},"end":{"line":62,"column":78}},"type":"cond-expr","locations":[{"start":{"line":62,"column":46},"end":{"line":62,"column":49}},{"start":{"line":62,"column":52},"end":{"line":62,"column":78}}],"line":62},"5":{"loc":{"start":{"line":62,"column":52},"end":{"line":62,"column":78}},"type":"cond-expr","locations":[{"start":{"line":62,"column":69},"end":{"line":62,"column":72}},{"start":{"line":62,"column":75},"end":{"line":62,"column":78}}],"line":62},"6":{"loc":{"start":{"line":74,"column":13},"end":{"line":74,"column":79}},"type":"cond-expr","locations":[{"start":{"line":74,"column":54},"end":{"line":74,"column":67}},{"start":{"line":74,"column":70},"end":{"line":74,"column":79}}],"line":74},"7":{"loc":{"start":{"line":95,"column":4},"end":{"line":111,"column":5}},"type":"if","locations":[{"start":{"line":95,"column":4},"end":{"line":111,"column":5}},{"start":{},"end":{}}],"line":95},"8":{"loc":{"start":{"line":95,"column":8},"end":{"line":95,"column":56}},"type":"binary-expr","locations":[{"start":{"line":95,"column":8},"end":{"line":95,"column":24}},{"start":{"line":95,"column":28},"end":{"line":95,"column":41}},{"start":{"line":95,"column":45},"end":{"line":95,"column":56}}],"line":95},"9":{"loc":{"start":{"line":100,"column":10},"end":{"line":102,"column":62}},"type":"cond-expr","locations":[{"start":{"line":101,"column":14},"end":{"line":101,"column":18}},{"start":{"line":102,"column":14},"end":{"line":102,"column":62}}],"line":100},"10":{"loc":{"start":{"line":103,"column":10},"end":{"line":105,"column":59}},"type":"cond-expr","locations":[{"start":{"line":104,"column":14},"end":{"line":104,"column":18}},{"start":{"line":105,"column":14},"end":{"line":105,"column":59}}],"line":103},"11":{"loc":{"start":{"line":103,"column":10},"end":{"line":103,"column":30}},"type":"binary-expr","locations":[{"start":{"line":103,"column":10},"end":{"line":103,"column":22}},{"start":{"line":103,"column":26},"end":{"line":103,"column":30}}],"line":103},"12":{"loc":{"start":{"line":106,"column":10},"end":{"line":108,"column":57}},"type":"cond-expr","locations":[{"start":{"line":107,"column":14},"end":{"line":107,"column":18}},{"start":{"line":108,"column":14},"end":{"line":108,"column":57}}],"line":106},"13":{"loc":{"start":{"line":106,"column":10},"end":{"line":106,"column":28}},"type":"binary-expr","locations":[{"start":{"line":106,"column":10},"end":{"line":106,"column":20}},{"start":{"line":106,"column":24},"end":{"line":106,"column":28}}],"line":106},"14":{"loc":{"start":{"line":120,"column":18},"end":{"line":120,"column":38}},"type":"binary-expr","locations":[{"start":{"line":120,"column":18},"end":{"line":120,"column":26}},{"start":{"line":120,"column":30},"end":{"line":120,"column":38}}],"line":120},"15":{"loc":{"start":{"line":146,"column":4},"end":{"line":151,"column":5}},"type":"if","locations":[{"start":{"line":146,"column":4},"end":{"line":151,"column":5}},{"start":{},"end":{}}],"line":146},"16":{"loc":{"start":{"line":156,"column":13},"end":{"line":156,"column":79}},"type":"cond-expr","locations":[{"start":{"line":156,"column":54},"end":{"line":156,"column":67}},{"start":{"line":156,"column":70},"end":{"line":156,"column":79}}],"line":156},"17":{"loc":{"start":{"line":180,"column":4},"end":{"line":185,"column":5}},"type":"if","locations":[{"start":{"line":180,"column":4},"end":{"line":185,"column":5}},{"start":{},"end":{}}],"line":180},"18":{"loc":{"start":{"line":204,"column":13},"end":{"line":204,"column":79}},"type":"cond-expr","locations":[{"start":{"line":204,"column":54},"end":{"line":204,"column":67}},{"start":{"line":204,"column":70},"end":{"line":204,"column":79}}],"line":204},"19":{"loc":{"start":{"line":235,"column":4},"end":{"line":240,"column":5}},"type":"if","locations":[{"start":{"line":235,"column":4},"end":{"line":240,"column":5}},{"start":{},"end":{}}],"line":235},"20":{"loc":{"start":{"line":245,"column":13},"end":{"line":245,"column":79}},"type":"cond-expr","locations":[{"start":{"line":245,"column":54},"end":{"line":245,"column":67}},{"start":{"line":245,"column":70},"end":{"line":245,"column":79}}],"line":245},"21":{"loc":{"start":{"line":269,"column":4},"end":{"line":274,"column":5}},"type":"if","locations":[{"start":{"line":269,"column":4},"end":{"line":274,"column":5}},{"start":{},"end":{}}],"line":269},"22":{"loc":{"start":{"line":297,"column":4},"end":{"line":302,"column":5}},"type":"if","locations":[{"start":{"line":297,"column":4},"end":{"line":302,"column":5}},{"start":{},"end":{}}],"line":297},"23":{"loc":{"start":{"line":307,"column":13},"end":{"line":307,"column":79}},"type":"cond-expr","locations":[{"start":{"line":307,"column":54},"end":{"line":307,"column":67}},{"start":{"line":307,"column":70},"end":{"line":307,"column":79}}],"line":307}},"s":{"0":1,"1":1,"2":1,"3":1,"4":7,"5":7,"6":7,"7":7,"8":1,"9":6,"10":1,"11":5,"12":1,"13":4,"14":3,"15":3,"16":1,"17":1,"18":1,"19":0,"20":0,"21":0,"22":0,"23":0,"24":0,"25":0,"26":0,"27":0,"28":0,"29":0,"30":0,"31":0,"32":1,"33":2,"34":2,"35":2,"36":2,"37":2,"38":2,"39":1,"40":1,"41":1,"42":0,"43":0,"44":1,"45":2,"46":2,"47":2,"48":2,"49":1,"50":1,"51":1,"52":1,"53":0,"54":1,"55":3,"56":3,"57":3,"58":3,"59":3,"60":3,"61":1,"62":2,"63":2,"64":0,"65":0,"66":0,"67":0},"f":{"0":7,"1":0,"2":0,"3":2,"4":2,"5":3},"b":{"0":[7,1],"1":[1,6],"2":[1,5],"3":[1,4],"4":[1,2],"5":[2,0],"6":[0,1],"7":[0,0],"8":[0,0,0],"9":[0,0],"10":[0,0],"11":[0,0],"12":[0,0],"13":[0,0],"14":[0,0],"15":[0,0],"16":[0,0],"17":[1,1],"18":[0,0],"19":[1,0],"20":[0,0],"21":[1,2],"22":[0,0],"23":[0,0]},"_coverageSchema":"1a1c01bbd47fc00a2c39e90264f33305004495a9","hash":"1a39a1693a68be8632934ffdcdc49fb08466ec16"}
,"C:\\Users\\DELL\\Desktop\\Nebula-Stack\\controllers\\queueController.js": {"path":"C:\\Users\\DELL\\Desktop\\Nebula-Stack\\controllers\\queueController.js","statementMap":{"0":{"start":{"line":2,"column":21},"end":{"line":2,"column":56}},"1":{"start":{"line":3,"column":15},"end":{"line":3,"column":41}},"2":{"start":{"line":4,"column":23},"end":{"line":4,"column":57}},"3":{"start":{"line":11,"column":0},"end":{"line":63,"column":2}},"4":{"start":{"line":12,"column":2},"end":{"line":62,"column":3}},"5":{"start":{"line":13,"column":27},"end":{"line":13,"column":37}},"6":{"start":{"line":16,"column":4},"end":{"line":21,"column":5}},"7":{"start":{"line":17,"column":6},"end":{"line":20,"column":9}},"8":{"start":{"line":23,"column":18},"end":{"line":23,"column":61}},"9":{"start":{"line":26,"column":4},"end":{"line":35,"column":7}},"10":{"start":{"line":37,"column":4},"end":{"line":40,"column":7}},"11":{"start":{"line":43,"column":4},"end":{"line":48,"column":7}},"12":{"start":{"line":51,"column":4},"end":{"line":56,"column":5}},"13":{"start":{"line":52,"column":6},"end":{"line":55,"column":9}},"14":{"start":{"line":58,"column":4},"end":{"line":61,"column":7}},"15":{"start":{"line":70,"column":0},"end":{"line":105,"column":2}},"16":{"start":{"line":71,"column":2},"end":{"line":104,"column":3}},"17":{"start":{"line":72,"column":27},"end":{"line":72,"column":37}},"18":{"start":{"line":74,"column":4},"end":{"line":79,"column":5}},"19":{"start":{"line":75,"column":6},"end":{"line":78,"column":9}},"20":{"start":{"line":81,"column":18},"end":{"line":81,"column":62}},"21":{"start":{"line":83,"column":4},"end":{"line":87,"column":7}},"22":{"start":{"line":89,"column":4},"end":{"line":92,"column":7}},"23":{"start":{"line":95,"column":4},"end":{"line":98,"column":7}},"24":{"start":{"line":100,"column":4},"end":{"line":103,"column":7}},"25":{"start":{"line":112,"column":0},"end":{"line":150,"column":2}},"26":{"start":{"line":113,"column":2},"end":{"line":149,"column":3}},"27":{"start":{"line":114,"column":40},"end":{"line":114,"column":48}},"28":{"start":{"line":116,"column":4},"end":{"line":121,"column":5}},"29":{"start":{"line":117,"column":6},"end":{"line":120,"column":9}},"30":{"start":{"line":123,"column":19},"end":{"line":123,"column":105}},"31":{"start":{"line":125,"column":4},"end":{"line":131,"column":7}},"32":{"start":{"line":133,"column":4},"end":{"line":136,"column":7}},"33":{"start":{"line":138,"column":4},"end":{"line":143,"column":7}},"34":{"start":{"line":145,"column":4},"end":{"line":148,"column":7}},"35":{"start":{"line":157,"column":0},"end":{"line":314,"column":2}},"36":{"start":{"line":158,"column":2},"end":{"line":313,"column":3}},"37":{"start":{"line":159,"column":97},"end":{"line":159,"column":105}},"38":{"start":{"line":160,"column":20},"end":{"line":160,"column":37}},"39":{"start":{"line":163,"column":4},"end":{"line":168,"column":5}},"40":{"start":{"line":164,"column":6},"end":{"line":167,"column":9}},"41":{"start":{"line":171,"column":25},"end":{"line":171,"column":61}},"42":{"start":{"line":172,"column":4},"end":{"line":177,"column":5}},"43":{"start":{"line":173,"column":6},"end":{"line":176,"column":9}},"44":{"start":{"line":180,"column":4},"end":{"line":185,"column":5}},"45":{"start":{"line":181,"column":6},"end":{"line":184,"column":9}},"46":{"start":{"line":189,"column":4},"end":{"line":270,"column":5}},"47":{"start":{"line":192,"column":8},"end":{"line":197,"column":9}},"48":{"start":{"line":193,"column":10},"end":{"line":196,"column":13}},"49":{"start":{"line":199,"column":8},"end":{"line":199,"column":91}},"50":{"start":{"line":202,"column":8},"end":{"line":202,"column":84}},"51":{"start":{"line":204,"column":8},"end":{"line":210,"column":11}},"52":{"start":{"line":212,"column":8},"end":{"line":212,"column":14}},"53":{"start":{"line":217,"column":8},"end":{"line":222,"column":9}},"54":{"start":{"line":218,"column":10},"end":{"line":221,"column":13}},"55":{"start":{"line":224,"column":30},"end":{"line":224,"column":55}},"56":{"start":{"line":225,"column":8},"end":{"line":230,"column":9}},"57":{"start":{"line":226,"column":10},"end":{"line":229,"column":13}},"58":{"start":{"line":232,"column":8},"end":{"line":239,"column":10}},"59":{"start":{"line":242,"column":8},"end":{"line":242,"column":95}},"60":{"start":{"line":244,"column":8},"end":{"line":250,"column":11}},"61":{"start":{"line":252,"column":8},"end":{"line":252,"column":14}},"62":{"start":{"line":256,"column":8},"end":{"line":256,"column":89}},"63":{"start":{"line":259,"column":8},"end":{"line":259,"column":80}},"64":{"start":{"line":261,"column":8},"end":{"line":266,"column":11}},"65":{"start":{"line":268,"column":8},"end":{"line":268,"column":14}},"66":{"start":{"line":272,"column":23},"end":{"line":276,"column":5}},"67":{"start":{"line":278,"column":4},"end":{"line":282,"column":7}},"68":{"start":{"line":285,"column":4},"end":{"line":292,"column":7}},"69":{"start":{"line":295,"column":4},"end":{"line":300,"column":5}},"70":{"start":{"line":296,"column":6},"end":{"line":299,"column":9}},"71":{"start":{"line":302,"column":4},"end":{"line":307,"column":5}},"72":{"start":{"line":303,"column":6},"end":{"line":306,"column":9}},"73":{"start":{"line":309,"column":4},"end":{"line":312,"column":7}},"74":{"start":{"line":321,"column":0},"end":{"line":379,"column":2}},"75":{"start":{"line":322,"column":2},"end":{"line":378,"column":3}},"76":{"start":{"line":323,"column":24},"end":{"line":323,"column":34}},"77":{"start":{"line":324,"column":27},"end":{"line":324,"column":36}},"78":{"start":{"line":326,"column":4},"end":{"line":331,"column":5}},"79":{"start":{"line":327,"column":6},"end":{"line":330,"column":9}},"80":{"start":{"line":334,"column":4},"end":{"line":339,"column":5}},"81":{"start":{"line":335,"column":6},"end":{"line":338,"column":9}},"82":{"start":{"line":341,"column":25},"end":{"line":341,"column":85}},"83":{"start":{"line":343,"column":4},"end":{"line":349,"column":7}},"84":{"start":{"line":351,"column":4},"end":{"line":358,"column":7}},"85":{"start":{"line":361,"column":4},"end":{"line":365,"column":7}},"86":{"start":{"line":367,"column":4},"end":{"line":372,"column":5}},"87":{"start":{"line":368,"column":6},"end":{"line":371,"column":9}},"88":{"start":{"line":374,"column":4},"end":{"line":377,"column":7}}},"fnMap":{"0":{"name":"(anonymous_0)","decl":{"start":{"line":11,"column":33},"end":{"line":11,"column":34}},"loc":{"start":{"line":11,"column":53},"end":{"line":63,"column":1}},"line":11},"1":{"name":"(anonymous_1)","decl":{"start":{"line":70,"column":34},"end":{"line":70,"column":35}},"loc":{"start":{"line":70,"column":54},"end":{"line":105,"column":1}},"line":70},"2":{"name":"(anonymous_2)","decl":{"start":{"line":112,"column":21},"end":{"line":112,"column":22}},"loc":{"start":{"line":112,"column":41},"end":{"line":150,"column":1}},"line":112},"3":{"name":"(anonymous_3)","decl":{"start":{"line":157,"column":28},"end":{"line":157,"column":29}},"loc":{"start":{"line":157,"column":48},"end":{"line":314,"column":1}},"line":157},"4":{"name":"(anonymous_4)","decl":{"start":{"line":321,"column":31},"end":{"line":321,"column":32}},"loc":{"start":{"line":321,"column":51},"end":{"line":379,"column":1}},"line":321}},"branchMap":{"0":{"loc":{"start":{"line":16,"column":4},"end":{"line":21,"column":5}},"type":"if","locations":[{"start":{"line":16,"column":4},"end":{"line":21,"column":5}},{"start":{},"end":{}}],"line":16},"1":{"loc":{"start":{"line":16,"column":8},"end":{"line":16,"column":55}},"type":"binary-expr","locations":[{"start":{"line":16,"column":8},"end":{"line":16,"column":19}},{"start":{"line":16,"column":23},"end":{"line":16,"column":55}}],"line":16},"2":{"loc":{"start":{"line":28,"column":15},"end":{"line":28,"column":45}},"type":"binary-expr","locations":[{"start":{"line":28,"column":15},"end":{"line":28,"column":32}},{"start":{"line":28,"column":36},"end":{"line":28,"column":45}}],"line":28},"3":{"loc":{"start":{"line":29,"column":12},"end":{"line":29,"column":45}},"type":"binary-expr","locations":[{"start":{"line":29,"column":12},"end":{"line":29,"column":32}},{"start":{"line":29,"column":36},"end":{"line":29,"column":45}}],"line":29},"4":{"loc":{"start":{"line":31,"column":20},"end":{"line":31,"column":53}},"type":"binary-expr","locations":[{"start":{"line":31,"column":20},"end":{"line":31,"column":45}},{"start":{"line":31,"column":49},"end":{"line":31,"column":53}}],"line":31},"5":{"loc":{"start":{"line":33,"column":41},"end":{"line":33,"column":67}},"type":"cond-expr","locations":[{"start":{"line":33,"column":62},"end":{"line":33,"column":63}},{"start":{"line":33,"column":66},"end":{"line":33,"column":67}}],"line":33},"6":{"loc":{"start":{"line":51,"column":4},"end":{"line":56,"column":5}},"type":"if","locations":[{"start":{"line":51,"column":4},"end":{"line":56,"column":5}},{"start":{},"end":{}}],"line":51},"7":{"loc":{"start":{"line":74,"column":4},"end":{"line":79,"column":5}},"type":"if","locations":[{"start":{"line":74,"column":4},"end":{"line":79,"column":5}},{"start":{},"end":{}}],"line":74},"8":{"loc":{"start":{"line":74,"column":8},"end":{"line":74,"column":55}},"type":"binary-expr","locations":[{"start":{"line":74,"column":8},"end":{"line":74,"column":19}},{"start":{"line":74,"column":23},"end":{"line":74,"column":55}}],"line":74},"9":{"loc":{"start":{"line":116,"column":4},"end":{"line":121,"column":5}},"type":"if","locations":[{"start":{"line":116,"column":4},"end":{"line":121,"column":5}},{"start":{},"end":{}}],"line":116},"10":{"loc":{"start":{"line":116,"column":8},"end":{"line":116,"column":28}},"type":"binary-expr","locations":[{"start":{"line":116,"column":8},"end":{"line":116,"column":16}},{"start":{"line":116,"column":20},"end":{"line":116,"column":28}}],"line":116},"11":{"loc":{"start":{"line":127,"column":16},"end":{"line":127,"column":44}},"type":"binary-expr","locations":[{"start":{"line":127,"column":16},"end":{"line":127,"column":33}},{"start":{"line":127,"column":37},"end":{"line":127,"column":44}}],"line":127},"12":{"loc":{"start":{"line":128,"column":18},"end":{"line":128,"column":49}},"type":"binary-expr","locations":[{"start":{"line":128,"column":18},"end":{"line":128,"column":36}},{"start":{"line":128,"column":40},"end":{"line":128,"column":49}}],"line":128},"13":{"loc":{"start":{"line":129,"column":23},"end":{"line":129,"column":51}},"type":"binary-expr","locations":[{"start":{"line":129,"column":23},"end":{"line":129,"column":43}},{"start":{"line":129,"column":47},"end":{"line":129,"column":51}}],"line":129},"14":{"loc":{"start":{"line":163,"column":4},"end":{"line":168,"column":5}},"type":"if","locations":[{"start":{"line":163,"column":4},"end":{"line":168,"column":5}},{"start":{},"end":{}}],"line":163},"15":{"loc":{"start":{"line":163,"column":8},"end":{"line":163,"column":42}},"type":"binary-expr","locations":[{"start":{"line":163,"column":8},"end":{"line":163,"column":15}},{"start":{"line":163,"column":19},"end":{"line":163,"column":27}},{"start":{"line":163,"column":31},"end":{"line":163,"column":42}}],"line":163},"16":{"loc":{"start":{"line":172,"column":4},"end":{"line":177,"column":5}},"type":"if","locations":[{"start":{"line":172,"column":4},"end":{"line":177,"column":5}},{"start":{},"end":{}}],"line":172},"17":{"loc":{"start":{"line":180,"column":4},"end":{"line":185,"column":5}},"type":"if","locations":[{"start":{"line":180,"column":4},"end":{"line":185,"column":5}},{"start":{},"end":{}}],"line":180},"18":{"loc":{"start":{"line":189,"column":4},"end":{"line":270,"column":5}},"type":"switch","locations":[{"start":{"line":190,"column":6},"end":{"line":213,"column":7}},{"start":{"line":215,"column":6},"end":{"line":253,"column":7}},{"start":{"line":255,"column":6},"end":{"line":269,"column":7}}],"line":189},"19":{"loc":{"start":{"line":192,"column":8},"end":{"line":197,"column":9}},"type":"if","locations":[{"start":{"line":192,"column":8},"end":{"line":197,"column":9}},{"start":{},"end":{}}],"line":192},"20":{"loc":{"start":{"line":217,"column":8},"end":{"line":222,"column":9}},"type":"if","locations":[{"start":{"line":217,"column":8},"end":{"line":222,"column":9}},{"start":{},"end":{}}],"line":217},"21":{"loc":{"start":{"line":225,"column":8},"end":{"line":230,"column":9}},"type":"if","locations":[{"start":{"line":225,"column":8},"end":{"line":230,"column":9}},{"start":{},"end":{}}],"line":225},"22":{"loc":{"start":{"line":237,"column":10},"end":{"line":237,"column":41}},"type":"binary-expr","locations":[{"start":{"line":237,"column":10},"end":{"line":237,"column":16}},{"start":{"line":237,"column":20},"end":{"line":237,"column":41}}],"line":237},"23":{"loc":{"start":{"line":280,"column":24},"end":{"line":280,"column":52}},"type":"binary-expr","locations":[{"start":{"line":280,"column":24},"end":{"line":280,"column":42}},{"start":{"line":280,"column":46},"end":{"line":280,"column":52}}],"line":280},"24":{"loc":{"start":{"line":295,"column":4},"end":{"line":300,"column":5}},"type":"if","locations":[{"start":{"line":295,"column":4},"end":{"line":300,"column":5}},{"start":{},"end":{}}],"line":295},"25":{"loc":{"start":{"line":302,"column":4},"end":{"line":307,"column":5}},"type":"if","locations":[{"start":{"line":302,"column":4},"end":{"line":307,"column":5}},{"start":{},"end":{}}],"line":302},"26":{"loc":{"start":{"line":302,"column":8},"end":{"line":302,"column":115}},"type":"binary-expr","locations":[{"start":{"line":302,"column":8},"end":{"line":302,"column":42}},{"start":{"line":302,"column":46},"end":{"line":302,"column":79}},{"start":{"line":302,"column":83},"end":{"line":302,"column":115}}],"line":302},"27":{"loc":{"start":{"line":326,"column":4},"end":{"line":331,"column":5}},"type":"if","locations":[{"start":{"line":326,"column":4},"end":{"line":331,"column":5}},{"start":{},"end":{}}],"line":326},"28":{"loc":{"start":{"line":326,"column":8},"end":{"line":326,"column":31}},"type":"binary-expr","locations":[{"start":{"line":326,"column":8},"end":{"line":326,"column":16}},{"start":{"line":326,"column":20},"end":{"line":326,"column":31}}],"line":326},"29":{"loc":{"start":{"line":334,"column":4},"end":{"line":339,"column":5}},"type":"if","locations":[{"start":{"line":334,"column":4},"end":{"line":339,"column":5}},{"start":{},"end":{}}],"line":334},"30":{"loc":{"start":{"line":367,"column":4},"end":{"line":372,"column":5}},"type":"if","locations":[{"start":{"line":367,"column":4},"end":{"line":372,"column":5}},{"start":{},"end":{}}],"line":367}},"s":{"0":1,"1":1,"2":1,"3":1,"4":0,"5":0,"6":0,"7":0,"8":0,"9":0,"10":0,"11":0,"12":0,"13":0,"14":0,"15":1,"16":0,"17":0,"18":0,"19":0,"20":0,"21":0,"22":0,"23":0,"24":0,"25":1,"26":0,"27":0,"28":0,"29":0,"30":0,"31":0,"32":0,"33":0,"34":0,"35":1,"36":8,"37":8,"38":8,"39":8,"40":1,"41":7,"42":7,"43":1,"44":6,"45":1,"46":5,"47":2,"48":1,"49":1,"50":1,"51":1,"52":1,"53":2,"54":0,"55":2,"56":2,"57":1,"58":1,"59":1,"60":1,"61":1,"62":1,"63":1,"64":1,"65":1,"66":3,"67":3,"68":0,"69":0,"70":0,"71":0,"72":0,"73":0,"74":1,"75":0,"76":0,"77":0,"78":0,"79":0,"80":0,"81":0,"82":0,"83":0,"84":0,"85":0,"86":0,"87":0,"88":0},"f":{"0":0,"1":0,"2":0,"3":8,"4":0},"b":{"0":[0,0],"1":[0,0],"2":[0,0],"3":[0,0],"4":[0,0],"5":[0,0],"6":[0,0],"7":[0,0],"8":[0,0],"9":[0,0],"10":[0,0],"11":[0,0],"12":[0,0],"13":[0,0],"14":[1,7],"15":[8,8,7],"16":[1,6],"17":[1,5],"18":[2,2,1],"19":[1,1],"20":[0,2],"21":[1,1],"22":[1,0],"23":[3,0],"24":[0,0],"25":[0,0],"26":[0,0,0],"27":[0,0],"28":[0,0],"29":[0,0],"30":[0,0]},"_coverageSchema":"1a1c01bbd47fc00a2c39e90264f33305004495a9","hash":"ce3f28d0bbd11bb38dc972af3215d51fd85cc426"}
,"C:\\Users\\DELL\\Desktop\\Nebula-Stack\\controllers\\staffController.js": {"path":"C:\\Users\\DELL\\Desktop\\Nebula-Stack\\controllers\\staffController.js","statementMap":{"0":{"start":{"line":1,"column":12},"end":{"line":1,"column":35}},"1":{"start":{"line":2,"column":15},"end":{"line":2,"column":32}},"2":{"start":{"line":3,"column":25},"end":{"line":3,"column":64}},"3":{"start":{"line":4,"column":14},"end":{"line":4,"column":40}},"4":{"start":{"line":5,"column":15},"end":{"line":5,"column":41}},"5":{"start":{"line":7,"column":19},"end":{"line":7,"column":61}},"6":{"start":{"line":8,"column":23},"end":{"line":8,"column":27}},"7":{"start":{"line":10,"column":0},"end":{"line":49,"column":2}},"8":{"start":{"line":11,"column":30},"end":{"line":11,"column":38}},"9":{"start":{"line":12,"column":2},"end":{"line":14,"column":3}},"10":{"start":{"line":13,"column":4},"end":{"line":13,"column":96}},"11":{"start":{"line":16,"column":2},"end":{"line":48,"column":3}},"12":{"start":{"line":17,"column":18},"end":{"line":17,"column":83}},"13":{"start":{"line":18,"column":4},"end":{"line":20,"column":5}},"14":{"start":{"line":19,"column":6},"end":{"line":19,"column":86}},"15":{"start":{"line":22,"column":20},"end":{"line":22,"column":70}},"16":{"start":{"line":23,"column":4},"end":{"line":25,"column":5}},"17":{"start":{"line":24,"column":6},"end":{"line":24,"column":86}},"18":{"start":{"line":27,"column":4},"end":{"line":29,"column":5}},"19":{"start":{"line":28,"column":6},"end":{"line":28,"column":83}},"20":{"start":{"line":32,"column":20},"end":{"line":38,"column":5}},"21":{"start":{"line":40,"column":18},"end":{"line":40,"column":78}},"22":{"start":{"line":42,"column":4},"end":{"line":42,"column":78}},"23":{"start":{"line":44,"column":4},"end":{"line":44,"column":39}},"24":{"start":{"line":46,"column":4},"end":{"line":46,"column":56}},"25":{"start":{"line":47,"column":4},"end":{"line":47,"column":70}},"26":{"start":{"line":51,"column":0},"end":{"line":54,"column":2}},"27":{"start":{"line":52,"column":2},"end":{"line":52,"column":74}},"28":{"start":{"line":53,"column":2},"end":{"line":53,"column":30}},"29":{"start":{"line":56,"column":0},"end":{"line":58,"column":2}},"30":{"start":{"line":57,"column":2},"end":{"line":57,"column":46}}},"fnMap":{"0":{"name":"(anonymous_0)","decl":{"start":{"line":10,"column":16},"end":{"line":10,"column":17}},"loc":{"start":{"line":10,"column":36},"end":{"line":49,"column":1}},"line":10},"1":{"name":"(anonymous_1)","decl":{"start":{"line":51,"column":17},"end":{"line":51,"column":18}},"loc":{"start":{"line":51,"column":37},"end":{"line":54,"column":1}},"line":51},"2":{"name":"(anonymous_2)","decl":{"start":{"line":56,"column":26},"end":{"line":56,"column":27}},"loc":{"start":{"line":56,"column":40},"end":{"line":58,"column":1}},"line":56}},"branchMap":{"0":{"loc":{"start":{"line":7,"column":19},"end":{"line":7,"column":61}},"type":"binary-expr","locations":[{"start":{"line":7,"column":19},"end":{"line":7,"column":41}},{"start":{"line":7,"column":45},"end":{"line":7,"column":61}}],"line":7},"1":{"loc":{"start":{"line":12,"column":2},"end":{"line":14,"column":3}},"type":"if","locations":[{"start":{"line":12,"column":2},"end":{"line":14,"column":3}},{"start":{},"end":{}}],"line":12},"2":{"loc":{"start":{"line":12,"column":6},"end":{"line":12,"column":25}},"type":"binary-expr","locations":[{"start":{"line":12,"column":6},"end":{"line":12,"column":12}},{"start":{"line":12,"column":16},"end":{"line":12,"column":25}}],"line":12},"3":{"loc":{"start":{"line":18,"column":4},"end":{"line":20,"column":5}},"type":"if","locations":[{"start":{"line":18,"column":4},"end":{"line":20,"column":5}},{"start":{},"end":{}}],"line":18},"4":{"loc":{"start":{"line":23,"column":4},"end":{"line":25,"column":5}},"type":"if","locations":[{"start":{"line":23,"column":4},"end":{"line":25,"column":5}},{"start":{},"end":{}}],"line":23},"5":{"loc":{"start":{"line":27,"column":4},"end":{"line":29,"column":5}},"type":"if","locations":[{"start":{"line":27,"column":4},"end":{"line":29,"column":5}},{"start":{},"end":{}}],"line":27},"6":{"loc":{"start":{"line":35,"column":12},"end":{"line":35,"column":60}},"type":"binary-expr","locations":[{"start":{"line":35,"column":12},"end":{"line":35,"column":22}},{"start":{"line":35,"column":26},"end":{"line":35,"column":60}}],"line":35},"7":{"loc":{"start":{"line":36,"column":18},"end":{"line":36,"column":52}},"type":"binary-expr","locations":[{"start":{"line":36,"column":18},"end":{"line":36,"column":34}},{"start":{"line":36,"column":38},"end":{"line":36,"column":52}}],"line":36}},"s":{"0":2,"1":2,"2":2,"3":2,"4":2,"5":2,"6":2,"7":2,"8":1,"9":1,"10":0,"11":1,"12":1,"13":0,"14":0,"15":0,"16":0,"17":0,"18":0,"19":0,"20":0,"21":0,"22":0,"23":0,"24":0,"25":0,"26":2,"27":0,"28":0,"29":2,"30":0},"f":{"0":1,"1":0,"2":0},"b":{"0":[2,2],"1":[0,1],"2":[1,1],"3":[0,0],"4":[0,0],"5":[0,0],"6":[0,0],"7":[0,0]},"_coverageSchema":"1a1c01bbd47fc00a2c39e90264f33305004495a9","hash":"ba974848e42f8b91ea17df79788d45e80b53952a"}
,"C:\\Users\\DELL\\Desktop\\Nebula-Stack\\controllers\\staffStatusController.js": {"path":"C:\\Users\\DELL\\Desktop\\Nebula-Stack\\controllers\\staffStatusController.js","statementMap":{"0":{"start":{"line":7,"column":27},"end":{"line":7,"column":68}},"1":{"start":{"line":8,"column":21},"end":{"line":8,"column":56}},"2":{"start":{"line":9,"column":27},"end":{"line":9,"column":65}},"3":{"start":{"line":10,"column":23},"end":{"line":10,"column":57}},"4":{"start":{"line":16,"column":0},"end":{"line":105,"column":2}},"5":{"start":{"line":17,"column":2},"end":{"line":104,"column":3}},"6":{"start":{"line":18,"column":23},"end":{"line":18,"column":31}},"7":{"start":{"line":19,"column":24},"end":{"line":19,"column":34}},"8":{"start":{"line":20,"column":24},"end":{"line":20,"column":36}},"9":{"start":{"line":21,"column":26},"end":{"line":21,"column":39}},"10":{"start":{"line":24,"column":4},"end":{"line":29,"column":5}},"11":{"start":{"line":25,"column":6},"end":{"line":28,"column":9}},"12":{"start":{"line":32,"column":26},"end":{"line":32,"column":48}},"13":{"start":{"line":33,"column":24},"end":{"line":33,"column":75}},"14":{"start":{"line":34,"column":20},"end":{"line":34,"column":71}},"15":{"start":{"line":36,"column":4},"end":{"line":47,"column":5}},"16":{"start":{"line":37,"column":6},"end":{"line":41,"column":9}},"17":{"start":{"line":43,"column":6},"end":{"line":46,"column":9}},"18":{"start":{"line":50,"column":20},"end":{"line":53,"column":6}},"19":{"start":{"line":56,"column":18},"end":{"line":56,"column":97}},"20":{"start":{"line":57,"column":4},"end":{"line":92,"column":5}},"21":{"start":{"line":58,"column":6},"end":{"line":91,"column":7}},"22":{"start":{"line":60,"column":8},"end":{"line":60,"column":65}},"23":{"start":{"line":63,"column":31},"end":{"line":63,"column":90}},"24":{"start":{"line":66,"column":8},"end":{"line":73,"column":11}},"25":{"start":{"line":76,"column":8},"end":{"line":83,"column":11}},"26":{"start":{"line":86,"column":8},"end":{"line":90,"column":11}},"27":{"start":{"line":94,"column":4},"end":{"line":98,"column":7}},"28":{"start":{"line":100,"column":4},"end":{"line":103,"column":7}},"29":{"start":{"line":111,"column":0},"end":{"line":139,"column":2}},"30":{"start":{"line":112,"column":2},"end":{"line":138,"column":3}},"31":{"start":{"line":113,"column":24},"end":{"line":113,"column":34}},"32":{"start":{"line":114,"column":24},"end":{"line":114,"column":36}},"33":{"start":{"line":117,"column":24},"end":{"line":117,"column":90}},"34":{"start":{"line":118,"column":20},"end":{"line":118,"column":71}},"35":{"start":{"line":120,"column":4},"end":{"line":125,"column":5}},"36":{"start":{"line":121,"column":6},"end":{"line":124,"column":9}},"37":{"start":{"line":127,"column":19},"end":{"line":127,"column":62}},"38":{"start":{"line":129,"column":4},"end":{"line":132,"column":7}},"39":{"start":{"line":134,"column":4},"end":{"line":137,"column":7}},"40":{"start":{"line":145,"column":0},"end":{"line":166,"column":2}},"41":{"start":{"line":146,"column":2},"end":{"line":165,"column":3}},"42":{"start":{"line":147,"column":24},"end":{"line":147,"column":34}},"43":{"start":{"line":148,"column":18},"end":{"line":148,"column":64}},"44":{"start":{"line":150,"column":20},"end":{"line":150,"column":77}},"45":{"start":{"line":152,"column":4},"end":{"line":159,"column":7}},"46":{"start":{"line":161,"column":4},"end":{"line":164,"column":7}},"47":{"start":{"line":172,"column":0},"end":{"line":201,"column":2}},"48":{"start":{"line":173,"column":2},"end":{"line":200,"column":3}},"49":{"start":{"line":174,"column":27},"end":{"line":174,"column":37}},"50":{"start":{"line":177,"column":17},"end":{"line":177,"column":84}},"51":{"start":{"line":178,"column":4},"end":{"line":183,"column":5}},"52":{"start":{"line":179,"column":6},"end":{"line":182,"column":9}},"53":{"start":{"line":185,"column":26},"end":{"line":185,"column":85}},"54":{"start":{"line":187,"column":4},"end":{"line":194,"column":7}},"55":{"start":{"line":196,"column":4},"end":{"line":199,"column":7}},"56":{"start":{"line":207,"column":0},"end":{"line":277,"column":2}},"57":{"start":{"line":208,"column":2},"end":{"line":276,"column":3}},"58":{"start":{"line":209,"column":33},"end":{"line":209,"column":41}},"59":{"start":{"line":212,"column":4},"end":{"line":222,"column":5}},"60":{"start":{"line":213,"column":6},"end":{"line":216,"column":9}},"61":{"start":{"line":218,"column":6},"end":{"line":221,"column":9}},"62":{"start":{"line":225,"column":4},"end":{"line":230,"column":5}},"63":{"start":{"line":226,"column":6},"end":{"line":229,"column":9}},"64":{"start":{"line":232,"column":4},"end":{"line":237,"column":5}},"65":{"start":{"line":233,"column":6},"end":{"line":236,"column":9}},"66":{"start":{"line":239,"column":4},"end":{"line":244,"column":5}},"67":{"start":{"line":240,"column":6},"end":{"line":243,"column":9}},"68":{"start":{"line":247,"column":19},"end":{"line":250,"column":6}},"69":{"start":{"line":253,"column":4},"end":{"line":259,"column":7}},"70":{"start":{"line":261,"column":4},"end":{"line":270,"column":7}},"71":{"start":{"line":272,"column":4},"end":{"line":275,"column":7}},"72":{"start":{"line":283,"column":0},"end":{"line":317,"column":2}},"73":{"start":{"line":284,"column":2},"end":{"line":316,"column":3}},"74":{"start":{"line":285,"column":27},"end":{"line":285,"column":37}},"75":{"start":{"line":288,"column":17},"end":{"line":288,"column":84}},"76":{"start":{"line":289,"column":4},"end":{"line":294,"column":5}},"77":{"start":{"line":290,"column":6},"end":{"line":293,"column":9}},"78":{"start":{"line":297,"column":23},"end":{"line":297,"column":68}},"79":{"start":{"line":298,"column":27},"end":{"line":298,"column":75}},"80":{"start":{"line":300,"column":4},"end":{"line":310,"column":7}},"81":{"start":{"line":312,"column":4},"end":{"line":315,"column":7}}},"fnMap":{"0":{"name":"(anonymous_0)","decl":{"start":{"line":16,"column":23},"end":{"line":16,"column":24}},"loc":{"start":{"line":16,"column":43},"end":{"line":105,"column":1}},"line":16},"1":{"name":"(anonymous_1)","decl":{"start":{"line":111,"column":20},"end":{"line":111,"column":21}},"loc":{"start":{"line":111,"column":40},"end":{"line":139,"column":1}},"line":111},"2":{"name":"(anonymous_2)","decl":{"start":{"line":145,"column":27},"end":{"line":145,"column":28}},"loc":{"start":{"line":145,"column":47},"end":{"line":166,"column":1}},"line":145},"3":{"name":"(anonymous_3)","decl":{"start":{"line":172,"column":35},"end":{"line":172,"column":36}},"loc":{"start":{"line":172,"column":55},"end":{"line":201,"column":1}},"line":172},"4":{"name":"(anonymous_4)","decl":{"start":{"line":207,"column":27},"end":{"line":207,"column":28}},"loc":{"start":{"line":207,"column":47},"end":{"line":277,"column":1}},"line":207},"5":{"name":"(anonymous_5)","decl":{"start":{"line":283,"column":24},"end":{"line":283,"column":25}},"loc":{"start":{"line":283,"column":44},"end":{"line":317,"column":1}},"line":283}},"branchMap":{"0":{"loc":{"start":{"line":24,"column":4},"end":{"line":29,"column":5}},"type":"if","locations":[{"start":{"line":24,"column":4},"end":{"line":29,"column":5}},{"start":{},"end":{}}],"line":24},"1":{"loc":{"start":{"line":32,"column":26},"end":{"line":32,"column":48}},"type":"binary-expr","locations":[{"start":{"line":32,"column":26},"end":{"line":32,"column":33}},{"start":{"line":32,"column":37},"end":{"line":32,"column":48}}],"line":32},"2":{"loc":{"start":{"line":36,"column":4},"end":{"line":47,"column":5}},"type":"if","locations":[{"start":{"line":36,"column":4},"end":{"line":47,"column":5}},{"start":{},"end":{}}],"line":36},"3":{"loc":{"start":{"line":36,"column":8},"end":{"line":36,"column":32}},"type":"binary-expr","locations":[{"start":{"line":36,"column":8},"end":{"line":36,"column":20}},{"start":{"line":36,"column":24},"end":{"line":36,"column":32}}],"line":36},"4":{"loc":{"start":{"line":51,"column":17},"end":{"line":51,"column":67}},"type":"cond-expr","locations":[{"start":{"line":51,"column":31},"end":{"line":51,"column":37}},{"start":{"line":51,"column":40},"end":{"line":51,"column":67}}],"line":51},"5":{"loc":{"start":{"line":52,"column":14},"end":{"line":52,"column":37}},"type":"binary-expr","locations":[{"start":{"line":52,"column":14},"end":{"line":52,"column":29}},{"start":{"line":52,"column":33},"end":{"line":52,"column":37}}],"line":52},"6":{"loc":{"start":{"line":57,"column":4},"end":{"line":92,"column":5}},"type":"if","locations":[{"start":{"line":57,"column":4},"end":{"line":92,"column":5}},{"start":{},"end":{}}],"line":57},"7":{"loc":{"start":{"line":100,"column":15},"end":{"line":100,"column":38}},"type":"binary-expr","locations":[{"start":{"line":100,"column":15},"end":{"line":100,"column":31}},{"start":{"line":100,"column":35},"end":{"line":100,"column":38}}],"line":100},"8":{"loc":{"start":{"line":102,"column":15},"end":{"line":102,"column":63}},"type":"binary-expr","locations":[{"start":{"line":102,"column":15},"end":{"line":102,"column":28}},{"start":{"line":102,"column":32},"end":{"line":102,"column":63}}],"line":102},"9":{"loc":{"start":{"line":117,"column":24},"end":{"line":117,"column":90}},"type":"binary-expr","locations":[{"start":{"line":117,"column":24},"end":{"line":117,"column":58}},{"start":{"line":117,"column":62},"end":{"line":117,"column":90}}],"line":117},"10":{"loc":{"start":{"line":120,"column":4},"end":{"line":125,"column":5}},"type":"if","locations":[{"start":{"line":120,"column":4},"end":{"line":125,"column":5}},{"start":{},"end":{}}],"line":120},"11":{"loc":{"start":{"line":120,"column":8},"end":{"line":120,"column":86}},"type":"binary-expr","locations":[{"start":{"line":120,"column":8},"end":{"line":120,"column":20}},{"start":{"line":120,"column":24},"end":{"line":120,"column":32}},{"start":{"line":120,"column":36},"end":{"line":120,"column":86}}],"line":120},"12":{"loc":{"start":{"line":134,"column":15},"end":{"line":134,"column":38}},"type":"binary-expr","locations":[{"start":{"line":134,"column":15},"end":{"line":134,"column":31}},{"start":{"line":134,"column":35},"end":{"line":134,"column":38}}],"line":134},"13":{"loc":{"start":{"line":136,"column":15},"end":{"line":136,"column":62}},"type":"binary-expr","locations":[{"start":{"line":136,"column":15},"end":{"line":136,"column":28}},{"start":{"line":136,"column":32},"end":{"line":136,"column":62}}],"line":136},"14":{"loc":{"start":{"line":148,"column":27},"end":{"line":148,"column":58}},"type":"binary-expr","locations":[{"start":{"line":148,"column":27},"end":{"line":148,"column":52}},{"start":{"line":148,"column":56},"end":{"line":148,"column":58}}],"line":148},"15":{"loc":{"start":{"line":161,"column":15},"end":{"line":161,"column":38}},"type":"binary-expr","locations":[{"start":{"line":161,"column":15},"end":{"line":161,"column":31}},{"start":{"line":161,"column":35},"end":{"line":161,"column":38}}],"line":161},"16":{"loc":{"start":{"line":163,"column":15},"end":{"line":163,"column":64}},"type":"binary-expr","locations":[{"start":{"line":163,"column":15},"end":{"line":163,"column":28}},{"start":{"line":163,"column":32},"end":{"line":163,"column":64}}],"line":163},"17":{"loc":{"start":{"line":178,"column":4},"end":{"line":183,"column":5}},"type":"if","locations":[{"start":{"line":178,"column":4},"end":{"line":183,"column":5}},{"start":{},"end":{}}],"line":178},"18":{"loc":{"start":{"line":196,"column":15},"end":{"line":196,"column":38}},"type":"binary-expr","locations":[{"start":{"line":196,"column":15},"end":{"line":196,"column":31}},{"start":{"line":196,"column":35},"end":{"line":196,"column":38}}],"line":196},"19":{"loc":{"start":{"line":198,"column":15},"end":{"line":198,"column":73}},"type":"binary-expr","locations":[{"start":{"line":198,"column":15},"end":{"line":198,"column":28}},{"start":{"line":198,"column":32},"end":{"line":198,"column":73}}],"line":198},"20":{"loc":{"start":{"line":212,"column":4},"end":{"line":222,"column":5}},"type":"if","locations":[{"start":{"line":212,"column":4},"end":{"line":222,"column":5}},{"start":{},"end":{}}],"line":212},"21":{"loc":{"start":{"line":225,"column":4},"end":{"line":230,"column":5}},"type":"if","locations":[{"start":{"line":225,"column":4},"end":{"line":230,"column":5}},{"start":{},"end":{}}],"line":225},"22":{"loc":{"start":{"line":225,"column":8},"end":{"line":225,"column":57}},"type":"binary-expr","locations":[{"start":{"line":225,"column":8},"end":{"line":225,"column":32}},{"start":{"line":225,"column":36},"end":{"line":225,"column":57}}],"line":225},"23":{"loc":{"start":{"line":232,"column":4},"end":{"line":237,"column":5}},"type":"if","locations":[{"start":{"line":232,"column":4},"end":{"line":237,"column":5}},{"start":{},"end":{}}],"line":232},"24":{"loc":{"start":{"line":239,"column":4},"end":{"line":244,"column":5}},"type":"if","locations":[{"start":{"line":239,"column":4},"end":{"line":244,"column":5}},{"start":{},"end":{}}],"line":239},"25":{"loc":{"start":{"line":249,"column":14},"end":{"line":249,"column":37}},"type":"binary-expr","locations":[{"start":{"line":249,"column":14},"end":{"line":249,"column":29}},{"start":{"line":249,"column":33},"end":{"line":249,"column":37}}],"line":249},"26":{"loc":{"start":{"line":272,"column":15},"end":{"line":272,"column":38}},"type":"binary-expr","locations":[{"start":{"line":272,"column":15},"end":{"line":272,"column":31}},{"start":{"line":272,"column":35},"end":{"line":272,"column":38}}],"line":272},"27":{"loc":{"start":{"line":274,"column":15},"end":{"line":274,"column":70}},"type":"binary-expr","locations":[{"start":{"line":274,"column":15},"end":{"line":274,"column":28}},{"start":{"line":274,"column":32},"end":{"line":274,"column":70}}],"line":274},"28":{"loc":{"start":{"line":289,"column":4},"end":{"line":294,"column":5}},"type":"if","locations":[{"start":{"line":289,"column":4},"end":{"line":294,"column":5}},{"start":{},"end":{}}],"line":289},"29":{"loc":{"start":{"line":312,"column":15},"end":{"line":312,"column":38}},"type":"binary-expr","locations":[{"start":{"line":312,"column":15},"end":{"line":312,"column":31}},{"start":{"line":312,"column":35},"end":{"line":312,"column":38}}],"line":312},"30":{"loc":{"start":{"line":314,"column":15},"end":{"line":314,"column":65}},"type":"binary-expr","locations":[{"start":{"line":314,"column":15},"end":{"line":314,"column":28}},{"start":{"line":314,"column":32},"end":{"line":314,"column":65}}],"line":314}},"s":{"0":3,"1":3,"2":3,"3":3,"4":3,"5":5,"6":5,"7":5,"8":5,"9":5,"10":5,"11":1,"12":4,"13":4,"14":4,"15":4,"16":1,"17":1,"18":3,"19":3,"20":3,"21":3,"22":3,"23":2,"24":2,"25":2,"26":1,"27":3,"28":0,"29":3,"30":2,"31":2,"32":2,"33":2,"34":2,"35":2,"36":1,"37":1,"38":1,"39":0,"40":3,"41":2,"42":2,"43":2,"44":2,"45":2,"46":0,"47":3,"48":2,"49":2,"50":2,"51":2,"52":1,"53":1,"54":1,"55":0,"56":3,"57":4,"58":4,"59":4,"60":1,"61":1,"62":3,"63":1,"64":2,"65":1,"66":1,"67":0,"68":1,"69":1,"70":1,"71":0,"72":3,"73":1,"74":1,"75":1,"76":1,"77":0,"78":1,"79":1,"80":1,"81":0},"f":{"0":5,"1":2,"2":2,"3":2,"4":4,"5":1},"b":{"0":[1,4],"1":[4,0],"2":[1,3],"3":[4,4],"4":[0,3],"5":[3,3],"6":[3,0],"7":[0,0],"8":[0,0],"9":[2,2],"10":[1,1],"11":[2,2,1],"12":[0,0],"13":[0,0],"14":[2,0],"15":[0,0],"16":[0,0],"17":[1,1],"18":[0,0],"19":[0,0],"20":[1,3],"21":[1,2],"22":[3,3],"23":[1,1],"24":[0,1],"25":[1,1],"26":[0,0],"27":[0,0],"28":[0,1],"29":[0,0],"30":[0,0]},"_coverageSchema":"1a1c01bbd47fc00a2c39e90264f33305004495a9","hash":"fde755b2d87540383692551f8fc2470db3f89166"}
,"C:\\Users\\DELL\\Desktop\\Nebula-Stack\\middleware\\authMiddleware.js": {"path":"C:\\Users\\DELL\\Desktop\\Nebula-Stack\\middleware\\authMiddleware.js","statementMap":{"0":{"start":{"line":1,"column":12},"end":{"line":1,"column":35}},"1":{"start":{"line":2,"column":14},"end":{"line":2,"column":40}},"2":{"start":{"line":10,"column":4},"end":{"line":10,"column":38}},"3":{"start":{"line":12,"column":19},"end":{"line":12,"column":41}},"4":{"start":{"line":15,"column":2},"end":{"line":25,"column":3}},"5":{"start":{"line":16,"column":18},"end":{"line":16,"column":58}},"6":{"start":{"line":17,"column":4},"end":{"line":17,"column":49}},"7":{"start":{"line":17,"column":16},"end":{"line":17,"column":49}},"8":{"start":{"line":19,"column":20},"end":{"line":19,"column":49}},"9":{"start":{"line":20,"column":4},"end":{"line":20,"column":23}},"10":{"start":{"line":21,"column":4},"end":{"line":21,"column":11}},"11":{"start":{"line":23,"column":4},"end":{"line":23,"column":64}},"12":{"start":{"line":24,"column":4},"end":{"line":24,"column":70}},"13":{"start":{"line":28,"column":26},"end":{"line":34,"column":1}},"14":{"start":{"line":28,"column":36},"end":{"line":34,"column":1}},"15":{"start":{"line":29,"column":2},"end":{"line":32,"column":3}},"16":{"start":{"line":30,"column":4},"end":{"line":30,"column":88}},"17":{"start":{"line":31,"column":4},"end":{"line":31,"column":58}},"18":{"start":{"line":33,"column":2},"end":{"line":33,"column":9}},"19":{"start":{"line":36,"column":20},"end":{"line":42,"column":1}},"20":{"start":{"line":36,"column":31},"end":{"line":42,"column":1}},"21":{"start":{"line":37,"column":2},"end":{"line":40,"column":3}},"22":{"start":{"line":38,"column":4},"end":{"line":38,"column":107}},"23":{"start":{"line":39,"column":4},"end":{"line":39,"column":58}},"24":{"start":{"line":41,"column":2},"end":{"line":41,"column":9}},"25":{"start":{"line":44,"column":26},"end":{"line":50,"column":1}},"26":{"start":{"line":44,"column":37},"end":{"line":50,"column":1}},"27":{"start":{"line":45,"column":2},"end":{"line":48,"column":3}},"28":{"start":{"line":46,"column":4},"end":{"line":46,"column":119}},"29":{"start":{"line":47,"column":4},"end":{"line":47,"column":58}},"30":{"start":{"line":49,"column":2},"end":{"line":49,"column":9}},"31":{"start":{"line":52,"column":22},"end":{"line":58,"column":1}},"32":{"start":{"line":53,"column":2},"end":{"line":56,"column":3}},"33":{"start":{"line":54,"column":4},"end":{"line":54,"column":80}},"34":{"start":{"line":55,"column":4},"end":{"line":55,"column":57}},"35":{"start":{"line":57,"column":2},"end":{"line":57,"column":9}},"36":{"start":{"line":60,"column":0},"end":{"line":66,"column":2}}},"fnMap":{"0":{"name":"authenticate","decl":{"start":{"line":14,"column":9},"end":{"line":14,"column":21}},"loc":{"start":{"line":14,"column":38},"end":{"line":26,"column":1}},"line":14},"1":{"name":"(anonymous_1)","decl":{"start":{"line":28,"column":26},"end":{"line":28,"column":27}},"loc":{"start":{"line":28,"column":36},"end":{"line":34,"column":1}},"line":28},"2":{"name":"(anonymous_2)","decl":{"start":{"line":28,"column":36},"end":{"line":28,"column":37}},"loc":{"start":{"line":28,"column":56},"end":{"line":34,"column":1}},"line":28},"3":{"name":"(anonymous_3)","decl":{"start":{"line":36,"column":20},"end":{"line":36,"column":21}},"loc":{"start":{"line":36,"column":31},"end":{"line":42,"column":1}},"line":36},"4":{"name":"(anonymous_4)","decl":{"start":{"line":36,"column":31},"end":{"line":36,"column":32}},"loc":{"start":{"line":36,"column":51},"end":{"line":42,"column":1}},"line":36},"5":{"name":"(anonymous_5)","decl":{"start":{"line":44,"column":26},"end":{"line":44,"column":27}},"loc":{"start":{"line":44,"column":37},"end":{"line":50,"column":1}},"line":44},"6":{"name":"(anonymous_6)","decl":{"start":{"line":44,"column":37},"end":{"line":44,"column":38}},"loc":{"start":{"line":44,"column":57},"end":{"line":50,"column":1}},"line":44},"7":{"name":"(anonymous_7)","decl":{"start":{"line":52,"column":22},"end":{"line":52,"column":23}},"loc":{"start":{"line":52,"column":42},"end":{"line":58,"column":1}},"line":52}},"branchMap":{"0":{"loc":{"start":{"line":17,"column":4},"end":{"line":17,"column":49}},"type":"if","locations":[{"start":{"line":17,"column":4},"end":{"line":17,"column":49}},{"start":{},"end":{}}],"line":17},"1":{"loc":{"start":{"line":29,"column":2},"end":{"line":32,"column":3}},"type":"if","locations":[{"start":{"line":29,"column":2},"end":{"line":32,"column":3}},{"start":{},"end":{}}],"line":29},"2":{"loc":{"start":{"line":37,"column":2},"end":{"line":40,"column":3}},"type":"if","locations":[{"start":{"line":37,"column":2},"end":{"line":40,"column":3}},{"start":{},"end":{}}],"line":37},"3":{"loc":{"start":{"line":45,"column":2},"end":{"line":48,"column":3}},"type":"if","locations":[{"start":{"line":45,"column":2},"end":{"line":48,"column":3}},{"start":{},"end":{}}],"line":45},"4":{"loc":{"start":{"line":53,"column":2},"end":{"line":56,"column":3}},"type":"if","locations":[{"start":{"line":53,"column":2},"end":{"line":56,"column":3}},{"start":{},"end":{}}],"line":53}},"s":{"0":3,"1":3,"2":3,"3":3,"4":2,"5":2,"6":2,"7":1,"8":1,"9":1,"10":1,"11":1,"12":0,"13":3,"14":7,"15":1,"16":0,"17":0,"18":1,"19":3,"20":2,"21":2,"22":1,"23":1,"24":1,"25":3,"26":1,"27":1,"28":1,"29":1,"30":0,"31":3,"32":0,"33":0,"34":0,"35":0,"36":3},"f":{"0":2,"1":7,"2":1,"3":2,"4":2,"5":1,"6":1,"7":0},"b":{"0":[1,1],"1":[0,1],"2":[1,1],"3":[1,0],"4":[0,0]},"_coverageSchema":"1a1c01bbd47fc00a2c39e90264f33305004495a9","hash":"4a788c09e7a96912e93be24be64280424d674922"}
,"C:\\Users\\DELL\\Desktop\\Nebula-Stack\\models\\Department.js": {"path":"C:\\Users\\DELL\\Desktop\\Nebula-Stack\\models\\Department.js","statementMap":{"0":{"start":{"line":1,"column":17},"end":{"line":1,"column":36}},"1":{"start":{"line":3,"column":25},"end":{"line":22,"column":1}},"2":{"start":{"line":24,"column":0},"end":{"line":24,"column":64}}},"fnMap":{},"branchMap":{},"s":{"0":11,"1":11,"2":11},"f":{},"b":{},"_coverageSchema":"1a1c01bbd47fc00a2c39e90264f33305004495a9","hash":"2c77f30137df8bec768225e8585ba11429020f9f"}
,"C:\\Users\\DELL\\Desktop\\Nebula-Stack\\models\\DepartmentCounter.js": {"path":"C:\\Users\\DELL\\Desktop\\Nebula-Stack\\models\\DepartmentCounter.js","statementMap":{"0":{"start":{"line":1,"column":17},"end":{"line":1,"column":36}},"1":{"start":{"line":3,"column":32},"end":{"line":16,"column":1}},"2":{"start":{"line":18,"column":0},"end":{"line":18,"column":67}},"3":{"start":{"line":20,"column":0},"end":{"line":23,"column":2}}},"fnMap":{},"branchMap":{},"s":{"0":3,"1":3,"2":3,"3":3},"f":{},"b":{},"_coverageSchema":"1a1c01bbd47fc00a2c39e90264f33305004495a9","hash":"02dbacfb5049e41f9c0e13a603d6ada3838387d8"}
,"C:\\Users\\DELL\\Desktop\\Nebula-Stack\\models\\FollowupServiceMapping.js": {"path":"C:\\Users\\DELL\\Desktop\\Nebula-Stack\\models\\FollowupServiceMapping.js","statementMap":{"0":{"start":{"line":2,"column":17},"end":{"line":2,"column":36}},"1":{"start":{"line":9,"column":37},"end":{"line":82,"column":1}},"2":{"start":{"line":85,"column":0},"end":{"line":85,"column":56}},"3":{"start":{"line":86,"column":0},"end":{"line":86,"column":61}},"4":{"start":{"line":87,"column":0},"end":{"line":87,"column":53}},"5":{"start":{"line":88,"column":0},"end":{"line":88,"column":70}},"6":{"start":{"line":90,"column":0},"end":{"line":90,"column":88}}},"fnMap":{},"branchMap":{},"s":{"0":3,"1":3,"2":3,"3":3,"4":3,"5":3,"6":3},"f":{},"b":{},"_coverageSchema":"1a1c01bbd47fc00a2c39e90264f33305004495a9","hash":"a427eb6959c7a10067da10b30074450ccf1eab65"}
,"C:\\Users\\DELL\\Desktop\\Nebula-Stack\\models\\Patient.js": {"path":"C:\\Users\\DELL\\Desktop\\Nebula-Stack\\models\\Patient.js","statementMap":{"0":{"start":{"line":2,"column":17},"end":{"line":2,"column":36}},"1":{"start":{"line":7,"column":27},"end":{"line":26,"column":1}},"2":{"start":{"line":32,"column":20},"end":{"line":138,"column":1}},"3":{"start":{"line":141,"column":22},"end":{"line":232,"column":1}},"4":{"start":{"line":237,"column":0},"end":{"line":237,"column":56}},"5":{"start":{"line":238,"column":0},"end":{"line":238,"column":35}},"6":{"start":{"line":239,"column":0},"end":{"line":239,"column":46}},"7":{"start":{"line":242,"column":0},"end":{"line":242,"column":53}},"8":{"start":{"line":243,"column":0},"end":{"line":243,"column":58}},"9":{"start":{"line":246,"column":0},"end":{"line":246,"column":63}},"10":{"start":{"line":247,"column":0},"end":{"line":247,"column":59}},"11":{"start":{"line":250,"column":0},"end":{"line":250,"column":79}},"12":{"start":{"line":256,"column":0},"end":{"line":268,"column":52}},"13":{"start":{"line":257,"column":15},"end":{"line":257,"column":24}},"14":{"start":{"line":259,"column":2},"end":{"line":265,"column":3}},"15":{"start":{"line":260,"column":16},"end":{"line":260,"column":52}},"16":{"start":{"line":261,"column":4},"end":{"line":263,"column":5}},"17":{"start":{"line":262,"column":6},"end":{"line":262,"column":19}},"18":{"start":{"line":264,"column":4},"end":{"line":264,"column":18}},"19":{"start":{"line":267,"column":2},"end":{"line":267,"column":14}},"20":{"start":{"line":273,"column":0},"end":{"line":283,"column":3}},"21":{"start":{"line":274,"column":2},"end":{"line":281,"column":3}},"22":{"start":{"line":275,"column":4},"end":{"line":280,"column":10}},"23":{"start":{"line":276,"column":19},"end":{"line":276,"column":71}},"24":{"start":{"line":277,"column":17},"end":{"line":280,"column":7}},"25":{"start":{"line":282,"column":2},"end":{"line":282,"column":9}},"26":{"start":{"line":288,"column":0},"end":{"line":290,"column":3}},"27":{"start":{"line":289,"column":2},"end":{"line":289,"column":59}},"28":{"start":{"line":295,"column":0},"end":{"line":314,"column":2}},"29":{"start":{"line":297,"column":17},"end":{"line":299,"column":3}},"30":{"start":{"line":298,"column":9},"end":{"line":298,"column":57}},"31":{"start":{"line":301,"column":2},"end":{"line":303,"column":3}},"32":{"start":{"line":302,"column":4},"end":{"line":302,"column":82}},"33":{"start":{"line":305,"column":2},"end":{"line":311,"column":5}},"34":{"start":{"line":319,"column":0},"end":{"line":344,"column":2}},"35":{"start":{"line":320,"column":21},"end":{"line":322,"column":3}},"36":{"start":{"line":321,"column":9},"end":{"line":321,"column":57}},"37":{"start":{"line":324,"column":2},"end":{"line":326,"column":3}},"38":{"start":{"line":325,"column":4},"end":{"line":325,"column":77}},"39":{"start":{"line":328,"column":2},"end":{"line":330,"column":3}},"40":{"start":{"line":329,"column":4},"end":{"line":329,"column":53}},"41":{"start":{"line":332,"column":2},"end":{"line":332,"column":36}},"42":{"start":{"line":333,"column":2},"end":{"line":333,"column":38}},"43":{"start":{"line":334,"column":2},"end":{"line":334,"column":31}},"44":{"start":{"line":337,"column":2},"end":{"line":337,"column":58}},"45":{"start":{"line":338,"column":2},"end":{"line":343,"column":5}},"46":{"start":{"line":349,"column":0},"end":{"line":380,"column":2}},"47":{"start":{"line":350,"column":21},"end":{"line":352,"column":3}},"48":{"start":{"line":351,"column":9},"end":{"line":351,"column":57}},"49":{"start":{"line":354,"column":2},"end":{"line":356,"column":3}},"50":{"start":{"line":355,"column":4},"end":{"line":355,"column":77}},"51":{"start":{"line":358,"column":2},"end":{"line":360,"column":3}},"52":{"start":{"line":359,"column":4},"end":{"line":359,"column":94}},"53":{"start":{"line":362,"column":25},"end":{"line":362,"column":42}},"54":{"start":{"line":364,"column":2},"end":{"line":364,"column":32}},"55":{"start":{"line":365,"column":2},"end":{"line":365,"column":36}},"56":{"start":{"line":366,"column":2},"end":{"line":366,"column":36}},"57":{"start":{"line":367,"column":2},"end":{"line":367,"column":33}},"58":{"start":{"line":370,"column":2},"end":{"line":370,"column":58}},"59":{"start":{"line":371,"column":2},"end":{"line":379,"column":5}},"60":{"start":{"line":385,"column":0},"end":{"line":418,"column":2}},"61":{"start":{"line":386,"column":21},"end":{"line":388,"column":3}},"62":{"start":{"line":387,"column":9},"end":{"line":387,"column":57}},"63":{"start":{"line":390,"column":2},"end":{"line":392,"column":3}},"64":{"start":{"line":391,"column":4},"end":{"line":391,"column":77}},"65":{"start":{"line":394,"column":2},"end":{"line":396,"column":3}},"66":{"start":{"line":395,"column":4},"end":{"line":395,"column":98}},"67":{"start":{"line":398,"column":25},"end":{"line":398,"column":42}},"68":{"start":{"line":400,"column":2},"end":{"line":400,"column":36}},"69":{"start":{"line":401,"column":2},"end":{"line":401,"column":40}},"70":{"start":{"line":402,"column":2},"end":{"line":402,"column":47}},"71":{"start":{"line":403,"column":2},"end":{"line":403,"column":37}},"72":{"start":{"line":404,"column":2},"end":{"line":404,"column":40}},"73":{"start":{"line":407,"column":2},"end":{"line":407,"column":58}},"74":{"start":{"line":408,"column":2},"end":{"line":417,"column":5}},"75":{"start":{"line":423,"column":0},"end":{"line":454,"column":2}},"76":{"start":{"line":424,"column":21},"end":{"line":426,"column":3}},"77":{"start":{"line":425,"column":9},"end":{"line":425,"column":57}},"78":{"start":{"line":428,"column":2},"end":{"line":430,"column":3}},"79":{"start":{"line":429,"column":4},"end":{"line":429,"column":77}},"80":{"start":{"line":432,"column":2},"end":{"line":440,"column":3}},"81":{"start":{"line":434,"column":4},"end":{"line":434,"column":34}},"82":{"start":{"line":435,"column":9},"end":{"line":440,"column":3}},"83":{"start":{"line":437,"column":4},"end":{"line":437,"column":34}},"84":{"start":{"line":439,"column":4},"end":{"line":439,"column":98}},"85":{"start":{"line":442,"column":25},"end":{"line":442,"column":42}},"86":{"start":{"line":445,"column":2},"end":{"line":445,"column":58}},"87":{"start":{"line":446,"column":2},"end":{"line":453,"column":5}},"88":{"start":{"line":459,"column":0},"end":{"line":484,"column":2}},"89":{"start":{"line":460,"column":21},"end":{"line":462,"column":3}},"90":{"start":{"line":461,"column":9},"end":{"line":461,"column":57}},"91":{"start":{"line":464,"column":2},"end":{"line":466,"column":3}},"92":{"start":{"line":465,"column":4},"end":{"line":465,"column":77}},"93":{"start":{"line":468,"column":2},"end":{"line":468,"column":34}},"94":{"start":{"line":469,"column":2},"end":{"line":469,"column":38}},"95":{"start":{"line":470,"column":2},"end":{"line":470,"column":41}},"96":{"start":{"line":473,"column":24},"end":{"line":475,"column":3}},"97":{"start":{"line":474,"column":9},"end":{"line":474,"column":61}},"98":{"start":{"line":477,"column":2},"end":{"line":481,"column":3}},"99":{"start":{"line":478,"column":4},"end":{"line":478,"column":30}},"100":{"start":{"line":480,"column":4},"end":{"line":480,"column":28}},"101":{"start":{"line":489,"column":0},"end":{"line":526,"column":2}},"102":{"start":{"line":490,"column":21},"end":{"line":492,"column":3}},"103":{"start":{"line":491,"column":9},"end":{"line":491,"column":57}},"104":{"start":{"line":494,"column":2},"end":{"line":496,"column":3}},"105":{"start":{"line":495,"column":4},"end":{"line":495,"column":77}},"106":{"start":{"line":498,"column":24},"end":{"line":498,"column":68}},"107":{"start":{"line":499,"column":2},"end":{"line":501,"column":3}},"108":{"start":{"line":500,"column":4},"end":{"line":500,"column":57}},"109":{"start":{"line":503,"column":29},"end":{"line":503,"column":50}},"110":{"start":{"line":506,"column":2},"end":{"line":508,"column":3}},"111":{"start":{"line":507,"column":4},"end":{"line":507,"column":42}},"112":{"start":{"line":510,"column":2},"end":{"line":512,"column":3}},"113":{"start":{"line":511,"column":4},"end":{"line":511,"column":40}},"114":{"start":{"line":514,"column":2},"end":{"line":514,"column":36}},"115":{"start":{"line":517,"column":2},"end":{"line":517,"column":58}},"116":{"start":{"line":518,"column":2},"end":{"line":525,"column":5}},"117":{"start":{"line":531,"column":0},"end":{"line":534,"column":2}},"118":{"start":{"line":532,"column":16},"end":{"line":532,"column":72}},"119":{"start":{"line":532,"column":44},"end":{"line":532,"column":71}},"120":{"start":{"line":533,"column":2},"end":{"line":533,"column":36}},"121":{"start":{"line":544,"column":0},"end":{"line":582,"column":2}},"122":{"start":{"line":546,"column":24},"end":{"line":546,"column":82}},"123":{"start":{"line":546,"column":56},"end":{"line":546,"column":81}},"124":{"start":{"line":547,"column":22},"end":{"line":547,"column":78}},"125":{"start":{"line":547,"column":54},"end":{"line":547,"column":77}},"126":{"start":{"line":549,"column":2},"end":{"line":551,"column":3}},"127":{"start":{"line":550,"column":4},"end":{"line":550,"column":67}},"128":{"start":{"line":553,"column":2},"end":{"line":555,"column":3}},"129":{"start":{"line":554,"column":4},"end":{"line":554,"column":62}},"130":{"start":{"line":558,"column":2},"end":{"line":558,"column":46}},"131":{"start":{"line":559,"column":2},"end":{"line":559,"column":35}},"132":{"start":{"line":560,"column":2},"end":{"line":560,"column":51}},"133":{"start":{"line":563,"column":2},"end":{"line":565,"column"
[...]
,"C:\\Users\\DELL\\Desktop\\Nebula-Stack\\utils\\logger.js": {"path":"C:\\Users\\DELL\\Desktop\\Nebula-Stack\\utils\\logger.js","statementMap":{"0":{"start":{"line":1,"column":16},"end":{"line":1,"column":34}},"1":{"start":{"line":2,"column":13},"end":{"line":2,"column":28}},"2":{"start":{"line":4,"column":23},"end":{"line":6,"column":1}},"3":{"start":{"line":5,"column":2},"end":{"line":5,"column":48}},"4":{"start":{"line":8,"column":0},"end":{"line":22,"column":3}}},"fnMap":{"0":{"name":"(anonymous_0)","decl":{"start":{"line":4,"column":38},"end":{"line":4,"column":39}},"loc":{"start":{"line":5,"column":2},"end":{"line":5,"column":48}},"line":5}},"branchMap":{"0":{"loc":{"start":{"line":5,"column":2},"end":{"line":5,"column":48}},"type":"cond-expr","locations":[{"start":{"line":5,"column":36},"end":{"line":5,"column":40}},{"start":{"line":5,"column":43},"end":{"line":5,"column":48}}],"line":5},"1":{"loc":{"start":{"line":9,"column":9},"end":{"line":9,"column":40}},"type":"binary-expr","locations":[{"start":{"line":9,"column":9},"end":{"line":9,"column":30}},{"start":{"line":9,"column":34},"end":{"line":9,"column":40}}],"line":9}},"s":{"0":16,"1":16,"2":16,"3":5,"4":16},"f":{"0":5},"b":{"0":[5,0],"1":[16,11]},"_coverageSchema":"1a1c01bbd47fc00a2c39e90264f33305004495a9","hash":"d337752b145df04e3d6ac2410ce382c9735195ac"}
,"C:\\Users\\DELL\\Desktop\\Nebula-Stack\\utils\\queueSocketHandler.js": {"path":"C:\\Users\\DELL\\Desktop\\Nebula-Stack\\utils\\queueSocketHandler.js","statementMap":{"0":{"start":{"line":7,"column":21},"end":{"line":7,"column":56}},"1":{"start":{"line":8,"column":15},"end":{"line":8,"column":41}},"2":{"start":{"line":12,"column":4},"end":{"line":12,"column":19}},"3":{"start":{"line":20,"column":4},"end":{"line":20,"column":17}},"4":{"start":{"line":21,"column":4},"end":{"line":21,"column":26}},"5":{"start":{"line":22,"column":4},"end":{"line":22,"column":52}},"6":{"start":{"line":29,"column":27},"end":{"line":29,"column":47}},"7":{"start":{"line":31,"column":4},"end":{"line":65,"column":7}},"8":{"start":{"line":32,"column":6},"end":{"line":35,"column":9}},"9":{"start":{"line":38,"column":6},"end":{"line":49,"column":9}},"10":{"start":{"line":39,"column":8},"end":{"line":48,"column":9}},"11":{"start":{"line":40,"column":10},"end":{"line":40,"column":34}},"12":{"start":{"line":41,"column":10},"end":{"line":44,"column":13}},"13":{"start":{"line":47,"column":10},"end":{"line":47,"column":43}},"14":{"start":{"line":52,"column":6},"end":{"line":58,"column":9}},"15":{"start":{"line":53,"column":8},"end":{"line":53,"column":33}},"16":{"start":{"line":54,"column":8},"end":{"line":57,"column":11}},"17":{"start":{"line":60,"column":6},"end":{"line":64,"column":9}},"18":{"start":{"line":61,"column":8},"end":{"line":63,"column":11}},"19":{"start":{"line":74,"column":4},"end":{"line":98,"column":5}},"20":{"start":{"line":75,"column":6},"end":{"line":78,"column":7}},"21":{"start":{"line":76,"column":8},"end":{"line":76,"column":72}},"22":{"start":{"line":77,"column":8},"end":{"line":77,"column":15}},"23":{"start":{"line":80,"column":20},"end":{"line":80,"column":63}},"24":{"start":{"line":81,"column":29},"end":{"line":81,"column":49}},"25":{"start":{"line":83,"column":6},"end":{"line":86,"column":9}},"26":{"start":{"line":88,"column":6},"end":{"line":92,"column":9}},"27":{"start":{"line":94,"column":6},"end":{"line":97,"column":9}},"28":{"start":{"line":108,"column":4},"end":{"line":134,"column":5}},"29":{"start":{"line":109,"column":6},"end":{"line":109,"column":27}},"30":{"start":{"line":109,"column":20},"end":{"line":109,"column":27}},"31":{"start":{"line":111,"column":29},"end":{"line":111,"column":49}},"32":{"start":{"line":113,"column":6},"end":{"line":118,"column":9}},"33":{"start":{"line":121,"column":6},"end":{"line":121,"column":45}},"34":{"start":{"line":123,"column":6},"end":{"line":127,"column":9}},"35":{"start":{"line":129,"column":6},"end":{"line":133,"column":9}},"36":{"start":{"line":143,"column":4},"end":{"line":168,"column":5}},"37":{"start":{"line":144,"column":6},"end":{"line":147,"column":7}},"38":{"start":{"line":145,"column":8},"end":{"line":145,"column":79}},"39":{"start":{"line":146,"column":8},"end":{"line":146,"column":15}},"40":{"start":{"line":149,"column":29},"end":{"line":149,"column":49}},"41":{"start":{"line":151,"column":6},"end":{"line":155,"column":9}},"42":{"start":{"line":157,"column":6},"end":{"line":162,"column":9}},"43":{"start":{"line":164,"column":6},"end":{"line":167,"column":9}},"44":{"start":{"line":177,"column":4},"end":{"line":198,"column":5}},"45":{"start":{"line":178,"column":6},"end":{"line":178,"column":27}},"46":{"start":{"line":178,"column":20},"end":{"line":178,"column":27}},"47":{"start":{"line":180,"column":29},"end":{"line":180,"column":49}},"48":{"start":{"line":182,"column":6},"end":{"line":186,"column":9}},"49":{"start":{"line":188,"column":6},"end":{"line":192,"column":9}},"50":{"start":{"line":194,"column":6},"end":{"line":197,"column":9}},"51":{"start":{"line":207,"column":4},"end":{"line":228,"column":5}},"52":{"start":{"line":208,"column":6},"end":{"line":208,"column":27}},"53":{"start":{"line":208,"column":20},"end":{"line":208,"column":27}},"54":{"start":{"line":210,"column":29},"end":{"line":210,"column":49}},"55":{"start":{"line":212,"column":6},"end":{"line":217,"column":9}},"56":{"start":{"line":219,"column":6},"end":{"line":222,"column":9}},"57":{"start":{"line":224,"column":6},"end":{"line":227,"column":9}},"58":{"start":{"line":232,"column":0},"end":{"line":232,"column":42}}},"fnMap":{"0":{"name":"(anonymous_0)","decl":{"start":{"line":11,"column":2},"end":{"line":11,"column":3}},"loc":{"start":{"line":11,"column":16},"end":{"line":13,"column":3}},"line":11},"1":{"name":"(anonymous_1)","decl":{"start":{"line":19,"column":2},"end":{"line":19,"column":3}},"loc":{"start":{"line":19,"column":17},"end":{"line":23,"column":3}},"line":19},"2":{"name":"(anonymous_2)","decl":{"start":{"line":28,"column":2},"end":{"line":28,"column":3}},"loc":{"start":{"line":28,"column":19},"end":{"line":66,"column":3}},"line":28},"3":{"name":"(anonymous_3)","decl":{"start":{"line":31,"column":36},"end":{"line":31,"column":37}},"loc":{"start":{"line":31,"column":48},"end":{"line":65,"column":5}},"line":31},"4":{"name":"(anonymous_4)","decl":{"start":{"line":38,"column":40},"end":{"line":38,"column":41}},"loc":{"start":{"line":38,"column":56},"end":{"line":49,"column":7}},"line":38},"5":{"name":"(anonymous_5)","decl":{"start":{"line":52,"column":42},"end":{"line":52,"column":43}},"loc":{"start":{"line":52,"column":58},"end":{"line":58,"column":7}},"line":52},"6":{"name":"(anonymous_6)","decl":{"start":{"line":60,"column":30},"end":{"line":60,"column":31}},"loc":{"start":{"line":60,"column":36},"end":{"line":64,"column":7}},"line":60},"7":{"name":"(anonymous_7)","decl":{"start":{"line":73,"column":2},"end":{"line":73,"column":3}},"loc":{"start":{"line":73,"column":50},"end":{"line":99,"column":3}},"line":73},"8":{"name":"(anonymous_8)","decl":{"start":{"line":107,"column":2},"end":{"line":107,"column":3}},"loc":{"start":{"line":107,"column":57},"end":{"line":135,"column":3}},"line":107},"9":{"name":"(anonymous_9)","decl":{"start":{"line":142,"column":2},"end":{"line":142,"column":3}},"loc":{"start":{"line":142,"column":53},"end":{"line":169,"column":3}},"line":142},"10":{"name":"(anonymous_10)","decl":{"start":{"line":176,"column":2},"end":{"line":176,"column":3}},"loc":{"start":{"line":176,"column":44},"end":{"line":199,"column":3}},"line":176},"11":{"name":"(anonymous_11)","decl":{"start":{"line":206,"column":2},"end":{"line":206,"column":3}},"loc":{"start":{"line":206,"column":57},"end":{"line":229,"column":3}},"line":206}},"branchMap":{"0":{"loc":{"start":{"line":39,"column":8},"end":{"line":48,"column":9}},"type":"if","locations":[{"start":{"line":39,"column":8},"end":{"line":48,"column":9}},{"start":{},"end":{}}],"line":39},"1":{"loc":{"start":{"line":39,"column":12},"end":{"line":39,"column":57}},"type":"binary-expr","locations":[{"start":{"line":39,"column":12},"end":{"line":39,"column":22}},{"start":{"line":39,"column":26},"end":{"line":39,"column":57}}],"line":39},"2":{"loc":{"start":{"line":73,"column":36},"end":{"line":73,"column":48}},"type":"default-arg","locations":[{"start":{"line":73,"column":46},"end":{"line":73,"column":48}}],"line":73},"3":{"loc":{"start":{"line":75,"column":6},"end":{"line":78,"column":7}},"type":"if","locations":[{"start":{"line":75,"column":6},"end":{"line":78,"column":7}},{"start":{},"end":{}}],"line":75},"4":{"loc":{"start":{"line":109,"column":6},"end":{"line":109,"column":27}},"type":"if","locations":[{"start":{"line":109,"column":6},"end":{"line":109,"column":27}},{"start":{},"end":{}}],"line":109},"5":{"loc":{"start":{"line":144,"column":6},"end":{"line":147,"column":7}},"type":"if","locations":[{"start":{"line":144,"column":6},"end":{"line":147,"column":7}},{"start":{},"end":{}}],"line":144},"6":{"loc":{"start":{"line":178,"column":6},"end":{"line":178,"column":27}},"type":"if","locations":[{"start":{"line":178,"column":6},"end":{"line":178,"column":27}},{"start":{},"end":{}}],"line":178},"7":{"loc":{"start":{"line":208,"column":6},"end":{"line":208,"column":27}},"type":"if","locations":[{"start":{"line":208,"column":6},"end":{"line":208,"column":27}},{"start":{},"end":{}}],"line":208}},"s":{"0":4,"1":4,"2":4,"3":0,"4":0,"5":0,"6":0,"7":0,"8":0,"9":0,"10":0,"11":0,"12":0,"13":0,"14":0,"15":0,"16":0,"17":0,"18":0,"19":4,"20":4,"21":4,"22":4,"23":0,"24":0,"25":0,"26":0,"27":0,"28":1,"29":1,"30":1,"31":0,"32":0,"33":0,"34":0,"35":0,"36":0,"37":0,"38":0,"39":0,"40":0,"41":0,"42":0,"43":0,"44":0,"45":0,"46":0,"47":0,"48":0,"49":0,"50":0,"51":0,"52":0,"53":0,"54":0,"55":0,"56":0,"57":0,"58":4},"f":{"0":4,"1":0,"2":0,"3":0,"4":0,"5":0,"6":0,"7":4,"8":1,"9":0,"10":0,"11":0},"b":{"0":[0,0],"1":[0,0],"2":[4],"3":[4,0],"4":[1,0],"5":[0,0],"6":[0,0],"7":[0,0]},"_coverageSchema":"1a1c01bbd47fc00a2c39e90264f33305004495a9","hash":"d3a1340d0f1adf7c94b86845b53f57aa9f8c2661"}
,"C:\\Users\\DELL\\Desktop\\Nebula-Stack\\utils\\securityLogger.js": {"path":"C:\\Users\\DELL\\Desktop\\Nebula-Stack\\utils\\securityLogger.js","statementMap":{"0":{"start":{"line":4,"column":15},"end":{"line":4,"column":34}},"1":{"start":{"line":5,"column":11},"end":{"line":5,"column":24}},"2":{"start":{"line":6,"column":13},"end":{"line":6,"column":28}},"3":{"start":{"line":8,"column":16},"end":{"line":8,"column":50}},"4":{"start":{"line":9,"column":0},"end":{"line":11,"column":1}},"5":{"start":{"line":10,"column":2},"end":{"line":10,"column":45}},"6":{"start":{"line":14,"column":2},"end":{"line":21,"column":5}},"7":{"start":{"line":25,"column":2},"end":{"line":32,"column":5}},"8":{"start":{"line":36,"column":2},"end":{"line":42,"column":5}},"9":{"start":{"line":46,"column":2},"end":{"line":55,"column":5}},"10":{"start":{"line":59,"column":2},"end":{"line":68,"column":5}},"11":{"start":{"line":72,"column":2},"end":{"line":81,"column":5}},"12":{"start":{"line":85,"column":2},"end":{"line":91,"column":5}},"13":{"start":{"line":95,"column":2},"end":{"line":101,"column":5}},"14":{"start":{"line":105,"column":2},"end":{"line":112,"column":5}},"15":{"start":{"line":119,"column":2},"end":{"line":127,"column":5}},"16":{"start":{"line":134,"column":2},"end":{"line":142,"column":5}},"17":{"start":{"line":149,"column":2},"end":{"line":156,"column":5}},"18":{"start":{"line":163,"column":2},"end":{"line":171,"column":5}},"19":{"start":{"line":179,"column":2},"end":{"line":188,"column":5}},"20":{"start":{"line":205,"column":6},"end":{"line":205,"column":16}},"21":{"start":{"line":207,"column":2},"end":{"line":217,"column":5}},"22":{"start":{"line":235,"column":6},"end":{"line":235,"column":20}},"23":{"start":{"line":237,"column":2},"end":{"line":249,"column":5}},"24":{"start":{"line":252,"column":0},"end":{"line":269,"column":2}}},"fnMap":{"0":{"name":"logLoginSuccess","decl":{"start":{"line":13,"column":9},"end":{"line":13,"column":24}},"loc":{"start":{"line":13,"column":63},"end":{"line":22,"column":1}},"line":13},"1":{"name":"logLoginFailure","decl":{"start":{"line":24,"column":9},"end":{"line":24,"column":24}},"loc":{"start":{"line":24,"column":62},"end":{"line":33,"column":1}},"line":24},"2":{"name":"logLogout","decl":{"start":{"line":35,"column":9},"end":{"line":35,"column":18}},"loc":{"start":{"line":35,"column":46},"end":{"line":43,"column":1}},"line":35},"3":{"name":"logAccessViolation","decl":{"start":{"line":45,"column":9},"end":{"line":45,"column":27}},"loc":{"start":{"line":45,"column":96},"end":{"line":56,"column":1}},"line":45},"4":{"name":"logRoleViolation","decl":{"start":{"line":58,"column":9},"end":{"line":58,"column":25}},"loc":{"start":{"line":58,"column":91},"end":{"line":69,"column":1}},"line":58},"5":{"name":"logDepartmentViolation","decl":{"start":{"line":71,"column":9},"end":{"line":71,"column":31}},"loc":{"start":{"line":71,"column":97},"end":{"line":82,"column":1}},"line":71},"6":{"name":"logInvalidToken","decl":{"start":{"line":84,"column":9},"end":{"line":84,"column":24}},"loc":{"start":{"line":84,"column":55},"end":{"line":92,"column":1}},"line":84},"7":{"name":"logInactiveAccountAccess","decl":{"start":{"line":94,"column":9},"end":{"line":94,"column":33}},"loc":{"start":{"line":94,"column":61},"end":{"line":102,"column":1}},"line":94},"8":{"name":"logOffDutyAccess","decl":{"start":{"line":104,"column":9},"end":{"line":104,"column":25}},"loc":{"start":{"line":104,"column":63},"end":{"line":113,"column":1}},"line":104},"9":{"name":"logTokenSkipped","decl":{"start":{"line":118,"column":9},"end":{"line":118,"column":24}},"loc":{"start":{"line":118,"column":75},"end":{"line":128,"column":1}},"line":118},"10":{"name":"logTokenRescheduled","decl":{"start":{"line":133,"column":9},"end":{"line":133,"column":28}},"loc":{"start":{"line":133,"column":88},"end":{"line":143,"column":1}},"line":133},"11":{"name":"logTokenReactivated","decl":{"start":{"line":148,"column":9},"end":{"line":148,"column":28}},"loc":{"start":{"line":148,"column":71},"end":{"line":157,"column":1}},"line":148},"12":{"name":"logBulkQueueOperation","decl":{"start":{"line":162,"column":9},"end":{"line":162,"column":30}},"loc":{"start":{"line":162,"column":82},"end":{"line":172,"column":1}},"line":162},"13":{"name":"logTokenDetailAccess","decl":{"start":{"line":178,"column":9},"end":{"line":178,"column":29}},"loc":{"start":{"line":178,"column":111},"end":{"line":189,"column":1}},"line":178},"14":{"name":"logNurseQueueAccess","decl":{"start":{"line":196,"column":9},"end":{"line":196,"column":28}},"loc":{"start":{"line":196,"column":41},"end":{"line":218,"column":1}},"line":196},"15":{"name":"logNurseTokenPrepStatusUpdate","decl":{"start":{"line":224,"column":9},"end":{"line":224,"column":38}},"loc":{"start":{"line":224,"column":55},"end":{"line":250,"column":1}},"line":224}},"branchMap":{"0":{"loc":{"start":{"line":9,"column":0},"end":{"line":11,"column":1}},"type":"if","locations":[{"start":{"line":9,"column":0},"end":{"line":11,"column":1}},{"start":{},"end":{}}],"line":9},"1":{"loc":{"start":{"line":118,"column":63},"end":{"line":118,"column":73}},"type":"default-arg","locations":[{"start":{"line":118,"column":71},"end":{"line":118,"column":73}}],"line":118},"2":{"loc":{"start":{"line":133,"column":76},"end":{"line":133,"column":86}},"type":"default-arg","locations":[{"start":{"line":133,"column":84},"end":{"line":133,"column":86}}],"line":133},"3":{"loc":{"start":{"line":138,"column":21},"end":{"line":138,"column":72}},"type":"binary-expr","locations":[{"start":{"line":138,"column":21},"end":{"line":138,"column":53}},{"start":{"line":138,"column":57},"end":{"line":138,"column":72}}],"line":138},"4":{"loc":{"start":{"line":148,"column":59},"end":{"line":148,"column":69}},"type":"default-arg","locations":[{"start":{"line":148,"column":67},"end":{"line":148,"column":69}}],"line":148},"5":{"loc":{"start":{"line":162,"column":70},"end":{"line":162,"column":80}},"type":"default-arg","locations":[{"start":{"line":162,"column":78},"end":{"line":162,"column":80}}],"line":162},"6":{"loc":{"start":{"line":178,"column":57},"end":{"line":178,"column":72}},"type":"default-arg","locations":[{"start":{"line":178,"column":66},"end":{"line":178,"column":72}}],"line":178},"7":{"loc":{"start":{"line":178,"column":74},"end":{"line":178,"column":91}},"type":"default-arg","locations":[{"start":{"line":178,"column":87},"end":{"line":178,"column":91}}],"line":178},"8":{"loc":{"start":{"line":178,"column":93},"end":{"line":178,"column":109}},"type":"default-arg","locations":[{"start":{"line":178,"column":105},"end":{"line":178,"column":109}}],"line":178},"9":{"loc":{"start":{"line":200,"column":4},"end":{"line":200,"column":27}},"type":"default-arg","locations":[{"start":{"line":200,"column":21},"end":{"line":200,"column":27}}],"line":200},"10":{"loc":{"start":{"line":201,"column":4},"end":{"line":201,"column":28}},"type":"default-arg","locations":[{"start":{"line":201,"column":26},"end":{"line":201,"column":28}}],"line":201},"11":{"loc":{"start":{"line":202,"column":4},"end":{"line":202,"column":25}},"type":"default-arg","locations":[{"start":{"line":202,"column":24},"end":{"line":202,"column":25}}],"line":202},"12":{"loc":{"start":{"line":211,"column":25},"end":{"line":211,"column":64}},"type":"binary-expr","locations":[{"start":{"line":211,"column":25},"end":{"line":211,"column":54}},{"start":{"line":211,"column":58},"end":{"line":211,"column":64}}],"line":211},"13":{"loc":{"start":{"line":213,"column":20},"end":{"line":213,"column":104}},"type":"cond-expr","locations":[{"start":{"line":213,"column":57},"end":{"line":213,"column":71}},{"start":{"line":213,"column":74},"end":{"line":213,"column":104}}],"line":213},"14":{"loc":{"start":{"line":233,"column":4},"end":{"line":233,"column":14}},"type":"default-arg","locations":[{"start":{"line":233,"column":12},"end":{"line":233,"column":14}}],"line":233}},"s":{"0":8,"1":8,"2":8,"3":8,"4":8,"5":0,"6":1,"7":1,"8":0,"9":0,"10":1,"11":1,"12":0,"13":1,"14":0,"15":1,"16":1,"17":1,"18":0,"19":0,"20":0,"21":0,"22":0,"23":0,"24":8},"f":{"0":1,"1":1,"2":0,"3":0,"4":1,"5":1,"6":0,"7":1,"8":0,"9":1,"10":1,"11":1,"12":0,"13":0,"14":0,"15":0},"b":{"0":[0,8],"1":[0],"2":[1],"3":[1,0],"4":[0],"5":[0],"6":[0],"7":[0],"8":[0],"9":[0],"10":[0],"11":[0],"12":[0,0],"13":[0,0],"14":[0]},"_coverageSchema":"1a1c01bbd47fc00a2c39e90264f33305004495a9","hash":"e55939045e2cd1bd1290e3dc8ceec9263b8e6f94"}
,"C:\\Users\\DELL\\Desktop\\Nebula-Stack\\utils\\tokenGenerator.js": {"path":"C:\\Users\\DELL\\Desktop\\Nebula-Stack\\utils\\tokenGenerator.js","statementMap":{"0":{"start":{"line":2,"column":19},"end":{"line":8,"column":3}},"1":{"start":{"line":10,"column":2},"end":{"line":10,"column":58}},"2":{"start":{"line":14,"column":17},"end":{"line":14,"column":48}},"3":{"start":{"line":15,"column":2},"end":{"line":15,"column":57}},"4":{"start":{"line":18,"column":0},"end":{"line":21,"column":2}}},"fnMap":{"0":{"name":"getDepartmentPrefix","decl":{"start":{"line":1,"column":9},"end":{"line":1,"column":28}},"loc":{"start":{"line":1,"column":41},"end":{"line":11,"column":1}},"line":1},"1":{"name":"generateToken","decl":{"start":{"line":13,"column":9},"end":{"line":13,"column":22}},"loc":{"start":{"line":13,"column":44},"end":{"line":16,"column":1}},"line":13}},"branchMap":{"0":{"loc":{"start":{"line":10,"column":9},"end":{"line":10,"column":57}},"type":"binary-expr","locations":[{"start":{"line":10,"column":9},"end":{"line":10,"column":29}},{"start":{"line":10,"column":33},"end":{"line":10,"column":57}}],"line":10}},"s":{"0":0,"1":0,"2":0,"3":0,"4":3},"f":{"0":0,"1":0},"b":{"0":[0,0]},"_coverageSchema":"1a1c01bbd47fc00a2c39e90264f33305004495a9","hash":"4b172398dc740e8a6ac21d39525f64480da44316"}
}
