{"C:\\Users\\DELL\\Desktop\\Nebula-Stack\\app.js": {"path":"C:\\Users\\DELL\\Desktop\\Nebula-Stack\\app.js","statementMap":{"0":{"start":{"line":2,"column":16},"end":{"line":2,"column":34}},"1":{"start":{"line":3,"column":17},"end":{"line":3,"column":36}},"2":{"start":{"line":4,"column":13},"end":{"line":4,"column":28}},"3":{"start":{"line":5,"column":13},"end":{"line":5,"column":28}},"4":{"start":{"line":6,"column":17},"end":{"line":6,"column":37}},"5":{"start":{"line":7,"column":15},"end":{"line":7,"column":40}},"6":{"start":{"line":8,"column":27},"end":{"line":8,"column":64}},"7":{"start":{"line":9,"column":0},"end":{"line":9,"column":27}},"8":{"start":{"line":12,"column":23},"end":{"line":12,"column":51}},"9":{"start":{"line":13,"column":22},"end":{"line":13,"column":49}},"10":{"start":{"line":14,"column":20},"end":{"line":14,"column":51}},"11":{"start":{"line":15,"column":20},"end":{"line":15,"column":45}},"12":{"start":{"line":16,"column":20},"end":{"line":16,"column":45}},"13":{"start":{"line":18,"column":12},"end":{"line":18,"column":21}},"14":{"start":{"line":19,"column":15},"end":{"line":19,"column":37}},"15":{"start":{"line":22,"column":11},"end":{"line":28,"column":2}},"16":{"start":{"line":31,"column":0},"end":{"line":31,"column":34}},"17":{"start":{"line":34,"column":0},"end":{"line":34,"column":16}},"18":{"start":{"line":35,"column":0},"end":{"line":35,"column":24}},"19":{"start":{"line":36,"column":0},"end":{"line":36,"column":48}},"20":{"start":{"line":39,"column":0},"end":{"line":42,"column":3}},"21":{"start":{"line":40,"column":2},"end":{"line":40,"column":43}},"22":{"start":{"line":41,"column":2},"end":{"line":41,"column":9}},"23":{"start":{"line":45,"column":0},"end":{"line":45,"column":42}},"24":{"start":{"line":46,"column":0},"end":{"line":46,"column":39}},"25":{"start":{"line":47,"column":0},"end":{"line":47,"column":36}},"26":{"start":{"line":48,"column":0},"end":{"line":48,"column":35}},"27":{"start":{"line":49,"column":0},"end":{"line":49,"column":36}},"28":{"start":{"line":52,"column":0},"end":{"line":59,"column":3}},"29":{"start":{"line":53,"column":2},"end":{"line":58,"column":5}},"30":{"start":{"line":62,"column":0},"end":{"line":73,"column":3}},"31":{"start":{"line":63,"column":2},"end":{"line":66,"column":5}},"32":{"start":{"line":68,"column":2},"end":{"line":72,"column":5}},"33":{"start":{"line":76,"column":18},"end":{"line":94,"column":1}},"34":{"start":{"line":77,"column":2},"end":{"line":93,"column":3}},"35":{"start":{"line":78,"column":4},"end":{"line":81,"column":7}},"36":{"start":{"line":82,"column":4},"end":{"line":82,"column":50}},"37":{"start":{"line":85,"column":4},"end":{"line":85,"column":29}},"38":{"start":{"line":86,"column":4},"end":{"line":86,"column":35}},"39":{"start":{"line":87,"column":4},"end":{"line":87,"column":30}},"40":{"start":{"line":88,"column":4},"end":{"line":88,"column":50}},"41":{"start":{"line":91,"column":4},"end":{"line":91,"column":69}},"42":{"start":{"line":92,"column":4},"end":{"line":92,"column":20}},"43":{"start":{"line":97,"column":13},"end":{"line":97,"column":37}},"44":{"start":{"line":99,"column":20},"end":{"line":107,"column":1}},"45":{"start":{"line":100,"column":2},"end":{"line":100,"column":20}},"46":{"start":{"line":103,"column":2},"end":{"line":106,"column":5}},"47":{"start":{"line":104,"column":4},"end":{"line":104,"column":57}},"48":{"start":{"line":105,"column":4},"end":{"line":105,"column":63}},"49":{"start":{"line":110,"column":0},"end":{"line":112,"column":1}},"50":{"start":{"line":111,"column":2},"end":{"line":111,"column":16}},"51":{"start":{"line":115,"column":0},"end":{"line":115,"column":37}}},"fnMap":{"0":{"name":"(anonymous_0)","decl":{"start":{"line":39,"column":8},"end":{"line":39,"column":9}},"loc":{"start":{"line":39,"column":28},"end":{"line":42,"column":1}},"line":39},"1":{"name":"(anonymous_1)","decl":{"start":{"line":52,"column":19},"end":{"line":52,"column":20}},"loc":{"start":{"line":52,"column":33},"end":{"line":59,"column":1}},"line":52},"2":{"name":"(anonymous_2)","decl":{"start":{"line":62,"column":8},"end":{"line":62,"column":9}},"loc":{"start":{"line":62,"column":33},"end":{"line":73,"column":1}},"line":62},"3":{"name":"(anonymous_3)","decl":{"start":{"line":76,"column":18},"end":{"line":76,"column":19}},"loc":{"start":{"line":76,"column":30},"end":{"line":94,"column":1}},"line":76},"4":{"name":"(anonymous_4)","decl":{"start":{"line":99,"column":20},"end":{"line":99,"column":21}},"loc":{"start":{"line":99,"column":32},"end":{"line":107,"column":1}},"line":99},"5":{"name":"(anonymous_5)","decl":{"start":{"line":103,"column":22},"end":{"line":103,"column":23}},"loc":{"start":{"line":103,"column":28},"end":{"line":106,"column":3}},"line":103}},"branchMap":{"0":{"loc":{"start":{"line":24,"column":12},"end":{"line":24,"column":63}},"type":"binary-expr","locations":[{"start":{"line":24,"column":12},"end":{"line":24,"column":36}},{"start":{"line":24,"column":40},"end":{"line":24,"column":63}}],"line":24},"1":{"loc":{"start":{"line":71,"column":11},"end":{"line":71,"column":75}},"type":"cond-expr","locations":[{"start":{"line":71,"column":52},"end":{"line":71,"column":63}},{"start":{"line":71,"column":66},"end":{"line":71,"column":75}}],"line":71},"2":{"loc":{"start":{"line":78,"column":27},"end":{"line":78,"column":88}},"type":"binary-expr","locations":[{"start":{"line":78,"column":27},"end":{"line":78,"column":50}},{"start":{"line":78,"column":54},"end":{"line":78,"column":88}}],"line":78},"3":{"loc":{"start":{"line":97,"column":13},"end":{"line":97,"column":37}},"type":"binary-expr","locations":[{"start":{"line":97,"column":13},"end":{"line":97,"column":29}},{"start":{"line":97,"column":33},"end":{"line":97,"column":37}}],"line":97},"4":{"loc":{"start":{"line":110,"column":0},"end":{"line":112,"column":1}},"type":"if","locations":[{"start":{"line":110,"column":0},"end":{"line":112,"column":1}},{"start":{},"end":{}}],"line":110}},"s":{"0":1,"1":1,"2":1,"3":1,"4":1,"5":1,"6":1,"7":1,"8":1,"9":1,"10":1,"11":1,"12":1,"13":1,"14":1,"15":1,"16":1,"17":1,"18":1,"19":1,"20":1,"21":17,"22":17,"23":1,"24":1,"25":1,"26":1,"27":1,"28":1,"29":0,"30":1,"31":15,"32":15,"33":1,"34":0,"35":0,"36":0,"37":0,"38":0,"39":0,"40":0,"41":0,"42":0,"43":1,"44":1,"45":0,"46":0,"47":0,"48":0,"49":1,"50":0,"51":1},"f":{"0":17,"1":0,"2":15,"3":0,"4":0,"5":0},"b":{"0":[1,1],"1":[0,15],"2":[0,0],"3":[1,0],"4":[0,1]},"_coverageSchema":"1a1c01bbd47fc00a2c39e90264f33305004495a9","hash":"324d8f28d9bbd8b76a6295dba171c0a5b810d48d"}
,"C:\\Users\\DELL\\Desktop\\Nebula-Stack\\controllers\\checkinController.js": {"path":"C:\\Users\\DELL\\Desktop\\Nebula-Stack\\controllers\\checkinController.js","statementMap":{"0":{"start":{"line":2,"column":23},"end":{"line":2,"column":60}},"1":{"start":{"line":3,"column":15},"end":{"line":3,"column":41}},"2":{"start":{"line":8,"column":0},"end":{"line":52,"column":2}},"3":{"start":{"line":9,"column":2},"end":{"line":51,"column":3}},"4":{"start":{"line":10,"column":4},"end":{"line":10,"column":50}},"5":{"start":{"line":12,"column":21},"end":{"line":14,"column":5}},"6":{"start":{"line":16,"column":20},"end":{"line":16,"column":68}},"7":{"start":{"line":18,"column":4},"end":{"line":41,"column":7}},"8":{"start":{"line":29,"column":53},"end":{"line":32,"column":9}},"9":{"start":{"line":33,"column":51},"end":{"line":39,"column":9}},"10":{"start":{"line":44,"column":4},"end":{"line":44,"column":72}},"11":{"start":{"line":46,"column":4},"end":{"line":50,"column":7}},"12":{"start":{"line":57,"column":0},"end":{"line":76,"column":2}},"13":{"start":{"line":58,"column":2},"end":{"line":75,"column":3}},"14":{"start":{"line":59,"column":26},"end":{"line":59,"column":36}},"15":{"start":{"line":60,"column":20},"end":{"line":60,"column":66}},"16":{"start":{"line":62,"column":4},"end":{"line":65,"column":7}},"17":{"start":{"line":68,"column":4},"end":{"line":68,"column":71}},"18":{"start":{"line":70,"column":4},"end":{"line":74,"column":7}},"19":{"start":{"line":81,"column":0},"end":{"line":100,"column":2}},"20":{"start":{"line":82,"column":2},"end":{"line":99,"column":3}},"21":{"start":{"line":83,"column":22},"end":{"line":83,"column":32}},"22":{"start":{"line":84,"column":20},"end":{"line":84,"column":65}},"23":{"start":{"line":86,"column":4},"end":{"line":89,"column":7}},"24":{"start":{"line":92,"column":4},"end":{"line":92,"column":80}},"25":{"start":{"line":94,"column":4},"end":{"line":98,"column":7}},"26":{"start":{"line":105,"column":0},"end":{"line":138,"column":2}},"27":{"start":{"line":106,"column":2},"end":{"line":137,"column":3}},"28":{"start":{"line":107,"column":33},"end":{"line":107,"column":43}},"29":{"start":{"line":108,"column":35},"end":{"line":108,"column":43}},"30":{"start":{"line":110,"column":4},"end":{"line":115,"column":5}},"31":{"start":{"line":111,"column":6},"end":{"line":114,"column":9}},"32":{"start":{"line":117,"column":20},"end":{"line":117,"column":96}},"33":{"start":{"line":119,"column":4},"end":{"line":127,"column":7}},"34":{"start":{"line":130,"column":4},"end":{"line":130,"column":74}},"35":{"start":{"line":132,"column":4},"end":{"line":136,"column":7}},"36":{"start":{"line":143,"column":0},"end":{"line":184,"column":2}},"37":{"start":{"line":144,"column":2},"end":{"line":183,"column":3}},"38":{"start":{"line":145,"column":26},"end":{"line":145,"column":36}},"39":{"start":{"line":146,"column":34},"end":{"line":146,"column":42}},"40":{"start":{"line":148,"column":4},"end":{"line":153,"column":5}},"41":{"start":{"line":149,"column":6},"end":{"line":152,"column":9}},"42":{"start":{"line":155,"column":20},"end":{"line":155,"column":88}},"43":{"start":{"line":158,"column":21},"end":{"line":158,"column":82}},"44":{"start":{"line":160,"column":4},"end":{"line":173,"column":7}},"45":{"start":{"line":176,"column":4},"end":{"line":176,"column":70}},"46":{"start":{"line":178,"column":4},"end":{"line":182,"column":7}},"47":{"start":{"line":189,"column":0},"end":{"line":209,"column":2}},"48":{"start":{"line":190,"column":2},"end":{"line":208,"column":3}},"49":{"start":{"line":191,"column":23},"end":{"line":191,"column":33}},"50":{"start":{"line":192,"column":21},"end":{"line":192,"column":69}},"51":{"start":{"line":194,"column":4},"end":{"line":198,"column":7}},"52":{"start":{"line":201,"column":4},"end":{"line":201,"column":82}},"53":{"start":{"line":203,"column":4},"end":{"line":207,"column":7}}},"fnMap":{"0":{"name":"(anonymous_0)","decl":{"start":{"line":8,"column":26},"end":{"line":8,"column":27}},"loc":{"start":{"line":8,"column":46},"end":{"line":52,"column":1}},"line":8},"1":{"name":"(anonymous_1)","decl":{"start":{"line":29,"column":47},"end":{"line":29,"column":48}},"loc":{"start":{"line":29,"column":53},"end":{"line":32,"column":9}},"line":29},"2":{"name":"(anonymous_2)","decl":{"start":{"line":33,"column":45},"end":{"line":33,"column":46}},"loc":{"start":{"line":33,"column":51},"end":{"line":39,"column":9}},"line":33},"3":{"name":"(anonymous_3)","decl":{"start":{"line":57,"column":21},"end":{"line":57,"column":22}},"loc":{"start":{"line":57,"column":41},"end":{"line":76,"column":1}},"line":57},"4":{"name":"(anonymous_4)","decl":{"start":{"line":81,"column":28},"end":{"line":81,"column":29}},"loc":{"start":{"line":81,"column":48},"end":{"line":100,"column":1}},"line":81},"5":{"name":"(anonymous_5)","decl":{"start":{"line":105,"column":28},"end":{"line":105,"column":29}},"loc":{"start":{"line":105,"column":48},"end":{"line":138,"column":1}},"line":105},"6":{"name":"(anonymous_6)","decl":{"start":{"line":143,"column":24},"end":{"line":143,"column":25}},"loc":{"start":{"line":143,"column":44},"end":{"line":184,"column":1}},"line":143},"7":{"name":"(anonymous_7)","decl":{"start":{"line":189,"column":30},"end":{"line":189,"column":31}},"loc":{"start":{"line":189,"column":50},"end":{"line":209,"column":1}},"line":189}},"branchMap":{"0":{"loc":{"start":{"line":13,"column":17},"end":{"line":13,"column":69}},"type":"binary-expr","locations":[{"start":{"line":13,"column":17},"end":{"line":13,"column":35}},{"start":{"line":13,"column":39},"end":{"line":13,"column":57}},{"start":{"line":13,"column":61},"end":{"line":13,"column":69}}],"line":13},"1":{"loc":{"start":{"line":110,"column":4},"end":{"line":115,"column":5}},"type":"if","locations":[{"start":{"line":110,"column":4},"end":{"line":115,"column":5}},{"start":{},"end":{}}],"line":110},"2":{"loc":{"start":{"line":110,"column":8},"end":{"line":110,"column":89}},"type":"binary-expr","locations":[{"start":{"line":110,"column":8},"end":{"line":110,"column":15}},{"start":{"line":110,"column":19},"end":{"line":110,"column":89}}],"line":110},"3":{"loc":{"start":{"line":148,"column":4},"end":{"line":153,"column":5}},"type":"if","locations":[{"start":{"line":148,"column":4},"end":{"line":153,"column":5}},{"start":{},"end":{}}],"line":148}},"s":{"0":1,"1":1,"2":1,"3":0,"4":0,"5":0,"6":0,"7":0,"8":0,"9":0,"10":0,"11":0,"12":1,"13":0,"14":0,"15":0,"16":0,"17":0,"18":0,"19":1,"20":0,"21":0,"22":0,"23":0,"24":0,"25":0,"26":1,"27":0,"28":0,"29":0,"30":0,"31":0,"32":0,"33":0,"34":0,"35":0,"36":1,"37":0,"38":0,"39":0,"40":0,"41":0,"42":0,"43":0,"44":0,"45":0,"46":0,"47":1,"48":0,"49":0,"50":0,"51":0,"52":0,"53":0},"f":{"0":0,"1":0,"2":0,"3":0,"4":0,"5":0,"6":0,"7":0},"b":{"0":[0,0,0],"1":[0,0],"2":[0,0],"3":[0,0]},"_coverageSchema":"1a1c01bbd47fc00a2c39e90264f33305004495a9","hash":"933b7c796ea54175b1949d760c42e7b24529e871"}
,"C:\\Users\\DELL\\Desktop\\Nebula-Stack\\controllers\\queueController.js": {"path":"C:\\Users\\DELL\\Desktop\\Nebula-Stack\\controllers\\queueController.js","statementMap":{"0":{"start":{"line":2,"column":21},"end":{"line":2,"column":56}},"1":{"start":{"line":3,"column":15},"end":{"line":3,"column":41}},"2":{"start":{"line":4,"column":23},"end":{"line":4,"column":57}},"3":{"start":{"line":11,"column":0},"end":{"line":63,"column":2}},"4":{"start":{"line":12,"column":2},"end":{"line":62,"column":3}},"5":{"start":{"line":13,"column":27},"end":{"line":13,"column":37}},"6":{"start":{"line":16,"column":4},"end":{"line":21,"column":5}},"7":{"start":{"line":17,"column":6},"end":{"line":20,"column":9}},"8":{"start":{"line":23,"column":18},"end":{"line":23,"column":61}},"9":{"start":{"line":26,"column":4},"end":{"line":35,"column":7}},"10":{"start":{"line":37,"column":4},"end":{"line":40,"column":7}},"11":{"start":{"line":43,"column":4},"end":{"line":48,"column":7}},"12":{"start":{"line":51,"column":4},"end":{"line":56,"column":5}},"13":{"start":{"line":52,"column":6},"end":{"line":55,"column":9}},"14":{"start":{"line":58,"column":4},"end":{"line":61,"column":7}},"15":{"start":{"line":70,"column":0},"end":{"line":105,"column":2}},"16":{"start":{"line":71,"column":2},"end":{"line":104,"column":3}},"17":{"start":{"line":72,"column":27},"end":{"line":72,"column":37}},"18":{"start":{"line":74,"column":4},"end":{"line":79,"column":5}},"19":{"start":{"line":75,"column":6},"end":{"line":78,"column":9}},"20":{"start":{"line":81,"column":18},"end":{"line":81,"column":62}},"21":{"start":{"line":83,"column":4},"end":{"line":87,"column":7}},"22":{"start":{"line":89,"column":4},"end":{"line":92,"column":7}},"23":{"start":{"line":95,"column":4},"end":{"line":98,"column":7}},"24":{"start":{"line":100,"column":4},"end":{"line":103,"column":7}},"25":{"start":{"line":112,"column":0},"end":{"line":150,"column":2}},"26":{"start":{"line":113,"column":2},"end":{"line":149,"column":3}},"27":{"start":{"line":114,"column":40},"end":{"line":114,"column":48}},"28":{"start":{"line":116,"column":4},"end":{"line":121,"column":5}},"29":{"start":{"line":117,"column":6},"end":{"line":120,"column":9}},"30":{"start":{"line":123,"column":19},"end":{"line":123,"column":105}},"31":{"start":{"line":125,"column":4},"end":{"line":131,"column":7}},"32":{"start":{"line":133,"column":4},"end":{"line":136,"column":7}},"33":{"start":{"line":138,"column":4},"end":{"line":143,"column":7}},"34":{"start":{"line":145,"column":4},"end":{"line":148,"column":7}},"35":{"start":{"line":157,"column":0},"end":{"line":314,"column":2}},"36":{"start":{"line":158,"column":2},"end":{"line":313,"column":3}},"37":{"start":{"line":159,"column":97},"end":{"line":159,"column":105}},"38":{"start":{"line":160,"column":20},"end":{"line":160,"column":37}},"39":{"start":{"line":163,"column":4},"end":{"line":168,"column":5}},"40":{"start":{"line":164,"column":6},"end":{"line":167,"column":9}},"41":{"start":{"line":171,"column":25},"end":{"line":171,"column":61}},"42":{"start":{"line":172,"column":4},"end":{"line":177,"column":5}},"43":{"start":{"line":173,"column":6},"end":{"line":176,"column":9}},"44":{"start":{"line":180,"column":4},"end":{"line":185,"column":5}},"45":{"start":{"line":181,"column":6},"end":{"line":184,"column":9}},"46":{"start":{"line":189,"column":4},"end":{"line":270,"column":5}},"47":{"start":{"line":192,"column":8},"end":{"line":197,"column":9}},"48":{"start":{"line":193,"column":10},"end":{"line":196,"column":13}},"49":{"start":{"line":199,"column":8},"end":{"line":199,"column":91}},"50":{"start":{"line":202,"column":8},"end":{"line":202,"column":84}},"51":{"start":{"line":204,"column":8},"end":{"line":210,"column":11}},"52":{"start":{"line":212,"column":8},"end":{"line":212,"column":14}},"53":{"start":{"line":217,"column":8},"end":{"line":222,"column":9}},"54":{"start":{"line":218,"column":10},"end":{"line":221,"column":13}},"55":{"start":{"line":224,"column":30},"end":{"line":224,"column":55}},"56":{"start":{"line":225,"column":8},"end":{"line":230,"column":9}},"57":{"start":{"line":226,"column":10},"end":{"line":229,"column":13}},"58":{"start":{"line":232,"column":8},"end":{"line":239,"column":10}},"59":{"start":{"line":242,"column":8},"end":{"line":242,"column":95}},"60":{"start":{"line":244,"column":8},"end":{"line":250,"column":11}},"61":{"start":{"line":252,"column":8},"end":{"line":252,"column":14}},"62":{"start":{"line":256,"column":8},"end":{"line":256,"column":89}},"63":{"start":{"line":259,"column":8},"end":{"line":259,"column":80}},"64":{"start":{"line":261,"column":8},"end":{"line":266,"column":11}},"65":{"start":{"line":268,"column":8},"end":{"line":268,"column":14}},"66":{"start":{"line":272,"column":23},"end":{"line":276,"column":5}},"67":{"start":{"line":278,"column":4},"end":{"line":282,"column":7}},"68":{"start":{"line":285,"column":4},"end":{"line":292,"column":7}},"69":{"start":{"line":295,"column":4},"end":{"line":300,"column":5}},"70":{"start":{"line":296,"column":6},"end":{"line":299,"column":9}},"71":{"start":{"line":302,"column":4},"end":{"line":307,"column":5}},"72":{"start":{"line":303,"column":6},"end":{"line":306,"column":9}},"73":{"start":{"line":309,"column":4},"end":{"line":312,"column":7}},"74":{"start":{"line":321,"column":0},"end":{"line":379,"column":2}},"75":{"start":{"line":322,"column":2},"end":{"line":378,"column":3}},"76":{"start":{"line":323,"column":24},"end":{"line":323,"column":34}},"77":{"start":{"line":324,"column":27},"end":{"line":324,"column":36}},"78":{"start":{"line":326,"column":4},"end":{"line":331,"column":5}},"79":{"start":{"line":327,"column":6},"end":{"line":330,"column":9}},"80":{"start":{"line":334,"column":4},"end":{"line":339,"column":5}},"81":{"start":{"line":335,"column":6},"end":{"line":338,"column":9}},"82":{"start":{"line":341,"column":25},"end":{"line":341,"column":85}},"83":{"start":{"line":343,"column":4},"end":{"line":349,"column":7}},"84":{"start":{"line":351,"column":4},"end":{"line":358,"column":7}},"85":{"start":{"line":361,"column":4},"end":{"line":365,"column":7}},"86":{"start":{"line":367,"column":4},"end":{"line":372,"column":5}},"87":{"start":{"line":368,"column":6},"end":{"line":371,"column":9}},"88":{"start":{"line":374,"column":4},"end":{"line":377,"column":7}}},"fnMap":{"0":{"name":"(anonymous_0)","decl":{"start":{"line":11,"column":33},"end":{"line":11,"column":34}},"loc":{"start":{"line":11,"column":53},"end":{"line":63,"column":1}},"line":11},"1":{"name":"(anonymous_1)","decl":{"start":{"line":70,"column":34},"end":{"line":70,"column":35}},"loc":{"start":{"line":70,"column":54},"end":{"line":105,"column":1}},"line":70},"2":{"name":"(anonymous_2)","decl":{"start":{"line":112,"column":21},"end":{"line":112,"column":22}},"loc":{"start":{"line":112,"column":41},"end":{"line":150,"column":1}},"line":112},"3":{"name":"(anonymous_3)","decl":{"start":{"line":157,"column":28},"end":{"line":157,"column":29}},"loc":{"start":{"line":157,"column":48},"end":{"line":314,"column":1}},"line":157},"4":{"name":"(anonymous_4)","decl":{"start":{"line":321,"column":31},"end":{"line":321,"column":32}},"loc":{"start":{"line":321,"column":51},"end":{"line":379,"column":1}},"line":321}},"branchMap":{"0":{"loc":{"start":{"line":16,"column":4},"end":{"line":21,"column":5}},"type":"if","locations":[{"start":{"line":16,"column":4},"end":{"line":21,"column":5}},{"start":{},"end":{}}],"line":16},"1":{"loc":{"start":{"line":16,"column":8},"end":{"line":16,"column":55}},"type":"binary-expr","locations":[{"start":{"line":16,"column":8},"end":{"line":16,"column":19}},{"start":{"line":16,"column":23},"end":{"line":16,"column":55}}],"line":16},"2":{"loc":{"start":{"line":28,"column":15},"end":{"line":28,"column":45}},"type":"binary-expr","locations":[{"start":{"line":28,"column":15},"end":{"line":28,"column":32}},{"start":{"line":28,"column":36},"end":{"line":28,"column":45}}],"line":28},"3":{"loc":{"start":{"line":29,"column":12},"end":{"line":29,"column":45}},"type":"binary-expr","locations":[{"start":{"line":29,"column":12},"end":{"line":29,"column":32}},{"start":{"line":29,"column":36},"end":{"line":29,"column":45}}],"line":29},"4":{"loc":{"start":{"line":31,"column":20},"end":{"line":31,"column":53}},"type":"binary-expr","locations":[{"start":{"line":31,"column":20},"end":{"line":31,"column":45}},{"start":{"line":31,"column":49},"end":{"line":31,"column":53}}],"line":31},"5":{"loc":{"start":{"line":33,"column":41},"end":{"line":33,"column":67}},"type":"cond-expr","locations":[{"start":{"line":33,"column":62},"end":{"line":33,"column":63}},{"start":{"line":33,"column":66},"end":{"line":33,"column":67}}],"line":33},"6":{"loc":{"start":{"line":51,"column":4},"end":{"line":56,"column":5}},"type":"if","locations":[{"start":{"line":51,"column":4},"end":{"line":56,"column":5}},{"start":{},"end":{}}],"line":51},"7":{"loc":{"start":{"line":74,"column":4},"end":{"line":79,"column":5}},"type":"if","locations":[{"start":{"line":74,"column":4},"end":{"line":79,"column":5}},{"start":{},"end":{}}],"line":74},"8":{"loc":{"start":{"line":74,"column":8},"end":{"line":74,"column":55}},"type":"binary-expr","locations":[{"start":{"line":74,"column":8},"end":{"line":74,"column":19}},{"start":{"line":74,"column":23},"end":{"line":74,"column":55}}],"line":74},"9":{"loc":{"start":{"line":116,"column":4},"end":{"line":121,"column":5}},"type":"if","locations":[{"start":{"line":116,"column":4},"end":{"line":121,"column":5}},{"start":{},"end":{}}],"line":116},"10":{"loc":{"start":{"line":116,"column":8},"end":{"line":116,"column":28}},"type":"binary-expr","locations":[{"start":{"line":116,"column":8},"end":{"line":116,"column":16}},{"start":{"line":116,"column":20},"end":{"line":116,"column":28}}],"line":116},"11":{"loc":{"start":{"line":127,"column":16},"end":{"line":127,"column":44}},"type":"binary-expr","locations":[{"start":{"line":127,"column":16},"end":{"line":127,"column":33}},{"start":{"line":127,"column":37},"end":{"line":127,"column":44}}],"line":127},"12":{"loc":{"start":{"line":128,"column":18},"end":{"line":128,"column":49}},"type":"binary-expr","locations":[{"start":{"line":128,"column":18},"end":{"line":128,"column":36}},{"start":{"line":128,"column":40},"end":{"line":128,"column":49}}],"line":128},"13":{"loc":{"start":{"line":129,"column":23},"end":{"line":129,"column":51}},"type":"binary-expr","locations":[{"start":{"line":129,"column":23},"end":{"line":129,"column":43}},{"start":{"line":129,"column":47},"end":{"line":129,"column":51}}],"line":129},"14":{"loc":{"start":{"line":163,"column":4},"end":{"line":168,"column":5}},"type":"if","locations":[{"start":{"line":163,"column":4},"end":{"line":168,"column":5}},{"start":{},"end":{}}],"line":163},"15":{"loc":{"start":{"line":163,"column":8},"end":{"line":163,"column":42}},"type":"binary-expr","locations":[{"start":{"line":163,"column":8},"end":{"line":163,"column":15}},{"start":{"line":163,"column":19},"end":{"line":163,"column":27}},{"start":{"line":163,"column":31},"end":{"line":163,"column":42}}],"line":163},"16":{"loc":{"start":{"line":172,"column":4},"end":{"line":177,"column":5}},"type":"if","locations":[{"start":{"line":172,"column":4},"end":{"line":177,"column":5}},{"start":{},"end":{}}],"line":172},"17":{"loc":{"start":{"line":180,"column":4},"end":{"line":185,"column":5}},"type":"if","locations":[{"start":{"line":180,"column":4},"end":{"line":185,"column":5}},{"start":{},"end":{}}],"line":180},"18":{"loc":{"start":{"line":189,"column":4},"end":{"line":270,"column":5}},"type":"switch","locations":[{"start":{"line":190,"column":6},"end":{"line":213,"column":7}},{"start":{"line":215,"column":6},"end":{"line":253,"column":7}},{"start":{"line":255,"column":6},"end":{"line":269,"column":7}}],"line":189},"19":{"loc":{"start":{"line":192,"column":8},"end":{"line":197,"column":9}},"type":"if","locations":[{"start":{"line":192,"column":8},"end":{"line":197,"column":9}},{"start":{},"end":{}}],"line":192},"20":{"loc":{"start":{"line":217,"column":8},"end":{"line":222,"column":9}},"type":"if","locations":[{"start":{"line":217,"column":8},"end":{"line":222,"column":9}},{"start":{},"end":{}}],"line":217},"21":{"loc":{"start":{"line":225,"column":8},"end":{"line":230,"column":9}},"type":"if","locations":[{"start":{"line":225,"column":8},"end":{"line":230,"column":9}},{"start":{},"end":{}}],"line":225},"22":{"loc":{"start":{"line":237,"column":10},"end":{"line":237,"column":41}},"type":"binary-expr","locations":[{"start":{"line":237,"column":10},"end":{"line":237,"column":16}},{"start":{"line":237,"column":20},"end":{"line":237,"column":41}}],"line":237},"23":{"loc":{"start":{"line":280,"column":24},"end":{"line":280,"column":52}},"type":"binary-expr","locations":[{"start":{"line":280,"column":24},"end":{"line":280,"column":42}},{"start":{"line":280,"column":46},"end":{"line":280,"column":52}}],"line":280},"24":{"loc":{"start":{"line":295,"column":4},"end":{"line":300,"column":5}},"type":"if","locations":[{"start":{"line":295,"column":4},"end":{"line":300,"column":5}},{"start":{},"end":{}}],"line":295},"25":{"loc":{"start":{"line":302,"column":4},"end":{"line":307,"column":5}},"type":"if","locations":[{"start":{"line":302,"column":4},"end":{"line":307,"column":5}},{"start":{},"end":{}}],"line":302},"26":{"loc":{"start":{"line":302,"column":8},"end":{"line":302,"column":115}},"type":"binary-expr","locations":[{"start":{"line":302,"column":8},"end":{"line":302,"column":42}},{"start":{"line":302,"column":46},"end":{"line":302,"column":79}},{"start":{"line":302,"column":83},"end":{"line":302,"column":115}}],"line":302},"27":{"loc":{"start":{"line":326,"column":4},"end":{"line":331,"column":5}},"type":"if","locations":[{"start":{"line":326,"column":4},"end":{"line":331,"column":5}},{"start":{},"end":{}}],"line":326},"28":{"loc":{"start":{"line":326,"column":8},"end":{"line":326,"column":31}},"type":"binary-expr","locations":[{"start":{"line":326,"column":8},"end":{"line":326,"column":16}},{"start":{"line":326,"column":20},"end":{"line":326,"column":31}}],"line":326},"29":{"loc":{"start":{"line":334,"column":4},"end":{"line":339,"column":5}},"type":"if","locations":[{"start":{"line":334,"column":4},"end":{"line":339,"column":5}},{"start":{},"end":{}}],"line":334},"30":{"loc":{"start":{"line":367,"column":4},"end":{"line":372,"column":5}},"type":"if","locations":[{"start":{"line":367,"column":4},"end":{"line":372,"column":5}},{"start":{},"end":{}}],"line":367}},"s":{"0":1,"1":1,"2":1,"3":1,"4":0,"5":0,"6":0,"7":0,"8":0,"9":0,"10":0,"11":0,"12":0,"13":0,"14":0,"15":1,"16":0,"17":0,"18":0,"19":0,"20":0,"21":0,"22":0,"23":0,"24":0,"25":1,"26":0,"27":0,"28":0,"29":0,"30":0,"31":0,"32":0,"33":0,"34":0,"35":1,"36":0,"37":0,"38":0,"39":0,"40":0,"41":0,"42":0,"43":0,"44":0,"45":0,"46":0,"47":0,"48":0,"49":0,"50":0,"51":0,"52":0,"53":0,"54":0,"55":0,"56":0,"57":0,"58":0,"59":0,"60":0,"61":0,"62":0,"63":0,"64":0,"65":0,"66":0,"67":0,"68":0,"69":0,"70":0,"71":0,"72":0,"73":0,"74":1,"75":0,"76":0,"77":0,"78":0,"79":0,"80":0,"81":0,"82":0,"83":0,"84":0,"85":0,"86":0,"87":0,"88":0},"f":{"0":0,"1":0,"2":0,"3":0,"4":0},"b":{"0":[0,0],"1":[0,0],"2":[0,0],"3":[0,0],"4":[0,0],"5":[0,0],"6":[0,0],"7":[0,0],"8":[0,0],"9":[0,0],"10":[0,0],"11":[0,0],"12":[0,0],"13":[0,0],"14":[0,0],"15":[0,0,0],"16":[0,0],"17":[0,0],"18":[0,0,0],"19":[0,0],"20":[0,0],"21":[0,0],"22":[0,0],"23":[0,0],"24":[0,0],"25":[0,0],"26":[0,0,0],"27":[0,0],"28":[0,0],"29":[0,0],"30":[0,0]},"_coverageSchema":"1a1c01bbd47fc00a2c39e90264f33305004495a9","hash":"ce3f28d0bbd11bb38dc972af3215d51fd85cc426"}
,"C:\\Users\\DELL\\Desktop\\Nebula-Stack\\controllers\\staffController.js": {"path":"C:\\Users\\DELL\\Desktop\\Nebula-Stack\\controllers\\staffController.js","statementMap":{"0":{"start":{"line":1,"column":12},"end":{"line":1,"column":35}},"1":{"start":{"line":2,"column":15},"end":{"line":2,"column":32}},"2":{"start":{"line":3,"column":25},"end":{"line":3,"column":64}},"3":{"start":{"line":4,"column":14},"end":{"line":4,"column":40}},"4":{"start":{"line":5,"column":15},"end":{"line":5,"column":41}},"5":{"start":{"line":7,"column":19},"end":{"line":7,"column":61}},"6":{"start":{"line":8,"column":23},"end":{"line":8,"column":27}},"7":{"start":{"line":10,"column":0},"end":{"line":49,"column":2}},"8":{"start":{"line":11,"column":30},"end":{"line":11,"column":38}},"9":{"start":{"line":12,"column":2},"end":{"line":14,"column":3}},"10":{"start":{"line":13,"column":4},"end":{"line":13,"column":96}},"11":{"start":{"line":16,"column":2},"end":{"line":48,"column":3}},"12":{"start":{"line":17,"column":18},"end":{"line":17,"column":83}},"13":{"start":{"line":18,"column":4},"end":{"line":20,"column":5}},"14":{"start":{"line":19,"column":6},"end":{"line":19,"column":86}},"15":{"start":{"line":22,"column":20},"end":{"line":22,"column":70}},"16":{"start":{"line":23,"column":4},"end":{"line":25,"column":5}},"17":{"start":{"line":24,"column":6},"end":{"line":24,"column":86}},"18":{"start":{"line":27,"column":4},"end":{"line":29,"column":5}},"19":{"start":{"line":28,"column":6},"end":{"line":28,"column":83}},"20":{"start":{"line":32,"column":20},"end":{"line":38,"column":5}},"21":{"start":{"line":40,"column":18},"end":{"line":40,"column":78}},"22":{"start":{"line":42,"column":4},"end":{"line":42,"column":78}},"23":{"start":{"line":44,"column":4},"end":{"line":44,"column":39}},"24":{"start":{"line":46,"column":4},"end":{"line":46,"column":56}},"25":{"start":{"line":47,"column":4},"end":{"line":47,"column":70}},"26":{"start":{"line":51,"column":0},"end":{"line":54,"column":2}},"27":{"start":{"line":52,"column":2},"end":{"line":52,"column":74}},"28":{"start":{"line":53,"column":2},"end":{"line":53,"column":30}},"29":{"start":{"line":56,"column":0},"end":{"line":58,"column":2}},"30":{"start":{"line":57,"column":2},"end":{"line":57,"column":46}}},"fnMap":{"0":{"name":"(anonymous_0)","decl":{"start":{"line":10,"column":16},"end":{"line":10,"column":17}},"loc":{"start":{"line":10,"column":36},"end":{"line":49,"column":1}},"line":10},"1":{"name":"(anonymous_1)","decl":{"start":{"line":51,"column":17},"end":{"line":51,"column":18}},"loc":{"start":{"line":51,"column":37},"end":{"line":54,"column":1}},"line":51},"2":{"name":"(anonymous_2)","decl":{"start":{"line":56,"column":26},"end":{"line":56,"column":27}},"loc":{"start":{"line":56,"column":40},"end":{"line":58,"column":1}},"line":56}},"branchMap":{"0":{"loc":{"start":{"line":7,"column":19},"end":{"line":7,"column":61}},"type":"binary-expr","locations":[{"start":{"line":7,"column":19},"end":{"line":7,"column":41}},{"start":{"line":7,"column":45},"end":{"line":7,"column":61}}],"line":7},"1":{"loc":{"start":{"line":12,"column":2},"end":{"line":14,"column":3}},"type":"if","locations":[{"start":{"line":12,"column":2},"end":{"line":14,"column":3}},{"start":{},"end":{}}],"line":12},"2":{"loc":{"start":{"line":12,"column":6},"end":{"line":12,"column":25}},"type":"binary-expr","locations":[{"start":{"line":12,"column":6},"end":{"line":12,"column":12}},{"start":{"line":12,"column":16},"end":{"line":12,"column":25}}],"line":12},"3":{"loc":{"start":{"line":18,"column":4},"end":{"line":20,"column":5}},"type":"if","locations":[{"start":{"line":18,"column":4},"end":{"line":20,"column":5}},{"start":{},"end":{}}],"line":18},"4":{"loc":{"start":{"line":23,"column":4},"end":{"line":25,"column":5}},"type":"if","locations":[{"start":{"line":23,"column":4},"end":{"line":25,"column":5}},{"start":{},"end":{}}],"line":23},"5":{"loc":{"start":{"line":27,"column":4},"end":{"line":29,"column":5}},"type":"if","locations":[{"start":{"line":27,"column":4},"end":{"line":29,"column":5}},{"start":{},"end":{}}],"line":27},"6":{"loc":{"start":{"line":35,"column":12},"end":{"line":35,"column":60}},"type":"binary-expr","locations":[{"start":{"line":35,"column":12},"end":{"line":35,"column":22}},{"start":{"line":35,"column":26},"end":{"line":35,"column":60}}],"line":35},"7":{"loc":{"start":{"line":36,"column":18},"end":{"line":36,"column":52}},"type":"binary-expr","locations":[{"start":{"line":36,"column":18},"end":{"line":36,"column":34}},{"start":{"line":36,"column":38},"end":{"line":36,"column":52}}],"line":36}},"s":{"0":1,"1":1,"2":1,"3":1,"4":1,"5":1,"6":1,"7":1,"8":0,"9":0,"10":0,"11":0,"12":0,"13":0,"14":0,"15":0,"16":0,"17":0,"18":0,"19":0,"20":0,"21":0,"22":0,"23":0,"24":0,"25":0,"26":1,"27":0,"28":0,"29":1,"30":0},"f":{"0":0,"1":0,"2":0},"b":{"0":[1,0],"1":[0,0],"2":[0,0],"3":[0,0],"4":[0,0],"5":[0,0],"6":[0,0],"7":[0,0]},"_coverageSchema":"1a1c01bbd47fc00a2c39e90264f33305004495a9","hash":"ba974848e42f8b91ea17df79788d45e80b53952a"}
,"C:\\Users\\DELL\\Desktop\\Nebula-Stack\\controllers\\tokenController.js": {"path":"C:\\Users\\DELL\\Desktop\\Nebula-Stack\\controllers\\tokenController.js","statementMap":{"0":{"start":{"line":1,"column":23},"end":{"line":1,"column":60}},"1":{"start":{"line":2,"column":15},"end":{"line":2,"column":41}},"2":{"start":{"line":7,"column":0},"end":{"line":32,"column":2}},"3":{"start":{"line":8,"column":2},"end":{"line":31,"column":3}},"4":{"start":{"line":9,"column":38},"end":{"line":9,"column":46}},"5":{"start":{"line":10,"column":4},"end":{"line":12,"column":5}},"6":{"start":{"line":11,"column":6},"end":{"line":11,"column":104}},"7":{"start":{"line":14,"column":20},"end":{"line":14,"column":81}},"8":{"start":{"line":17,"column":16},"end":{"line":17,"column":61}},"9":{"start":{"line":19,"column":4},"end":{"line":26,"column":7}},"10":{"start":{"line":29,"column":4},"end":{"line":29,"column":66}},"11":{"start":{"line":30,"column":4},"end":{"line":30,"column":99}},"12":{"start":{"line":37,"column":0},"end":{"line":55,"column":2}},"13":{"start":{"line":38,"column":2},"end":{"line":54,"column":3}},"14":{"start":{"line":39,"column":45},"end":{"line":39,"column":53}},"15":{"start":{"line":40,"column":4},"end":{"line":42,"column":5}},"16":{"start":{"line":41,"column":6},"end":{"line":41,"column":104}},"17":{"start":{"line":44,"column":20},"end":{"line":44,"column":103}},"18":{"start":{"line":46,"column":4},"end":{"line":50,"column":7}},"19":{"start":{"line":52,"column":4},"end":{"line":52,"column":65}},"20":{"start":{"line":53,"column":4},"end":{"line":53,"column":98}},"21":{"start":{"line":60,"column":0},"end":{"line":78,"column":2}},"22":{"start":{"line":61,"column":2},"end":{"line":77,"column":3}},"23":{"start":{"line":62,"column":45},"end":{"line":62,"column":53}},"24":{"start":{"line":63,"column":4},"end":{"line":65,"column":5}},"25":{"start":{"line":64,"column":6},"end":{"line":64,"column":104}},"26":{"start":{"line":67,"column":20},"end":{"line":67,"column":101}},"27":{"start":{"line":69,"column":4},"end":{"line":73,"column":7}},"28":{"start":{"line":75,"column":4},"end":{"line":75,"column":69}},"29":{"start":{"line":76,"column":4},"end":{"line":76,"column":102}},"30":{"start":{"line":83,"column":0},"end":{"line":100,"column":2}},"31":{"start":{"line":84,"column":2},"end":{"line":99,"column":3}},"32":{"start":{"line":85,"column":27},"end":{"line":85,"column":37}},"33":{"start":{"line":86,"column":4},"end":{"line":88,"column":5}},"34":{"start":{"line":87,"column":6},"end":{"line":87,"column":86}},"35":{"start":{"line":90,"column":18},"end":{"line":90,"column":66}},"36":{"start":{"line":92,"column":4},"end":{"line":95,"column":7}},"37":{"start":{"line":97,"column":4},"end":{"line":97,"column":75}},"38":{"start":{"line":98,"column":4},"end":{"line":98,"column":97}}},"fnMap":{"0":{"name":"(anonymous_0)","decl":{"start":{"line":7,"column":21},"end":{"line":7,"column":22}},"loc":{"start":{"line":7,"column":41},"end":{"line":32,"column":1}},"line":7},"1":{"name":"(anonymous_1)","decl":{"start":{"line":37,"column":20},"end":{"line":37,"column":21}},"loc":{"start":{"line":37,"column":40},"end":{"line":55,"column":1}},"line":37},"2":{"name":"(anonymous_2)","decl":{"start":{"line":60,"column":24},"end":{"line":60,"column":25}},"loc":{"start":{"line":60,"column":44},"end":{"line":78,"column":1}},"line":60},"3":{"name":"(anonymous_3)","decl":{"start":{"line":83,"column":29},"end":{"line":83,"column":30}},"loc":{"start":{"line":83,"column":49},"end":{"line":100,"column":1}},"line":83}},"branchMap":{"0":{"loc":{"start":{"line":10,"column":4},"end":{"line":12,"column":5}},"type":"if","locations":[{"start":{"line":10,"column":4},"end":{"line":12,"column":5}},{"start":{},"end":{}}],"line":10},"1":{"loc":{"start":{"line":10,"column":8},"end":{"line":10,"column":33}},"type":"binary-expr","locations":[{"start":{"line":10,"column":8},"end":{"line":10,"column":18}},{"start":{"line":10,"column":22},"end":{"line":10,"column":33}}],"line":10},"2":{"loc":{"start":{"line":40,"column":4},"end":{"line":42,"column":5}},"type":"if","locations":[{"start":{"line":40,"column":4},"end":{"line":42,"column":5}},{"start":{},"end":{}}],"line":40},"3":{"loc":{"start":{"line":40,"column":8},"end":{"line":40,"column":43}},"type":"binary-expr","locations":[{"start":{"line":40,"column":8},"end":{"line":40,"column":18}},{"start":{"line":40,"column":22},"end":{"line":40,"column":28}},{"start":{"line":40,"column":32},"end":{"line":40,"column":43}}],"line":40},"4":{"loc":{"start":{"line":63,"column":4},"end":{"line":65,"column":5}},"type":"if","locations":[{"start":{"line":63,"column":4},"end":{"line":65,"column":5}},{"start":{},"end":{}}],"line":63},"5":{"loc":{"start":{"line":63,"column":8},"end":{"line":63,"column":43}},"type":"binary-expr","locations":[{"start":{"line":63,"column":8},"end":{"line":63,"column":18}},{"start":{"line":63,"column":22},"end":{"line":63,"column":28}},{"start":{"line":63,"column":32},"end":{"line":63,"column":43}}],"line":63},"6":{"loc":{"start":{"line":86,"column":4},"end":{"line":88,"column":5}},"type":"if","locations":[{"start":{"line":86,"column":4},"end":{"line":88,"column":5}},{"start":{},"end":{}}],"line":86}},"s":{"0":1,"1":1,"2":1,"3":0,"4":0,"5":0,"6":0,"7":0,"8":0,"9":0,"10":0,"11":0,"12":1,"13":0,"14":0,"15":0,"16":0,"17":0,"18":0,"19":0,"20":0,"21":1,"22":0,"23":0,"24":0,"25":0,"26":0,"27":0,"28":0,"29":0,"30":1,"31":0,"32":0,"33":0,"34":0,"35":0,"36":0,"37":0,"38":0},"f":{"0":0,"1":0,"2":0,"3":0},"b":{"0":[0,0],"1":[0,0],"2":[0,0],"3":[0,0,0],"4":[0,0],"5":[0,0,0],"6":[0,0]},"_coverageSchema":"1a1c01bbd47fc00a2c39e90264f33305004495a9","hash":"186354b1adf1137e312030aafc6ce19d99dd3d0e"}
,"C:\\Users\\DELL\\Desktop\\Nebula-Stack\\middleware\\authMiddleware.js": {"path":"C:\\Users\\DELL\\Desktop\\Nebula-Stack\\middleware\\authMiddleware.js","statementMap":{"0":{"start":{"line":1,"column":12},"end":{"line":1,"column":35}},"1":{"start":{"line":2,"column":14},"end":{"line":2,"column":40}},"2":{"start":{"line":10,"column":4},"end":{"line":10,"column":38}},"3":{"start":{"line":12,"column":19},"end":{"line":12,"column":41}},"4":{"start":{"line":15,"column":2},"end":{"line":25,"column":3}},"5":{"start":{"line":16,"column":18},"end":{"line":16,"column":58}},"6":{"start":{"line":17,"column":4},"end":{"line":17,"column":49}},"7":{"start":{"line":17,"column":16},"end":{"line":17,"column":49}},"8":{"start":{"line":19,"column":20},"end":{"line":19,"column":49}},"9":{"start":{"line":20,"column":4},"end":{"line":20,"column":23}},"10":{"start":{"line":21,"column":4},"end":{"line":21,"column":11}},"11":{"start":{"line":23,"column":4},"end":{"line":23,"column":64}},"12":{"start":{"line":24,"column":4},"end":{"line":24,"column":70}},"13":{"start":{"line":28,"column":26},"end":{"line":34,"column":1}},"14":{"start":{"line":28,"column":36},"end":{"line":34,"column":1}},"15":{"start":{"line":29,"column":2},"end":{"line":32,"column":3}},"16":{"start":{"line":30,"column":4},"end":{"line":30,"column":88}},"17":{"start":{"line":31,"column":4},"end":{"line":31,"column":58}},"18":{"start":{"line":33,"column":2},"end":{"line":33,"column":9}},"19":{"start":{"line":36,"column":20},"end":{"line":42,"column":1}},"20":{"start":{"line":36,"column":31},"end":{"line":42,"column":1}},"21":{"start":{"line":37,"column":2},"end":{"line":40,"column":3}},"22":{"start":{"line":38,"column":4},"end":{"line":38,"column":107}},"23":{"start":{"line":39,"column":4},"end":{"line":39,"column":58}},"24":{"start":{"line":41,"column":2},"end":{"line":41,"column":9}},"25":{"start":{"line":44,"column":26},"end":{"line":50,"column":1}},"26":{"start":{"line":44,"column":37},"end":{"line":50,"column":1}},"27":{"start":{"line":45,"column":2},"end":{"line":48,"column":3}},"28":{"start":{"line":46,"column":4},"end":{"line":46,"column":119}},"29":{"start":{"line":47,"column":4},"end":{"line":47,"column":58}},"30":{"start":{"line":49,"column":2},"end":{"line":49,"column":9}},"31":{"start":{"line":52,"column":22},"end":{"line":58,"column":1}},"32":{"start":{"line":53,"column":2},"end":{"line":56,"column":3}},"33":{"start":{"line":54,"column":4},"end":{"line":54,"column":80}},"34":{"start":{"line":55,"column":4},"end":{"line":55,"column":57}},"35":{"start":{"line":57,"column":2},"end":{"line":57,"column":9}},"36":{"start":{"line":60,"column":0},"end":{"line":66,"column":2}}},"fnMap":{"0":{"name":"authenticate","decl":{"start":{"line":14,"column":9},"end":{"line":14,"column":21}},"loc":{"start":{"line":14,"column":38},"end":{"line":26,"column":1}},"line":14},"1":{"name":"(anonymous_1)","decl":{"start":{"line":28,"column":26},"end":{"line":28,"column":27}},"loc":{"start":{"line":28,"column":36},"end":{"line":34,"column":1}},"line":28},"2":{"name":"(anonymous_2)","decl":{"start":{"line":28,"column":36},"end":{"line":28,"column":37}},"loc":{"start":{"line":28,"column":56},"end":{"line":34,"column":1}},"line":28},"3":{"name":"(anonymous_3)","decl":{"start":{"line":36,"column":20},"end":{"line":36,"column":21}},"loc":{"start":{"line":36,"column":31},"end":{"line":42,"column":1}},"line":36},"4":{"name":"(anonymous_4)","decl":{"start":{"line":36,"column":31},"end":{"line":36,"column":32}},"loc":{"start":{"line":36,"column":51},"end":{"line":42,"column":1}},"line":36},"5":{"name":"(anonymous_5)","decl":{"start":{"line":44,"column":26},"end":{"line":44,"column":27}},"loc":{"start":{"line":44,"column":37},"end":{"line":50,"column":1}},"line":44},"6":{"name":"(anonymous_6)","decl":{"start":{"line":44,"column":37},"end":{"line":44,"column":38}},"loc":{"start":{"line":44,"column":57},"end":{"line":50,"column":1}},"line":44},"7":{"name":"(anonymous_7)","decl":{"start":{"line":52,"column":22},"end":{"line":52,"column":23}},"loc":{"start":{"line":52,"column":42},"end":{"line":58,"column":1}},"line":52}},"branchMap":{"0":{"loc":{"start":{"line":17,"column":4},"end":{"line":17,"column":49}},"type":"if","locations":[{"start":{"line":17,"column":4},"end":{"line":17,"column":49}},{"start":{},"end":{}}],"line":17},"1":{"loc":{"start":{"line":29,"column":2},"end":{"line":32,"column":3}},"type":"if","locations":[{"start":{"line":29,"column":2},"end":{"line":32,"column":3}},{"start":{},"end":{}}],"line":29},"2":{"loc":{"start":{"line":37,"column":2},"end":{"line":40,"column":3}},"type":"if","locations":[{"start":{"line":37,"column":2},"end":{"line":40,"column":3}},{"start":{},"end":{}}],"line":37},"3":{"loc":{"start":{"line":45,"column":2},"end":{"line":48,"column":3}},"type":"if","locations":[{"start":{"line":45,"column":2},"end":{"line":48,"column":3}},{"start":{},"end":{}}],"line":45},"4":{"loc":{"start":{"line":53,"column":2},"end":{"line":56,"column":3}},"type":"if","locations":[{"start":{"line":53,"column":2},"end":{"line":56,"column":3}},{"start":{},"end":{}}],"line":53}},"s":{"0":1,"1":1,"2":1,"3":1,"4":17,"5":17,"6":17,"7":2,"8":15,"9":15,"10":15,"11":2,"12":2,"13":1,"14":5,"15":15,"16":0,"17":0,"18":0,"19":1,"20":0,"21":0,"22":0,"23":0,"24":0,"25":1,"26":0,"27":0,"28":0,"29":0,"30":0,"31":1,"32":0,"33":0,"34":0,"35":0,"36":1},"f":{"0":17,"1":5,"2":15,"3":0,"4":0,"5":0,"6":0,"7":0},"b":{"0":[2,15],"1":[0,0],"2":[0,0],"3":[0,0],"4":[0,0]},"_coverageSchema":"1a1c01bbd47fc00a2c39e90264f33305004495a9","hash":"4a788c09e7a96912e93be24be64280424d674922"}
,"C:\\Users\\DELL\\Desktop\\Nebula-Stack\\models\\Department.js": {"path":"C:\\Users\\DELL\\Desktop\\Nebula-Stack\\models\\Department.js","statementMap":{"0":{"start":{"line":1,"column":17},"end":{"line":1,"column":36}},"1":{"start":{"line":3,"column":25},"end":{"line":22,"column":1}},"2":{"start":{"line":24,"column":0},"end":{"line":24,"column":64}}},"fnMap":{},"branchMap":{},"s":{"0":1,"1":1,"2":1},"f":{},"b":{},"_coverageSchema":"1a1c01bbd47fc00a2c39e90264f33305004495a9","hash":"2c77f30137df8bec768225e8585ba11429020f9f"}
,"C:\\Users\\DELL\\Desktop\\Nebula-Stack\\models\\DepartmentCounter.js": {"path":"C:\\Users\\DELL\\Desktop\\Nebula-Stack\\models\\DepartmentCounter.js","statementMap":{"0":{"start":{"line":1,"column":17},"end":{"line":1,"column":36}},"1":{"start":{"line":3,"column":32},"end":{"line":16,"column":1}},"2":{"start":{"line":18,"column":0},"end":{"line":18,"column":67}},"3":{"start":{"line":20,"column":0},"end":{"line":23,"column":2}}},"fnMap":{},"branchMap":{},"s":{"0":1,"1":1,"2":1,"3":1},"f":{},"b":{},"_coverageSchema":"1a1c01bbd47fc00a2c39e90264f33305004495a9","hash":"02dbacfb5049e41f9c0e13a603d6ada3838387d8"}
,"C:\\Users\\DELL\\Desktop\\Nebula-Stack\\models\\Patient.js": {"path":"C:\\Users\\DELL\\Desktop\\Nebula-Stack\\models\\Patient.js","statementMap":{"0":{"start":{"line":2,"column":17},"end":{"line":2,"column":36}},"1":{"start":{"line":7,"column":27},"end":{"line":26,"column":1}},"2":{"start":{"line":32,"column":20},"end":{"line":83,"column":1}},"3":{"start":{"line":86,"column":22},"end":{"line":177,"column":1}},"4":{"start":{"line":182,"column":0},"end":{"line":182,"column":56}},"5":{"start":{"line":183,"column":0},"end":{"line":183,"column":35}},"6":{"start":{"line":184,"column":0},"end":{"line":184,"column":46}},"7":{"start":{"line":187,"column":0},"end":{"line":187,"column":53}},"8":{"start":{"line":188,"column":0},"end":{"line":188,"column":58}},"9":{"start":{"line":191,"column":0},"end":{"line":191,"column":79}},"10":{"start":{"line":197,"column":0},"end":{"line":209,"column":52}},"11":{"start":{"line":198,"column":15},"end":{"line":198,"column":24}},"12":{"start":{"line":200,"column":2},"end":{"line":206,"column":3}},"13":{"start":{"line":201,"column":16},"end":{"line":201,"column":52}},"14":{"start":{"line":202,"column":4},"end":{"line":204,"column":5}},"15":{"start":{"line":203,"column":6},"end":{"line":203,"column":19}},"16":{"start":{"line":205,"column":4},"end":{"line":205,"column":18}},"17":{"start":{"line":208,"column":2},"end":{"line":208,"column":14}},"18":{"start":{"line":214,"column":0},"end":{"line":224,"column":3}},"19":{"start":{"line":215,"column":2},"end":{"line":222,"column":3}},"20":{"start":{"line":216,"column":4},"end":{"line":221,"column":10}},"21":{"start":{"line":217,"column":19},"end":{"line":217,"column":71}},"22":{"start":{"line":218,"column":17},"end":{"line":221,"column":7}},"23":{"start":{"line":223,"column":2},"end":{"line":223,"column":9}},"24":{"start":{"line":229,"column":0},"end":{"line":231,"column":3}},"25":{"start":{"line":230,"column":2},"end":{"line":230,"column":59}},"26":{"start":{"line":236,"column":0},"end":{"line":255,"column":2}},"27":{"start":{"line":238,"column":17},"end":{"line":240,"column":3}},"28":{"start":{"line":239,"column":9},"end":{"line":239,"column":57}},"29":{"start":{"line":242,"column":2},"end":{"line":244,"column":3}},"30":{"start":{"line":243,"column":4},"end":{"line":243,"column":82}},"31":{"start":{"line":246,"column":2},"end":{"line":252,"column":5}},"32":{"start":{"line":260,"column":0},"end":{"line":285,"column":2}},"33":{"start":{"line":261,"column":21},"end":{"line":263,"column":3}},"34":{"start":{"line":262,"column":9},"end":{"line":262,"column":57}},"35":{"start":{"line":265,"column":2},"end":{"line":267,"column":3}},"36":{"start":{"line":266,"column":4},"end":{"line":266,"column":77}},"37":{"start":{"line":269,"column":2},"end":{"line":271,"column":3}},"38":{"start":{"line":270,"column":4},"end":{"line":270,"column":53}},"39":{"start":{"line":273,"column":2},"end":{"line":273,"column":36}},"40":{"start":{"line":274,"column":2},"end":{"line":274,"column":38}},"41":{"start":{"line":275,"column":2},"end":{"line":275,"column":31}},"42":{"start":{"line":278,"column":2},"end":{"line":278,"column":58}},"43":{"start":{"line":279,"column":2},"end":{"line":284,"column":5}},"44":{"start":{"line":290,"column":0},"end":{"line":321,"column":2}},"45":{"start":{"line":291,"column":21},"end":{"line":293,"column":3}},"46":{"start":{"line":292,"column":9},"end":{"line":292,"column":57}},"47":{"start":{"line":295,"column":2},"end":{"line":297,"column":3}},"48":{"start":{"line":296,"column":4},"end":{"line":296,"column":77}},"49":{"start":{"line":299,"column":2},"end":{"line":301,"column":3}},"50":{"start":{"line":300,"column":4},"end":{"line":300,"column":94}},"51":{"start":{"line":303,"column":25},"end":{"line":303,"column":42}},"52":{"start":{"line":305,"column":2},"end":{"line":305,"column":32}},"53":{"start":{"line":306,"column":2},"end":{"line":306,"column":36}},"54":{"start":{"line":307,"column":2},"end":{"line":307,"column":36}},"55":{"start":{"line":308,"column":2},"end":{"line":308,"column":33}},"56":{"start":{"line":311,"column":2},"end":{"line":311,"column":58}},"57":{"start":{"line":312,"column":2},"end":{"line":320,"column":5}},"58":{"start":{"line":326,"column":0},"end":{"line":359,"column":2}},"59":{"start":{"line":327,"column":21},"end":{"line":329,"column":3}},"60":{"start":{"line":328,"column":9},"end":{"line":328,"column":57}},"61":{"start":{"line":331,"column":2},"end":{"line":333,"column":3}},"62":{"start":{"line":332,"column":4},"end":{"line":332,"column":77}},"63":{"start":{"line":335,"column":2},"end":{"line":337,"column":3}},"64":{"start":{"line":336,"column":4},"end":{"line":336,"column":98}},"65":{"start":{"line":339,"column":25},"end":{"line":339,"column":42}},"66":{"start":{"line":341,"column":2},"end":{"line":341,"column":36}},"67":{"start":{"line":342,"column":2},"end":{"line":342,"column":40}},"68":{"start":{"line":343,"column":2},"end":{"line":343,"column":47}},"69":{"start":{"line":344,"column":2},"end":{"line":344,"column":37}},"70":{"start":{"line":345,"column":2},"end":{"line":345,"column":40}},"71":{"start":{"line":348,"column":2},"end":{"line":348,"column":58}},"72":{"start":{"line":349,"column":2},"end":{"line":358,"column":5}},"73":{"start":{"line":364,"column":0},"end":{"line":395,"column":2}},"74":{"start":{"line":365,"column":21},"end":{"line":367,"column":3}},"75":{"start":{"line":366,"column":9},"end":{"line":366,"column":57}},"76":{"start":{"line":369,"column":2},"end":{"line":371,"column":3}},"77":{"start":{"line":370,"column":4},"end":{"line":370,"column":77}},"78":{"start":{"line":373,"column":2},"end":{"line":381,"column":3}},"79":{"start":{"line":375,"column":4},"end":{"line":375,"column":34}},"80":{"start":{"line":376,"column":9},"end":{"line":381,"column":3}},"81":{"start":{"line":378,"column":4},"end":{"line":378,"column":34}},"82":{"start":{"line":380,"column":4},"end":{"line":380,"column":98}},"83":{"start":{"line":383,"column":25},"end":{"line":383,"column":42}},"84":{"start":{"line":386,"column":2},"end":{"line":386,"column":58}},"85":{"start":{"line":387,"column":2},"end":{"line":394,"column":5}},"86":{"start":{"line":400,"column":0},"end":{"line":425,"column":2}},"87":{"start":{"line":401,"column":21},"end":{"line":403,"column":3}},"88":{"start":{"line":402,"column":9},"end":{"line":402,"column":57}},"89":{"start":{"line":405,"column":2},"end":{"line":407,"column":3}},"90":{"start":{"line":406,"column":4},"end":{"line":406,"column":77}},"91":{"start":{"line":409,"column":2},"end":{"line":409,"column":34}},"92":{"start":{"line":410,"column":2},"end":{"line":410,"column":38}},"93":{"start":{"line":411,"column":2},"end":{"line":411,"column":41}},"94":{"start":{"line":414,"column":24},"end":{"line":416,"column":3}},"95":{"start":{"line":415,"column":9},"end":{"line":415,"column":61}},"96":{"start":{"line":418,"column":2},"end":{"line":422,"column":3}},"97":{"start":{"line":419,"column":4},"end":{"line":419,"column":30}},"98":{"start":{"line":421,"column":4},"end":{"line":421,"column":28}},"99":{"start":{"line":430,"column":0},"end":{"line":433,"column":2}},"100":{"start":{"line":431,"column":16},"end":{"line":431,"column":72}},"101":{"start":{"line":431,"column":44},"end":{"line":431,"column":71}},"102":{"start":{"line":432,"column":2},"end":{"line":432,"column":36}},"103":{"start":{"line":435,"column":0},"end":{"line":435,"column":58}}},"fnMap":{"0":{"name":"(anonymous_0)","decl":{"start":{"line":197,"column":48},"end":{"line":197,"column":49}},"loc":{"start":{"line":197,"column":66},"end":{"line":209,"column":1}},"line":197},"1":{"name":"(anonymous_1)","decl":{"start":{"line":214,"column":26},"end":{"line":214,"column":27}},"loc":{"start":{"line":214,"column":42},"end":{"line":224,"column":1}},"line":214},"2":{"name":"(anonymous_2)","decl":{"start":{"line":217,"column":14},"end":{"line":217,"column":15}},"loc":{"start":{"line":217,"column":19},"end":{"line":217,"column":71}},"line":217},"3":{"name":"(anonymous_3)","decl":{"start":{"line":218,"column":11},"end":{"line":218,"column":12}},"loc":{"start":{"line":218,"column":17},"end":{"line":221,"column":7}},"line":218},"4":{"name":"(anonymous_4)","decl":{"start":{"line":229,"column":45},"end":{"line":229,"column":46}},"loc":{"start":{"line":229,"column":57},"end":{"line":231,"column":1}},"line":229},"5":{"name":"(anonymous_5)","decl":{"start":{"line":236,"column":35},"end":{"line":236,"column":36}},"loc":{"start":{"line":236,"column":75},"end":{"line":255,"column":1}},"line":236},"6":{"name":"(anonymous_6)","decl":{"start":{"line":239,"column":4},"end":{"line":239,"column":5}},"loc":{"start":{"line":239,"column":9},"end":{"line":239,"column":57}},"line":239},"7":{"name":"(anonymous_7)","decl":{"start":{"line":260,"column":34},"end":{"line":260,"column":35}},"loc":{"start":{"line":260,"column":63},"end":{"line":285,"column":1}},"line":260},"8":{"name":"(anonymous_8)","decl":{"start":{"line":262,"column":4},"end":{"line":262,"column":5}},"loc":{"start":{"line":262,"column":9},"end":{"line":262,"column":57}},"line":262},"9":{"name":"(anonymous_9)","decl":{"start":{"line":290,"column":34},"end":{"line":290,"column":35}},"loc":{"start":{"line":290,"column":92},"end":{"line":321,"column":1}},"line":290},"10":{"name":"(anonymous_10)","decl":{"start":{"line":292,"column":4},"end":{"line":292,"column":5}},"loc":{"start":{"line":292,"column":9},"end":{"line":292,"column":57}},"line":292},"11":{"name":"(anonymous_11)","decl":{"start":{"line":326,"column":40},"end":{"line":326,"column":41}},"loc":{"start":{"line":326,"column":115},"end":{"line":359,"column":1}},"line":326},"12":{"name":"(anonymous_12)","decl":{"start":{"line":328,"column":4},"end":{"line":328,"column":5}},"loc":{"start":{"line":328,"column":9},"end":{"line":328,"column":57}},"line":328},"13":{"name":"(anonymous_13)","decl":{"start":{"line":364,"column":40},"end":{"line":364,"column":41}},"loc":{"start":{"line":364,"column":90},"end":{"line":395,"column":1}},"line":364},"14":{"name":"(anonymous_14)","decl":{"start":{"line":366,"column":4},"end":{"line":366,"column":5}},"loc":{"start":{"line":366,"column":9},"end":{"line":366,"column":57}},"line":366},"15":{"name":"(anonymous_15)","decl":{"start":{"line":400,"column":38},"end":{"line":400,"column":39}},"loc":{"start":{"line":400,"column":67},"end":{"line":425,"column":1}},"line":400},"16":{"name":"(anonymous_16)","decl":{"start":{"line":402,"column":4},"end":{"line":402,"column":5}},"loc":{"start":{"line":402,"column":9},"end":{"line":402,"column":57}},"line":402},"17":{"name":"(anonymous_17)","decl":{"start":{"line":415,"column":4},"end":{"line":415,"column":5}},"loc":{"start":{"line":415,"column":9},"end":{"line":415,"column":61}},"line":415},"18":{"name":"(anonymous_18)","decl":{"start":{"line":430,"column":52},"end":{"line":430,"column":53}},"loc":{"start":{"line":430,"column":74},"end":{"line":433,"column":1}},"line":430},"19":{"name":"(anonymous_19)","decl":{"start":{"line":431,"column":39},"end":{"line":431,"column":40}},"loc":{"start":{"line":431,"column":44},"end":{"line":431,"column":71}},"line":431}},"branchMap":{"0":{"loc":{"start":{"line":202,"column":4},"end":{"line":204,"column":5}},"type":"if","locations":[{"start":{"line":202,"column":4},"end":{"line":204,"column":5}},{"start":{},"end":{}}],"line":202},"1":{"loc":{"start":{"line":215,"column":2},"end":{"line":222,"column":3}},"type":"if","locations":[{"start":{"line":215,"column":2},"end":{"line":222,"column":3}},{"start":{},"end":{}}],"line":215},"2":{"loc":{"start":{"line":217,"column":19},"end":{"line":217,"column":71}},"type":"binary-expr","locations":[{"start":{"line":217,"column":19},"end":{"line":217,"column":41}},{"start":{"line":217,"column":45},"end":{"line":217,"column":71}}],"line":217},"3":{"loc":{"start":{"line":230,"column":9},"end":{"line":230,"column":58}},"type":"binary-expr","locations":[{"start":{"line":230,"column":9},"end":{"line":230,"column":26}},{"start":{"line":230,"column":30},"end":{"line":230,"column":58}}],"line":230},"4":{"loc":{"start":{"line":236,"column":64},"end":{"line":236,"column":73}},"type":"default-arg","locations":[{"start":{"line":236,"column":72},"end":{"line":236,"column":73}}],"line":236},"5":{"loc":{"start":{"line":239,"column":9},"end":{"line":239,"column":57}},"type":"binary-expr","locations":[{"start":{"line":239,"column":9},"end":{"line":239,"column":26}},{"start":{"line":239,"column":30},"end":{"line":239,"column":57}}],"line":239},"6":{"loc":{"start":{"line":242,"column":2},"end":{"line":244,"column":3}},"type":"if","locations":[{"start":{"line":242,"column":2},"end":{"line":244,"column":3}},{"start":{},"end":{}}],"line":242},"7":{"loc":{"start":{"line":262,"column":9},"end":{"line":262,"column":57}},"type":"binary-expr","locations":[{"start":{"line":262,"column":9},"end":{"line":262,"column":26}},{"start":{"line":262,"column":30},"end":{"line":262,"column":57}}],"line":262},"8":{"loc":{"start":{"line":265,"column":2},"end":{"line":267,"column":3}},"type":"if","locations":[{"start":{"line":265,"column":2},"end":{"line":267,"column":3}},{"start":{},"end":{}}],"line":265},"9":{"loc":{"start":{"line":269,"column":2},"end":{"line":271,"column":3}},"type":"if","locations":[{"start":{"line":269,"column":2},"end":{"line":271,"column":3}},{"start":{},"end":{}}],"line":269},"10":{"loc":{"start":{"line":278,"column":28},"end":{"line":278,"column":57}},"type":"binary-expr","locations":[{"start":{"line":278,"column":28},"end":{"line":278,"column":51}},{"start":{"line":278,"column":55},"end":{"line":278,"column":57}}],"line":278},"11":{"loc":{"start":{"line":290,"column":80},"end":{"line":290,"column":90}},"type":"default-arg","locations":[{"start":{"line":290,"column":88},"end":{"line":290,"column":90}}],"line":290},"12":{"loc":{"start":{"line":292,"column":9},"end":{"line":292,"column":57}},"type":"binary-expr","locations":[{"start":{"line":292,"column":9},"end":{"line":292,"column":26}},{"start":{"line":292,"column":30},"end":{"line":292,"column":57}}],"line":292},"13":{"loc":{"start":{"line":295,"column":2},"end":{"line":297,"column":3}},"type":"if","locations":[{"start":{"line":295,"column":2},"end":{"line":297,"column":3}},{"start":{},"end":{}}],"line":295},"14":{"loc":{"start":{"line":299,"column":2},"end":{"line":301,"column":3}},"type":"if","locations":[{"start":{"line":299,"column":2},"end":{"line":301,"column":3}},{"start":{},"end":{}}],"line":299},"15":{"loc":{"start":{"line":311,"column":28},"end":{"line":311,"column":57}},"type":"binary-expr","locations":[{"start":{"line":311,"column":28},"end":{"line":311,"column":51}},{"start":{"line":311,"column":55},"end":{"line":311,"column":57}}],"line":311},"16":{"loc":{"start":{"line":326,"column":103},"end":{"line":326,"column":113}},"type":"default-arg","locations":[{"start":{"line":326,"column":111},"end":{"line":326,"column":113}}],"line":326},"17":{"loc":{"start":{"line":328,"column":9},"end":{"line":328,"column":57}},"type":"binary-expr","locations":[{"start":{"line":328,"column":9},"end":{"line":328,"column":26}},{"start":{"line":328,"column":30},"end":{"line":328,"column":57}}],"line":328},"18":{"loc":{"start":{"line":331,"column":2},"end":{"line":333,"column":3}},"type":"if","locations":[{"start":{"line":331,"column":2},"end":{"line":333,"column":3}},{"start":{},"end":{}}],"line":331},"19":{"loc":{"start":{"line":335,"column":2},"end":{"line":337,"column":3}},"type":"if","locations":[{"start":{"line":335,"column":2},"end":{"line":337,"column":3}},{"start":{},"end":{}}],"line":335},"20":{"loc":{"start":{"line":348,"column":28},"end":{"line":348,"column":57}},"type":"binary-expr","locations":[{"start":{"line":348,"column":28},"end":{"line":348,"column":51}},{"start":{"line":348,"column":55},"end":{"line":348,"column":57}}],"line":348},"21":{"loc":{"start":{"line":364,"column":78},"end":{"line":364,"column":88}},"type":"default-arg","locations":[{"start":{"line":364,"column":86},"end":{"line":364,"column":88}}],"line":364},"22":{"loc":{"start":{"line":366,"column":9},"end":{"line":366,"column":57}},"type":"binary-expr","locations":[{"start":{"line":366,"column":9},"end":{"line":366,"column":26}},{"start":{"line":366,"column":30},"end":{"line":366,"column":57}}],"line":366},"23":{"loc":{"start":{"line":369,"column":2},"end":{"line":371,"column":3}},"type":"if","locations":[{"start":{"line":369,"column":2},"end":{"line":371,"column":3}},{"start":{},"end":{}}],"line":369},"24":{"loc":{"start":{"line":373,"column":2},"end":{"line":381,"column":3}},"type":"if","locations":[{"start":{"line":373,"column":2},"end":{"line":381,"column":3}},{"start":{"line":376,"column":9},"end":{"line":381,"column":3}}],"line":373},"25":{"loc":{"start":{"line":376,"column":9},"end":{"line":381,"column":3}},"type":"if","locations":[{"start":{"line":376,"column":9},"end":{"line":381,"column":3}},{"start":{"line":379,"column":9},"end":{"line":381,"column":3}}],"line":376},"26":{"loc":{"start":{"line":386,"column":28},"end":{"line":386,"column":57}},"type":"binary-expr","locations":[{"start":{"line":386,"column":28},"end":{"line":386,"column":51}},{"start":{"line":386,"column":55},"end":{"line":386,"column":57}}],"line":386},"27":{"loc":{"start":{"line":402,"column":9},"end":{"line":402,"column":57}},"type":"binary-expr","locations":[{"start":{"line":402,"column":9},"end":{"line":402,"column":26}},{"start":{"line":402,"column":30},"end":{"line":402,"column":57}}],"line":402},"28":{"loc":{"start":{"line":405,"column":2},"end":{"line":407,"column":3}},"type":"if","locations":[{"start":{"line":405,"column":2},"end":{"line":407,"column":3}},{"start":{},"end":{}}],"line":405},"29":{"loc":{"start":{"line":415,"column":9},"end":{"line":415,"column":61}},"type":"binary-expr","locations":[{"start":{"line":415,"column":9},"end":{"line":415,"column":31}},{"start":{"line":415,"column":35},"end":{"line":415,"column":61}}],"line":415},"30":{"loc":{"start":{"line":418,"column":2},"end":{"line":422,"column":3}},"type":"if","locations":[{"start":{"line":418,"column":2},"end":{"line":422,"column":3}},{"start":{"line":420,"column":9},"end":{"line":422,"column":3}}],"line":418},"31":{"loc":{"start":{"line":432,"column":9},"end":{"line":432,"column":35}},"type":"cond-expr","locations":[{"start":{"line":432,"column":17},"end":{"line":432,"column":28}},{"start":{"line":432,"column":31},"end":{"line":432,"column":35}}],"line":432}},"s":{"0":1,"1":1,"2":1,"3":1,"4":1,"5":1,"6":1,"7":1,"8":1,"9":1,"10":1,"11":17,"12":17,"13":6,"14":6,"15":0,"16":6,"17":17,"18":1,"19":17,"20":6,"21":6,"22":6,"23":17,"24":1,"25":0,"26":1,"27":0,"28":0,"29":0,"30":0,"31":0,"32":1,"33":0,"34":0,"35":0,"36":0,"37":0,"38":0,"39":0,"40":0,"41":0,"42":0,"43":0,"44":1,"45":0,"46":0,"47":0,"48":0,"49":0,"50":0,"51":0,"52":0,"53":0,"54":0,"55":0,"56":0,"57":0,"58":1,"59":0,"60":0,"61":0,"62":0,"63":0,"64":0,"65":0,"66":0,"67":0,"68":0,"69":0,"70":0,"71":0,"72":0,"73":1,"74":0,"75":0,"76":0,"77":0,"78":0,"79":0,"80":0,"81":0,"82":0,"83":0,"84":0,"85":0,"86":1,"87":0,"88":0,"89":0,"90":0,"91":0,"92":0,"93":0,"94":0,"95":0,"96":0,"97":0,"98":0,"99":1,"100":0,"101":0,"102":0,"103":1},"f":{"0":17,"1":17,"2":6,"3":6,"4":0,"5":0,"6":0,"7":0,"8":0,"9":0,"10":0,"11":0,"12":0,"13":0,"14":0,"15":0,"16":0,"17":0,"18":0,"19":0},"b":{"0":[0,6],"1":[6,11],"2":[6,0],"3":[0,0],"4":[0],"5":[0,0],"6":[0,0],"7":[0,0],"8":[0,0],"9":[0,0],"10":[0,0],"11":[0],"12":[0,0],"13":[0,0],"14":[0,0],"15":[0,0],"16":[0],"17":[0,0],"18":[0,0],"19":[0,0],"20":[0,0],"21":[0],"22":[0,0],"23":[0,0],"24":[0,0],"25":[0,0],"26":[0,0],"27":[0,0],"28":[0,0],"29":[0,0],"30":[0,0],"31":[0,0]},"_coverageSchema":"1a1c01bbd47fc00a2c39e90264f33305004495a9","hash":"f02d07abfd120d2c862a53464f0501be5514bacc"}
,"C:\\Users\\DELL\\Desktop\\Nebula-Stack\\models\\staff.js": {"path":"C:\\Users\\DELL\\Desktop\\Nebula-Stack\\models\\staff.js","statementMap":{"0":{"start":{"line":1,"column":17},"end":{"line":1,"column":36}},"1":{"start":{"line":3,"column":20},"end":{"line":55,"column":1}},"2":{"start":{"line":58,"column":0},"end":{"line":58,"column":34}},"3":{"start":{"line":59,"column":0},"end":{"line":59,"column":32}},"4":{"start":{"line":60,"column":0},"end":{"line":60,"column":46}},"5":{"start":{"line":63,"column":0},"end":{"line":69,"column":3}},"6":{"start":{"line":64,"column":2},"end":{"line":67,"column":3}},"7":{"start":{"line":65,"column":20},"end":{"line":65,"column":72}},"8":{"start":{"line":66,"column":4},"end":{"line":66,"column":52}},"9":{"start":{"line":68,"column":2},"end":{"line":68,"column":9}},"10":{"start":{"line":71,"column":0},"end":{"line":71,"column":54}}},"fnMap":{"0":{"name":"(anonymous_0)","decl":{"start":{"line":63,"column":24},"end":{"line":63,"column":25}},"loc":{"start":{"line":63,"column":40},"end":{"line":69,"column":1}},"line":63}},"branchMap":{"0":{"loc":{"start":{"line":64,"column":2},"end":{"line":67,"column":3}},"type":"if","locations":[{"start":{"line":64,"column":2},"end":{"line":67,"column":3}},{"start":{},"end":{}}],"line":64},"1":{"loc":{"start":{"line":64,"column":6},"end":{"line":64,"column":40}},"type":"binary-expr","locations":[{"start":{"line":64,"column":6},"end":{"line":64,"column":23}},{"start":{"line":64,"column":27},"end":{"line":64,"column":40}}],"line":64},"2":{"loc":{"start":{"line":65,"column":20},"end":{"line":65,"column":72}},"type":"cond-expr","locations":[{"start":{"line":65,"column":41},"end":{"line":65,"column":67}},{"start":{"line":65,"column":70},"end":{"line":65,"column":72}}],"line":65}},"s":{"0":1,"1":1,"2":1,"3":1,"4":1,"5":1,"6":0,"7":0,"8":0,"9":0,"10":1},"f":{"0":0},"b":{"0":[0,0],"1":[0,0],"2":[0,0]},"_coverageSchema":"1a1c01bbd47fc00a2c39e90264f33305004495a9","hash":"3a64ab118f7b119807c2946a094d31398a668c71"}
,"C:\\Users\\DELL\\Desktop\\Nebula-Stack\\routes\\checkin.js": {"path":"C:\\Users\\DELL\\Desktop\\Nebula-Stack\\routes\\checkin.js","statementMap":{"0":{"start":{"line":2,"column":16},"end":{"line":2,"column":34}},"1":{"start":{"line":3,"column":15},"end":{"line":3,"column":31}},"2":{"start":{"line":4,"column":26},"end":{"line":4,"column":69}},"3":{"start":{"line":7,"column":0},"end":{"line":7,"column":60}},"4":{"start":{"line":10,"column":0},"end":{"line":10,"column":64}},"5":{"start":{"line":13,"column":0},"end":{"line":13,"column":65}},"6":{"start":{"line":16,"column":0},"end":{"line":16,"column":69}},"7":{"start":{"line":19,"column":0},"end":{"line":19,"column":84}},"8":{"start":{"line":22,"column":0},"end":{"line":22,"column":74}},"9":{"start":{"line":24,"column":0},"end":{"line":24,"column":24}}},"fnMap":{},"branchMap":{},"s":{"0":1,"1":1,"2":1,"3":1,"4":1,"5":1,"6":1,"7":1,"8":1,"9":1},"f":{},"b":{},"_coverageSchema":"1a1c01bbd47fc00a2c39e90264f33305004495a9","hash":"9003709c0fe93fcd1333e53cbe7556c979e163ea"}
,"C:\\Users\\DELL\\Desktop\\Nebula-Stack\\routes\\mockEpis.js": {"path":"C:\\Users\\DELL\\Desktop\\Nebula-Stack\\routes\\mockEpis.js","statementMap":{"0":{"start":{"line":2,"column":16},"end":{"line":2,"column":34}},"1":{"start":{"line":3,"column":15},"end":{"line":3,"column":31}},"2":{"start":{"line":6,"column":0},"end":{"line":38,"column":3}},"3":{"start":{"line":7,"column":20},"end":{"line":7,"column":30}},"4":{"start":{"line":10,"column":26},"end":{"line":31,"column":3}},"5":{"start":{"line":33,"column":2},"end":{"line":37,"column":5}},"6":{"start":{"line":40,"column":0},"end":{"line":40,"column":24}}},"fnMap":{"0":{"name":"(anonymous_0)","decl":{"start":{"line":6,"column":24},"end":{"line":6,"column":25}},"loc":{"start":{"line":6,"column":38},"end":{"line":38,"column":1}},"line":6}},"branchMap":{},"s":{"0":1,"1":1,"2":1,"3":0,"4":0,"5":0,"6":1},"f":{"0":0},"b":{},"_coverageSchema":"1a1c01bbd47fc00a2c39e90264f33305004495a9","hash":"669c9d6a6fbe286e8034ef4964b0279525c498cd"}
,"C:\\Users\\DELL\\Desktop\\Nebula-Stack\\routes\\queue.js": {"path":"C:\\Users\\DELL\\Desktop\\Nebula-Stack\\routes\\queue.js","statementMap":{"0":{"start":{"line":2,"column":16},"end":{"line":2,"column":34}},"1":{"start":{"line":3,"column":15},"end":{"line":3,"column":31}},"2":{"start":{"line":4,"column":24},"end":{"line":4,"column":65}},"3":{"start":{"line":9,"column":4},"end":{"line":9,"column":43}},"4":{"start":{"line":16,"column":0},"end":{"line":22,"column":2}},"5":{"start":{"line":29,"column":0},"end":{"line":34,"column":2}},"6":{"start":{"line":41,"column":0},"end":{"line":46,"column":2}},"7":{"start":{"line":60,"column":0},"end":{"line":65,"column":2}},"8":{"start":{"line":73,"column":0},"end":{"line":78,"column":2}},"9":{"start":{"line":80,"column":0},"end":{"line":80,"column":24}}},"fnMap":{},"branchMap":{},"s":{"0":1,"1":1,"2":1,"3":1,"4":1,"5":1,"6":1,"7":1,"8":1,"9":1},"f":{},"b":{},"_coverageSchema":"1a1c01bbd47fc00a2c39e90264f33305004495a9","hash":"fee3dddfb715c07e379c4959f247c76510e7cb55"}
,"C:\\Users\\DELL\\Desktop\\Nebula-Stack\\routes\\staff.js": {"path":"C:\\Users\\DELL\\Desktop\\Nebula-Stack\\routes\\staff.js","statementMap":{"0":{"start":{"line":1,"column":15},"end":{"line":1,"column":42}},"1":{"start":{"line":2,"column":19},"end":{"line":2,"column":60}},"2":{"start":{"line":3,"column":25},"end":{"line":3,"column":64}},"3":{"start":{"line":5,"column":0},"end":{"line":5,"column":40}},"4":{"start":{"line":6,"column":0},"end":{"line":6,"column":56}},"5":{"start":{"line":7,"column":0},"end":{"line":7,"column":60}},"6":{"start":{"line":9,"column":0},"end":{"line":9,"column":24}}},"fnMap":{},"branchMap":{},"s":{"0":1,"1":1,"2":1,"3":1,"4":1,"5":1,"6":1},"f":{},"b":{},"_coverageSchema":"1a1c01bbd47fc00a2c39e90264f33305004495a9","hash":"f907b8bc3de33bddbcdb3cc8cdeb880d5da97a15"}
,"C:\\Users\\DELL\\Desktop\\Nebula-Stack\\routes\\tokenRoutes.js": {"path":"C:\\Users\\DELL\\Desktop\\Nebula-Stack\\routes\\tokenRoutes.js","statementMap":{"0":{"start":{"line":1,"column":16},"end":{"line":1,"column":34}},"1":{"start":{"line":2,"column":15},"end":{"line":2,"column":31}},"2":{"start":{"line":3,"column":24},"end":{"line":3,"column":65}},"3":{"start":{"line":6,"column":0},"end":{"line":6,"column":50}},"4":{"start":{"line":9,"column":0},"end":{"line":9,"column":47}},"5":{"start":{"line":12,"column":0},"end":{"line":12,"column":55}},"6":{"start":{"line":15,"column":0},"end":{"line":15,"column":69}},"7":{"start":{"line":17,"column":0},"end":{"line":17,"column":24}}},"fnMap":{},"branchMap":{},"s":{"0":1,"1":1,"2":1,"3":1,"4":1,"5":1,"6":1,"7":1},"f":{},"b":{},"_coverageSchema":"1a1c01bbd47fc00a2c39e90264f33305004495a9","hash":"806fb6a423f936b0a97a194d45a0427184642224"}
,"C:\\Users\\DELL\\Desktop\\Nebula-Stack\\services\\checkinService.js": {"path":"C:\\Users\\DELL\\Desktop\\Nebula-Stack\\services\\checkinService.js","statementMap":{"0":{"start":{"line":2,"column":14},"end":{"line":2,"column":30}},"1":{"start":{"line":3,"column":16},"end":{"line":3,"column":44}},"2":{"start":{"line":4,"column":15},"end":{"line":4,"column":41}},"3":{"start":{"line":7,"column":30},"end":{"line":7,"column":63}},"4":{"start":{"line":8,"column":32},"end":{"line":8,"column":65}},"5":{"start":{"line":9,"column":26},"end":{"line":9,"column":60}},"6":{"start":{"line":12,"column":27},"end":{"line":12,"column":65}},"7":{"start":{"line":16,"column":4},"end":{"line":16,"column":98}},"8":{"start":{"line":25,"column":4},"end":{"line":91,"column":5}},"9":{"start":{"line":26,"column":6},"end":{"line":26,"column":57}},"10":{"start":{"line":29,"column":6},"end":{"line":29,"column":69}},"11":{"start":{"line":30,"column":23},"end":{"line":30,"column":57}},"12":{"start":{"line":32,"column":6},"end":{"line":34,"column":7}},"13":{"start":{"line":33,"column":8},"end":{"line":33,"column":68}},"14":{"start":{"line":36,"column":26},"end":{"line":36,"column":44}},"15":{"start":{"line":37,"column":6},"end":{"line":37,"column":129}},"16":{"start":{"line":40,"column":6},"end":{"line":42,"column":7}},"17":{"start":{"line":41,"column":8},"end":{"line":41,"column":51}},"18":{"start":{"line":45,"column":22},"end":{"line":45,"column":46}},"19":{"start":{"line":48,"column":25},"end":{"line":48,"column":72}},"20":{"start":{"line":49,"column":6},"end":{"line":57,"column":7}},"21":{"start":{"line":50,"column":24},"end":{"line":50,"column":61}},"22":{"start":{"line":51,"column":25},"end":{"line":51,"column":59}},"23":{"start":{"line":52,"column":8},"end":{"line":54,"column":9}},"24":{"start":{"line":53,"column":10},"end":{"line":53,"column":60}},"25":{"start":{"line":56,"column":8},"end":{"line":56,"column":80}},"26":{"start":{"line":60,"column":6},"end":{"line":60,"column":27}},"27":{"start":{"line":62,"column":6},"end":{"line":62,"column":89}},"28":{"start":{"line":63,"column":6},"end":{"line":63,"column":80}},"29":{"start":{"line":66,"column":6},"end":{"line":74,"column":7}},"30":{"start":{"line":67,"column":8},"end":{"line":69,"column":9}},"31":{"start":{"line":68,"column":10},"end":{"line":68,"column":63}},"32":{"start":{"line":71,"column":8},"end":{"line":73,"column":11}},"33":{"start":{"line":77,"column":6},"end":{"line":81,"column":9}},"34":{"start":{"line":83,"column":6},"end":{"line":83,"column":21}},"35":{"start":{"line":86,"column":6},"end":{"line":89,"column":9}},"36":{"start":{"line":90,"column":6},"end":{"line":90,"column":16}},"37":{"start":{"line":100,"column":4},"end":{"line":111,"column":5}},"38":{"start":{"line":101,"column":22},"end":{"line":102,"column":37}},"39":{"start":{"line":104,"column":6},"end":{"line":106,"column":7}},"40":{"start":{"line":105,"column":8},"end":{"line":105,"column":59}},"41":{"start":{"line":107,"column":6},"end":{"line":107,"column":21}},"42":{"start":{"line":109,"column":6},"end":{"line":109,"column":82}},"43":{"start":{"line":110,"column":6},"end":{"line":110,"column":16}},"44":{"start":{"line":120,"column":4},"end":{"line":134,"column":5}},"45":{"start":{"line":121,"column":22},"end":{"line":123,"column":8}},"46":{"start":{"line":125,"column":6},"end":{"line":127,"column":7}},"47":{"start":{"line":126,"column":8},"end":{"line":126,"column":66}},"48":{"start":{"line":129,"column":6},"end":{"line":129,"column":88}},"49":{"start":{"line":130,"column":6},"end":{"line":130,"column":21}},"50":{"start":{"line":132,"column":6},"end":{"line":132,"column":87}},"51":{"start":{"line":133,"column":6},"end":{"line":133,"column":16}},"52":{"start":{"line":146,"column":4},"end":{"line":218,"column":5}},"53":{"start":{"line":147,"column":22},"end":{"line":147,"column":58}},"54":{"start":{"line":149,"column":6},"end":{"line":151,"column":7}},"55":{"start":{"line":150,"column":8},"end":{"line":150,"column":59}},"56":{"start":{"line":154,"column":30},"end":{"line":154,"column":83}},"57":{"start":{"line":154,"column":65},"end":{"line":154,"column":82}},"58":{"start":{"line":155,"column":6},"end":{"line":161,"column":7}},"59":{"start":{"line":156,"column":8},"end":{"line":156,"column":43}},"60":{"start":{"line":157,"column":8},"end":{"line":160,"column":9}},"61":{"start":{"line":158,"column":10},"end":{"line":158,"column":51}},"62":{"start":{"line":159,"column":10},"end":{"line":159,"column":52}},"63":{"start":{"line":164,"column":26},"end":{"line":164,"column":75}},"64":{"start":{"line":164,"column":57},"end":{"line":164,"column":74}},"65":{"start":{"line":165,"column":6},"end":{"line":172,"column":7}},"66":{"start":{"line":166,"column":8},"end":{"line":166,"column":39}},"67":{"start":{"line":169,"column":8},"end":{"line":171,"column":9}},"68":{"start":{"line":170,"column":10},"end":{"line":170,"column":85}},"69":{"start":{"line":170,"column":66},"end":{"line":170,"column":83}},"70":{"start":{"line":175,"column":6},"end":{"line":181,"column":7}},"71":{"start":{"line":176,"column":8},"end":{"line":180,"column":9}},"72":{"start":{"line":177,"column":10},"end":{"line":177,"column":51}},"73":{"start":{"line":179,"column":10},"end":{"line":179,"column":78}},"74":{"start":{"line":183,"column":6},"end":{"line":183,"column":35}},"75":{"start":{"line":184,"column":6},"end":{"line":184,"column":27}},"76":{"start":{"line":187,"column":6},"end":{"line":200,"column":7}},"77":{"start":{"line":188,"column":8},"end":{"line":194,"column":9}},"78":{"start":{"line":189,"column":10},"end":{"line":193,"column":12}},"79":{"start":{"line":196,"column":8},"end":{"line":199,"column":11}},"80":{"start":{"line":202,"column":6},"end":{"line":208,"column":9}},"81":{"start":{"line":210,"column":6},"end":{"line":210,"column":21}},"82":{"start":{"line":212,"column":6},"end":{"line":216,"column":9}},"83":{"start":{"line":217,"column":6},"end":{"line":217,"column":16}},"84":{"start":{"line":229,"column":4},"end":{"line":313,"column":5}},"85":{"start":{"line":230,"column":22},"end":{"line":230,"column":58}},"86":{"start":{"line":232,"column":6},"end":{"line":234,"column":7}},"87":{"start":{"line":233,"column":8},"end":{"line":233,"column":59}},"88":{"start":{"line":238,"column":18},"end":{"line":238,"column":19}},"89":{"start":{"line":239,"column":24},"end":{"line":239,"column":45}},"90":{"start":{"line":240,"column":6},"end":{"line":245,"column":7}},"91":{"start":{"line":241,"column":8},"end":{"line":241,"column":43}},"92":{"start":{"line":242,"column":13},"end":{"line":245,"column":7}},"93":{"start":{"line":243,"column":8},"end":{"line":243,"column":54}},"94":{"start":{"line":244,"column":8},"end":{"line":244,"column":49}},"95":{"start":{"line":247,"column":6},"end":{"line":249,"column":7}},"96":{"start":{"line":248,"column":8},"end":{"line":248,"column":61}},"97":{"start":{"line":252,"column":23},"end":{"line":252,"column":114}},"98":{"start":{"line":252,"column":58},"end":{"line":252,"column":113}},"99":{"start":{"line":253,"column":6},"end":{"line":256,"column":7}},"100":{"start":{"line":254,"column":8},"end":{"line":254
[...]
,"C:\\Users\\DELL\\Desktop\\Nebula-Stack\\services\\staffAuthService.js": {"path":"C:\\Users\\DELL\\Desktop\\Nebula-Stack\\services\\staffAuthService.js","statementMap":{"0":{"start":{"line":1,"column":15},"end":{"line":1,"column":32}},"1":{"start":{"line":2,"column":12},"end":{"line":2,"column":35}},"2":{"start":{"line":3,"column":14},"end":{"line":3,"column":40}},"3":{"start":{"line":9,"column":4},"end":{"line":9,"column":38}},"4":{"start":{"line":11,"column":19},"end":{"line":11,"column":41}},"5":{"start":{"line":12,"column":23},"end":{"line":12,"column":57}},"6":{"start":{"line":15,"column":2},"end":{"line":18,"column":3}},"7":{"start":{"line":16,"column":4},"end":{"line":16,"column":72}},"8":{"start":{"line":17,"column":4},"end":{"line":17,"column":87}},"9":{"start":{"line":20,"column":16},"end":{"line":22,"column":40}},"10":{"start":{"line":24,"column":2},"end":{"line":27,"column":3}},"11":{"start":{"line":25,"column":4},"end":{"line":25,"column":68}},"12":{"start":{"line":26,"column":4},"end":{"line":26,"column":79}},"13":{"start":{"line":29,"column":2},"end":{"line":32,"column":3}},"14":{"start":{"line":30,"column":4},"end":{"line":30,"column":62}},"15":{"start":{"line":31,"column":4},"end":{"line":31,"column":76}},"16":{"start":{"line":34,"column":18},"end":{"line":34,"column":68}},"17":{"start":{"line":35,"column":2},"end":{"line":38,"column":3}},"18":{"start":{"line":36,"column":4},"end":{"line":36,"column":67}},"19":{"start":{"line":37,"column":4},"end":{"line":37,"column":79}},"20":{"start":{"line":40,"column":2},"end":{"line":40,"column":33}},"21":{"start":{"line":41,"column":2},"end":{"line":41,"column":24}},"22":{"start":{"line":42,"column":2},"end":{"line":42,"column":21}},"23":{"start":{"line":44,"column":18},"end":{"line":53,"column":3}},"24":{"start":{"line":55,"column":16},"end":{"line":55,"column":76}},"25":{"start":{"line":57,"column":2},"end":{"line":57,"column":62}},"26":{"start":{"line":58,"column":2},"end":{"line":58,"column":35}},"27":{"start":{"line":62,"column":16},"end":{"line":62,"column":48}},"28":{"start":{"line":63,"column":2},"end":{"line":66,"column":3}},"29":{"start":{"line":64,"column":4},"end":{"line":64,"column":27}},"30":{"start":{"line":65,"column":4},"end":{"line":65,"column":23}},"31":{"start":{"line":67,"column":2},"end":{"line":67,"column":39}},"32":{"start":{"line":70,"column":0},"end":{"line":70,"column":35}}},"fnMap":{"0":{"name":"login","decl":{"start":{"line":14,"column":15},"end":{"line":14,"column":20}},"loc":{"start":{"line":14,"column":60},"end":{"line":59,"column":1}},"line":14},"1":{"name":"logout","decl":{"start":{"line":61,"column":15},"end":{"line":61,"column":21}},"loc":{"start":{"line":61,"column":49},"end":{"line":68,"column":1}},"line":61}},"branchMap":{"0":{"loc":{"start":{"line":12,"column":23},"end":{"line":12,"column":57}},"type":"binary-expr","locations":[{"start":{"line":12,"column":23},"end":{"line":12,"column":49}},{"start":{"line":12,"column":53},"end":{"line":12,"column":57}}],"line":12},"1":{"loc":{"start":{"line":15,"column":2},"end":{"line":18,"column":3}},"type":"if","locations":[{"start":{"line":15,"column":2},"end":{"line":18,"column":3}},{"start":{},"end":{}}],"line":15},"2":{"loc":{"start":{"line":15,"column":6},"end":{"line":15,"column":25}},"type":"binary-expr","locations":[{"start":{"line":15,"column":6},"end":{"line":15,"column":12}},{"start":{"line":15,"column":16},"end":{"line":15,"column":25}}],"line":15},"3":{"loc":{"start":{"line":24,"column":2},"end":{"line":27,"column":3}},"type":"if","locations":[{"start":{"line":24,"column":2},"end":{"line":27,"column":3}},{"start":{},"end":{}}],"line":24},"4":{"loc":{"start":{"line":29,"column":2},"end":{"line":32,"column":3}},"type":"if","locations":[{"start":{"line":29,"column":2},"end":{"line":32,"column":3}},{"start":{},"end":{}}],"line":29},"5":{"loc":{"start":{"line":35,"column":2},"end":{"line":38,"column":3}},"type":"if","locations":[{"start":{"line":35,"column":2},"end":{"line":38,"column":3}},{"start":{},"end":{}}],"line":35},"6":{"loc":{"start":{"line":63,"column":2},"end":{"line":66,"column":3}},"type":"if","locations":[{"start":{"line":63,"column":2},"end":{"line":66,"column":3}},{"start":{},"end":{}}],"line":63}},"s":{"0":1,"1":1,"2":1,"3":1,"4":1,"5":1,"6":0,"7":0,"8":0,"9":0,"10":0,"11":0,"12":0,"13":0,"14":0,"15":0,"16":0,"17":0,"18":0,"19":0,"20":0,"21":0,"22":0,"23":0,"24":0,"25":0,"26":0,"27":0,"28":0,"29":0,"30":0,"31":0,"32":1},"f":{"0":0,"1":0},"b":{"0":[1,1],"1":[0,0],"2":[0,0],"3":[0,0],"4":[0,0],"5":[0,0],"6":[0,0]},"_coverageSchema":"1a1c01bbd47fc00a2c39e90264f33305004495a9","hash":"68027e6e2237c72fbc0e9be922ae67763d451997"}
,"C:\\Users\\DELL\\Desktop\\Nebula-Stack\\services\\tokenCounter.service.js": {"path":"C:\\Users\\DELL\\Desktop\\Nebula-Stack\\services\\tokenCounter.service.js","statementMap":{"0":{"start":{"line":1,"column":26},"end":{"line":1,"column":64}},"1":{"start":{"line":7,"column":18},"end":{"line":11,"column":3}},"2":{"start":{"line":13,"column":2},"end":{"line":13,"column":30}},"3":{"start":{"line":16,"column":0},"end":{"line":18,"column":2}}},"fnMap":{"0":{"name":"getNextTokenCounter","decl":{"start":{"line":6,"column":15},"end":{"line":6,"column":34}},"loc":{"start":{"line":6,"column":47},"end":{"line":14,"column":1}},"line":6}},"branchMap":{},"s":{"0":1,"1":0,"2":0,"3":1},"f":{"0":0},"b":{},"_coverageSchema":"1a1c01bbd47fc00a2c39e90264f33305004495a9","hash":"e3ca9c6e3b55865636decffcce1e1cc930de5bb4"}
,"C:\\Users\\DELL\\Desktop\\Nebula-Stack\\utils\\logger.js": {"path":"C:\\Users\\DELL\\Desktop\\Nebula-Stack\\utils\\logger.js","statementMap":{"0":{"start":{"line":1,"column":16},"end":{"line":1,"column":34}},"1":{"start":{"line":2,"column":13},"end":{"line":2,"column":28}},"2":{"start":{"line":4,"column":23},"end":{"line":6,"column":1}},"3":{"start":{"line":5,"column":2},"end":{"line":5,"column":48}},"4":{"start":{"line":8,"column":0},"end":{"line":22,"column":3}}},"fnMap":{"0":{"name":"(anonymous_0)","decl":{"start":{"line":4,"column":38},"end":{"line":4,"column":39}},"loc":{"start":{"line":5,"column":2},"end":{"line":5,"column":48}},"line":5}},"branchMap":{"0":{"loc":{"start":{"line":5,"column":2},"end":{"line":5,"column":48}},"type":"cond-expr","locations":[{"start":{"line":5,"column":36},"end":{"line":5,"column":40}},{"start":{"line":5,"column":43},"end":{"line":5,"column":48}}],"line":5},"1":{"loc":{"start":{"line":9,"column":9},"end":{"line":9,"column":40}},"type":"binary-expr","locations":[{"start":{"line":9,"column":9},"end":{"line":9,"column":30}},{"start":{"line":9,"column":34},"end":{"line":9,"column":40}}],"line":9}},"s":{"0":1,"1":1,"2":1,"3":35,"4":1},"f":{"0":35},"b":{"0":[2,33],"1":[1,1]},"_coverageSchema":"1a1c01bbd47fc00a2c39e90264f33305004495a9","hash":"d337752b145df04e3d6ac2410ce382c9735195ac"}
,"C:\\Users\\DELL\\Desktop\\Nebula-Stack\\utils\\queueSocketHandler.js": {"path":"C:\\Users\\DELL\\Desktop\\Nebula-Stack\\utils\\queueSocketHandler.js","statementMap":{"0":{"start":{"line":7,"column":21},"end":{"line":7,"column":56}},"1":{"start":{"line":8,"column":15},"end":{"line":8,"column":41}},"2":{"start":{"line":12,"column":4},"end":{"line":12,"column":19}},"3":{"start":{"line":20,"column":4},"end":{"line":20,"column":17}},"4":{"start":{"line":21,"column":4},"end":{"line":21,"column":26}},"5":{"start":{"line":22,"column":4},"end":{"line":22,"column":52}},"6":{"start":{"line":29,"column":27},"end":{"line":29,"column":47}},"7":{"start":{"line":31,"column":4},"end":{"line":65,"column":7}},"8":{"start":{"line":32,"column":6},"end":{"line":35,"column":9}},"9":{"start":{"line":38,"column":6},"end":{"line":49,"column":9}},"10":{"start":{"line":39,"column":8},"end":{"line":48,"column":9}},"11":{"start":{"line":40,"column":10},"end":{"line":40,"column":34}},"12":{"start":{"line":41,"column":10},"end":{"line":44,"column":13}},"13":{"start":{"line":47,"column":10},"end":{"line":47,"column":43}},"14":{"start":{"line":52,"column":6},"end":{"line":58,"column":9}},"15":{"start":{"line":53,"column":8},"end":{"line":53,"column":33}},"16":{"start":{"line":54,"column":8},"end":{"line":57,"column":11}},"17":{"start":{"line":60,"column":6},"end":{"line":64,"column":9}},"18":{"start":{"line":61,"column":8},"end":{"line":63,"column":11}},"19":{"start":{"line":74,"column":4},"end":{"line":98,"column":5}},"20":{"start":{"line":75,"column":6},"end":{"line":78,"column":7}},"21":{"start":{"line":76,"column":8},"end":{"line":76,"column":72}},"22":{"start":{"line":77,"column":8},"end":{"line":77,"column":15}},"23":{"start":{"line":80,"column":20},"end":{"line":80,"column":63}},"24":{"start":{"line":81,"column":29},"end":{"line":81,"column":49}},"25":{"start":{"line":83,"column":6},"end":{"line":86,"column":9}},"26":{"start":{"line":88,"column":6},"end":{"line":92,"column":9}},"27":{"start":{"line":94,"column":6},"end":{"line":97,"column":9}},"28":{"start":{"line":108,"column":4},"end":{"line":134,"column":5}},"29":{"start":{"line":109,"column":6},"end":{"line":109,"column":27}},"30":{"start":{"line":109,"column":20},"end":{"line":109,"column":27}},"31":{"start":{"line":111,"column":29},"end":{"line":111,"column":49}},"32":{"start":{"line":113,"column":6},"end":{"line":118,"column":9}},"33":{"start":{"line":121,"column":6},"end":{"line":121,"column":45}},"34":{"start":{"line":123,"column":6},"end":{"line":127,"column":9}},"35":{"start":{"line":129,"column":6},"end":{"line":133,"column":9}},"36":{"start":{"line":138,"column":0},"end":{"line":138,"column":42}}},"fnMap":{"0":{"name":"(anonymous_0)","decl":{"start":{"line":11,"column":2},"end":{"line":11,"column":3}},"loc":{"start":{"line":11,"column":16},"end":{"line":13,"column":3}},"line":11},"1":{"name":"(anonymous_1)","decl":{"start":{"line":19,"column":2},"end":{"line":19,"column":3}},"loc":{"start":{"line":19,"column":17},"end":{"line":23,"column":3}},"line":19},"2":{"name":"(anonymous_2)","decl":{"start":{"line":28,"column":2},"end":{"line":28,"column":3}},"loc":{"start":{"line":28,"column":19},"end":{"line":66,"column":3}},"line":28},"3":{"name":"(anonymous_3)","decl":{"start":{"line":31,"column":36},"end":{"line":31,"column":37}},"loc":{"start":{"line":31,"column":48},"end":{"line":65,"column":5}},"line":31},"4":{"name":"(anonymous_4)","decl":{"start":{"line":38,"column":40},"end":{"line":38,"column":41}},"loc":{"start":{"line":38,"column":56},"end":{"line":49,"column":7}},"line":38},"5":{"name":"(anonymous_5)","decl":{"start":{"line":52,"column":42},"end":{"line":52,"column":43}},"loc":{"start":{"line":52,"column":58},"end":{"line":58,"column":7}},"line":52},"6":{"name":"(anonymous_6)","decl":{"start":{"line":60,"column":30},"end":{"line":60,"column":31}},"loc":{"start":{"line":60,"column":36},"end":{"line":64,"column":7}},"line":60},"7":{"name":"(anonymous_7)","decl":{"start":{"line":73,"column":2},"end":{"line":73,"column":3}},"loc":{"start":{"line":73,"column":50},"end":{"line":99,"column":3}},"line":73},"8":{"name":"(anonymous_8)","decl":{"start":{"line":107,"column":2},"end":{"line":107,"column":3}},"loc":{"start":{"line":107,"column":57},"end":{"line":135,"column":3}},"line":107}},"branchMap":{"0":{"loc":{"start":{"line":39,"column":8},"end":{"line":48,"column":9}},"type":"if","locations":[{"start":{"line":39,"column":8},"end":{"line":48,"column":9}},{"start":{},"end":{}}],"line":39},"1":{"loc":{"start":{"line":39,"column":12},"end":{"line":39,"column":57}},"type":"binary-expr","locations":[{"start":{"line":39,"column":12},"end":{"line":39,"column":22}},{"start":{"line":39,"column":26},"end":{"line":39,"column":57}}],"line":39},"2":{"loc":{"start":{"line":73,"column":36},"end":{"line":73,"column":48}},"type":"default-arg","locations":[{"start":{"line":73,"column":46},"end":{"line":73,"column":48}}],"line":73},"3":{"loc":{"start":{"line":75,"column":6},"end":{"line":78,"column":7}},"type":"if","locations":[{"start":{"line":75,"column":6},"end":{"line":78,"column":7}},{"start":{},"end":{}}],"line":75},"4":{"loc":{"start":{"line":109,"column":6},"end":{"line":109,"column":27}},"type":"if","locations":[{"start":{"line":109,"column":6},"end":{"line":109,"column":27}},{"start":{},"end":{}}],"line":109}},"s":{"0":1,"1":1,"2":1,"3":1,"4":1,"5":1,"6":1,"7":1,"8":0,"9":0,"10":0,"11":0,"12":0,"13":0,"14":0,"15":0,"16":0,"17":0,"18":0,"19":0,"20":0,"21":0,"22":0,"23":0,"24":0,"25":0,"26":0,"27":0,"28":0,"29":0,"30":0,"31":0,"32":0,"33":0,"34":0,"35":0,"36":1},"f":{"0":1,"1":1,"2":1,"3":0,"4":0,"5":0,"6":0,"7":0,"8":0},"b":{"0":[0,0],"1":[0,0],"2":[0],"3":[0,0],"4":[0,0]},"_coverageSchema":"1a1c01bbd47fc00a2c39e90264f33305004495a9","hash":"9fd4dc2300b339bfaffbe028657e3a430ab9b450"}
,"C:\\Users\\DELL\\Desktop\\Nebula-Stack\\utils\\securityLogger.js": {"path":"C:\\Users\\DELL\\Desktop\\Nebula-Stack\\utils\\securityLogger.js","statementMap":{"0":{"start":{"line":4,"column":15},"end":{"line":4,"column":34}},"1":{"start":{"line":5,"column":11},"end":{"line":5,"column":24}},"2":{"start":{"line":6,"column":13},"end":{"line":6,"column":28}},"3":{"start":{"line":8,"column":16},"end":{"line":8,"column":50}},"4":{"start":{"line":9,"column":0},"end":{"line":11,"column":1}},"5":{"start":{"line":10,"column":2},"end":{"line":10,"column":45}},"6":{"start":{"line":14,"column":2},"end":{"line":21,"column":5}},"7":{"start":{"line":25,"column":2},"end":{"line":32,"column":5}},"8":{"start":{"line":36,"column":2},"end":{"line":42,"column":5}},"9":{"start":{"line":46,"column":2},"end":{"line":55,"column":5}},"10":{"start":{"line":59,"column":2},"end":{"line":68,"column":5}},"11":{"start":{"line":72,"column":2},"end":{"line":81,"column":5}},"12":{"start":{"line":85,"column":2},"end":{"line":91,"column":5}},"13":{"start":{"line":95,"column":2},"end":{"line":101,"column":5}},"14":{"start":{"line":105,"column":2},"end":{"line":112,"column":5}},"15":{"start":{"line":119,"column":2},"end":{"line":127,"column":5}},"16":{"start":{"line":134,"column":2},"end":{"line":142,"column":5}},"17":{"start":{"line":149,"column":2},"end":{"line":156,"column":5}},"18":{"start":{"line":163,"column":2},"end":{"line":171,"column":5}},"19":{"start":{"line":174,"column":0},"end":{"line":188,"column":2}}},"fnMap":{"0":{"name":"logLoginSuccess","decl":{"start":{"line":13,"column":9},"end":{"line":13,"column":24}},"loc":{"start":{"line":13,"column":63},"end":{"line":22,"column":1}},"line":13},"1":{"name":"logLoginFailure","decl":{"start":{"line":24,"column":9},"end":{"line":24,"column":24}},"loc":{"start":{"line":24,"column":62},"end":{"line":33,"column":1}},"line":24},"2":{"name":"logLogout","decl":{"start":{"line":35,"column":9},"end":{"line":35,"column":18}},"loc":{"start":{"line":35,"column":46},"end":{"line":43,"column":1}},"line":35},"3":{"name":"logAccessViolation","decl":{"start":{"line":45,"column":9},"end":{"line":45,"column":27}},"loc":{"start":{"line":45,"column":96},"end":{"line":56,"column":1}},"line":45},"4":{"name":"logRoleViolation","decl":{"start":{"line":58,"column":9},"end":{"line":58,"column":25}},"loc":{"start":{"line":58,"column":91},"end":{"line":69,"column":1}},"line":58},"5":{"name":"logDepartmentViolation","decl":{"start":{"line":71,"column":9},"end":{"line":71,"column":31}},"loc":{"start":{"line":71,"column":97},"end":{"line":82,"column":1}},"line":71},"6":{"name":"logInvalidToken","decl":{"start":{"line":84,"column":9},"end":{"line":84,"column":24}},"loc":{"start":{"line":84,"column":55},"end":{"line":92,"column":1}},"line":84},"7":{"name":"logInactiveAccountAccess","decl":{"start":{"line":94,"column":9},"end":{"line":94,"column":33}},"loc":{"start":{"line":94,"column":61},"end":{"line":102,"column":1}},"line":94},"8":{"name":"logOffDutyAccess","decl":{"start":{"line":104,"column":9},"end":{"line":104,"column":25}},"loc":{"start":{"line":104,"column":63},"end":{"line":113,"column":1}},"line":104},"9":{"name":"logTokenSkipped","decl":{"start":{"line":118,"column":9},"end":{"line":118,"column":24}},"loc":{"start":{"line":118,"column":75},"end":{"line":128,"column":1}},"line":118},"10":{"name":"logTokenRescheduled","decl":{"start":{"line":133,"column":9},"end":{"line":133,"column":28}},"loc":{"start":{"line":133,"column":88},"end":{"line":143,"column":1}},"line":133},"11":{"name":"logTokenReactivated","decl":{"start":{"line":148,"column":9},"end":{"line":148,"column":28}},"loc":{"start":{"line":148,"column":71},"end":{"line":157,"column":1}},"line":148},"12":{"name":"logBulkQueueOperation","decl":{"start":{"line":162,"column":9},"end":{"line":162,"column":30}},"loc":{"start":{"line":162,"column":82},"end":{"line":172,"column":1}},"line":162}},"branchMap":{"0":{"loc":{"start":{"line":9,"column":0},"end":{"line":11,"column":1}},"type":"if","locations":[{"start":{"line":9,"column":0},"end":{"line":11,"column":1}},{"start":{},"end":{}}],"line":9},"1":{"loc":{"start":{"line":118,"column":63},"end":{"line":118,"column":73}},"type":"default-arg","locations":[{"start":{"line":118,"column":71},"end":{"line":118,"column":73}}],"line":118},"2":{"loc":{"start":{"line":133,"column":76},"end":{"line":133,"column":86}},"type":"default-arg","locations":[{"start":{"line":133,"column":84},"end":{"line":133,"column":86}}],"line":133},"3":{"loc":{"start":{"line":138,"column":21},"end":{"line":138,"column":72}},"type":"binary-expr","locations":[{"start":{"line":138,"column":21},"end":{"line":138,"column":53}},{"start":{"line":138,"column":57},"end":{"line":138,"column":72}}],"line":138},"4":{"loc":{"start":{"line":148,"column":59},"end":{"line":148,"column":69}},"type":"default-arg","locations":[{"start":{"line":148,"column":67},"end":{"line":148,"column":69}}],"line":148},"5":{"loc":{"start":{"line":162,"column":70},"end":{"line":162,"column":80}},"type":"default-arg","locations":[{"start":{"line":162,"column":78},"end":{"line":162,"column":80}}],"line":162}},"s":{"0":1,"1":1,"2":1,"3":1,"4":1,"5":0,"6":0,"7":0,"8":0,"9":0,"10":0,"11":0,"12":2,"13":0,"14":0,"15":0,"16":0,"17":0,"18":0,"19":1},"f":{"0":0,"1":0,"2":0,"3":0,"4":0,"5":0,"6":2,"7":0,"8":0,"9":0,"10":0,"11":0,"12":0},"b":{"0":[0,1],"1":[0],"2":[0],"3":[0,0],"4":[0],"5":[0]},"_coverageSchema":"1a1c01bbd47fc00a2c39e90264f33305004495a9","hash":"ed1cf5ec12a84f1fbe45703ef35a23dddc271672"}
,"C:\\Users\\DELL\\Desktop\\Nebula-Stack\\utils\\tokenGenerator.js": {"path":"C:\\Users\\DELL\\Desktop\\Nebula-Stack\\utils\\tokenGenerator.js","statementMap":{"0":{"start":{"line":2,"column":19},"end":{"line":8,"column":3}},"1":{"start":{"line":10,"column":2},"end":{"line":10,"column":58}},"2":{"start":{"line":14,"column":17},"end":{"line":14,"column":48}},"3":{"start":{"line":15,"column":2},"end":{"line":15,"column":57}},"4":{"start":{"line":18,"column":0},"end":{"line":21,"column":2}}},"fnMap":{"0":{"name":"getDepartmentPrefix","decl":{"start":{"line":1,"column":9},"end":{"line":1,"column":28}},"loc":{"start":{"line":1,"column":41},"end":{"line":11,"column":1}},"line":1},"1":{"name":"generateToken","decl":{"start":{"line":13,"column":9},"end":{"line":13,"column":22}},"loc":{"start":{"line":13,"column":44},"end":{"line":16,"column":1}},"line":13}},"branchMap":{"0":{"loc":{"start":{"line":10,"column":9},"end":{"line":10,"column":57}},"type":"binary-expr","locations":[{"start":{"line":10,"column":9},"end":{"line":10,"column":29}},{"start":{"line":10,"column":33},"end":{"line":10,"column":57}}],"line":10}},"s":{"0":0,"1":0,"2":0,"3":0,"4":1},"f":{"0":0,"1":0},"b":{"0":[0,0]},"_coverageSchema":"1a1c01bbd47fc00a2c39e90264f33305004495a9","hash":"4b172398dc740e8a6ac21d39525f64480da44316"}
}
