TN:
SF:controllers\staffStatusController.js
FN:16,(anonymous_0)
FN:111,(anonymous_1)
FN:145,(anonymous_2)
FN:172,(anonymous_3)
FN:207,(anonymous_4)
FN:283,(anonymous_5)
FNF:6
FNH:6
FNDA:5,(anonymous_0)
FNDA:2,(anonymous_1)
FNDA:2,(anonymous_2)
FNDA:2,(anonymous_3)
FNDA:4,(anonymous_4)
FNDA:1,(anonymous_5)
DA:7,1
DA:8,1
DA:9,1
DA:10,1
DA:16,1
DA:17,5
DA:18,5
DA:19,5
DA:20,5
DA:21,5
DA:24,5
DA:25,1
DA:32,4
DA:33,4
DA:34,4
DA:36,4
DA:37,1
DA:43,1
DA:50,3
DA:56,3
DA:57,3
DA:58,3
DA:60,3
DA:63,2
DA:66,2
DA:76,2
DA:86,1
DA:94,3
DA:100,0
DA:111,1
DA:112,2
DA:113,2
DA:114,2
DA:117,2
DA:118,2
DA:120,2
DA:121,1
DA:127,1
DA:129,1
DA:134,0
DA:145,1
DA:146,2
DA:147,2
DA:148,2
DA:150,2
DA:152,2
DA:161,0
DA:172,1
DA:173,2
DA:174,2
DA:177,2
DA:178,2
DA:179,1
DA:185,1
DA:187,1
DA:196,0
DA:207,1
DA:208,4
DA:209,4
DA:212,4
DA:213,1
DA:218,1
DA:225,3
DA:226,1
DA:232,2
DA:233,1
DA:239,1
DA:240,0
DA:247,1
DA:253,1
DA:261,1
DA:272,0
DA:283,1
DA:284,1
DA:285,1
DA:288,1
DA:289,1
DA:290,0
DA:297,1
DA:298,1
DA:300,1
DA:312,0
LF:82
LH:74
BRDA:24,0,0,1
BRDA:24,0,1,4
BRDA:32,1,0,4
BRDA:32,1,1,0
BRDA:36,2,0,1
BRDA:36,2,1,3
BRDA:36,3,0,4
BRDA:36,3,1,4
BRDA:51,4,0,0
BRDA:51,4,1,3
BRDA:52,5,0,3
BRDA:52,5,1,3
BRDA:57,6,0,3
BRDA:57,6,1,0
BRDA:100,7,0,0
BRDA:100,7,1,0
BRDA:102,8,0,0
BRDA:102,8,1,0
BRDA:117,9,0,2
BRDA:117,9,1,2
BRDA:120,10,0,1
BRDA:120,10,1,1
BRDA:120,11,0,2
BRDA:120,11,1,2
BRDA:120,11,2,1
BRDA:134,12,0,0
BRDA:134,12,1,0
BRDA:136,13,0,0
BRDA:136,13,1,0
BRDA:148,14,0,2
BRDA:148,14,1,0
BRDA:161,15,0,0
BRDA:161,15,1,0
BRDA:163,16,0,0
BRDA:163,16,1,0
BRDA:178,17,0,1
BRDA:178,17,1,1
BRDA:196,18,0,0
BRDA:196,18,1,0
BRDA:198,19,0,0
BRDA:198,19,1,0
BRDA:212,20,0,1
BRDA:212,20,1,3
BRDA:225,21,0,1
BRDA:225,21,1,2
BRDA:225,22,0,3
BRDA:225,22,1,3
BRDA:232,23,0,1
BRDA:232,23,1,1
BRDA:239,24,0,0
BRDA:239,24,1,1
BRDA:249,25,0,1
BRDA:249,25,1,1
BRDA:272,26,0,0
BRDA:272,26,1,0
BRDA:274,27,0,0
BRDA:274,27,1,0
BRDA:289,28,0,0
BRDA:289,28,1,1
BRDA:312,29,0,0
BRDA:312,29,1,0
BRDA:314,30,0,0
BRDA:314,30,1,0
BRF:63
BRH:33
end_of_record
TN:
SF:models\Department.js
FNF:0
FNH:0
DA:1,1
DA:3,1
DA:24,1
LF:3
LH:3
BRF:0
BRH:0
end_of_record
TN:
SF:models\Patient.js
FN:211,(anonymous_0)
FN:228,(anonymous_1)
FN:231,(anonymous_2)
FN:232,(anonymous_3)
FN:243,(anonymous_4)
FN:250,(anonymous_5)
FN:253,(anonymous_6)
FN:274,(anonymous_7)
FN:276,(anonymous_8)
FN:304,(anonymous_9)
FN:306,(anonymous_10)
FN:340,(anonymous_11)
FN:342,(anonymous_12)
FN:378,(anonymous_13)
FN:380,(anonymous_14)
FN:414,(anonymous_15)
FN:416,(anonymous_16)
FN:429,(anonymous_17)
FN:444,(anonymous_18)
FN:446,(anonymous_19)
FN:486,(anonymous_20)
FN:487,(anonymous_21)
FNF:22
FNH:0
FNDA:0,(anonymous_0)
FNDA:0,(anonymous_1)
FNDA:0,(anonymous_2)
FNDA:0,(anonymous_3)
FNDA:0,(anonymous_4)
FNDA:0,(anonymous_5)
FNDA:0,(anonymous_6)
FNDA:0,(anonymous_7)
FNDA:0,(anonymous_8)
FNDA:0,(anonymous_9)
FNDA:0,(anonymous_10)
FNDA:0,(anonymous_11)
FNDA:0,(anonymous_12)
FNDA:0,(anonymous_13)
FNDA:0,(anonymous_14)
FNDA:0,(anonymous_15)
FNDA:0,(anonymous_16)
FNDA:0,(anonymous_17)
FNDA:0,(anonymous_18)
FNDA:0,(anonymous_19)
FNDA:0,(anonymous_20)
FNDA:0,(anonymous_21)
DA:2,2
DA:7,2
DA:32,2
DA:100,2
DA:196,2
DA:197,2
DA:198,2
DA:201,2
DA:202,2
DA:205,2
DA:211,2
DA:212,0
DA:214,0
DA:215,0
DA:216,0
DA:217,0
DA:219,0
DA:222,0
DA:228,2
DA:229,0
DA:230,0
DA:231,0
DA:232,0
DA:237,0
DA:243,2
DA:244,0
DA:250,2
DA:252,0
DA:253,0
DA:256,0
DA:257,0
DA:260,0
DA:274,2
DA:275,0
DA:276,0
DA:279,0
DA:280,0
DA:283,0
DA:284,0
DA:287,0
DA:288,0
DA:289,0
DA:292,0
DA:293,0
DA:304,2
DA:305,0
DA:306,0
DA:309,0
DA:310,0
DA:313,0
DA:314,0
DA:317,0
DA:319,0
DA:320,0
DA:321,0
DA:322,0
DA:325,0
DA:326,0
DA:340,2
DA:341,0
DA:342,0
DA:345,0
DA:346,0
DA:349,0
DA:350,0
DA:353,0
DA:355,0
DA:356,0
DA:357,0
DA:358,0
DA:359,0
DA:362,0
DA:363,0
DA:378,2
DA:379,0
DA:380,0
DA:383,0
DA:384,0
DA:387,0
DA:389,0
DA:390,0
DA:392,0
DA:394,0
DA:397,0
DA:400,0
DA:401,0
DA:414,2
DA:415,0
DA:416,0
DA:419,0
DA:420,0
DA:423,0
DA:424,0
DA:425,0
DA:428,0
DA:429,0
DA:432,0
DA:433,0
DA:435,0
DA:444,2
DA:445,0
DA:446,0
DA:449,0
DA:450,0
DA:453,0
DA:454,0
DA:455,0
DA:458,0
DA:461,0
DA:462,0
DA:465,0
DA:466,0
DA:469,0
DA:472,0
DA:473,0
DA:486,2
DA:487,0
DA:488,0
DA:491,2
LF:119
LH:22
BRDA:216,0,0,0
BRDA:216,0,1,0
BRDA:229,1,0,0
BRDA:229,1,1,0
BRDA:231,2,0,0
BRDA:231,2,1,0
BRDA:244,3,0,0
BRDA:244,3,1,0
BRDA:250,4,0,0
BRDA:253,5,0,0
BRDA:253,5,1,0
BRDA:256,6,0,0
BRDA:256,6,1,0
BRDA:276,7,0,0
BRDA:276,7,1,0
BRDA:279,8,0,0
BRDA:279,8,1,0
BRDA:283,9,0,0
BRDA:283,9,1,0
BRDA:292,10,0,0
BRDA:292,10,1,0
BRDA:304,11,0,0
BRDA:306,12,0,0
BRDA:306,12,1,0
BRDA:309,13,0,0
BRDA:309,13,1,0
BRDA:313,14,0,0
BRDA:313,14,1,0
BRDA:325,15,0,0
BRDA:325,15,1,0
BRDA:340,16,0,0
BRDA:342,17,0,0
BRDA:342,17,1,0
BRDA:345,18,0,0
BRDA:345,18,1,0
BRDA:349,19,0,0
BRDA:349,19,1,0
BRDA:362,20,0,0
BRDA:362,20,1,0
BRDA:378,21,0,0
BRDA:380,22,0,0
BRDA:380,22,1,0
BRDA:383,23,0,0
BRDA:383,23,1,0
BRDA:387,24,0,0
BRDA:387,24,1,0
BRDA:390,25,0,0
BRDA:390,25,1,0
BRDA:400,26,0,0
BRDA:400,26,1,0
BRDA:416,27,0,0
BRDA:416,27,1,0
BRDA:419,28,0,0
BRDA:419,28,1,0
BRDA:429,29,0,0
BRDA:429,29,1,0
BRDA:432,30,0,0
BRDA:432,30,1,0
BRDA:444,31,0,0
BRDA:446,32,0,0
BRDA:446,32,1,0
BRDA:449,33,0,0
BRDA:449,33,1,0
BRDA:454,34,0,0
BRDA:454,34,1,0
BRDA:461,35,0,0
BRDA:461,35,1,0
BRDA:461,36,0,0
BRDA:461,36,1,0
BRDA:465,37,0,0
BRDA:465,37,1,0
BRDA:465,38,0,0
BRDA:465,38,1,0
BRDA:472,39,0,0
BRDA:472,39,1,0
BRDA:488,40,0,0
BRDA:488,40,1,0
BRF:77
BRH:0
end_of_record
TN:
SF:models\staff.js
FN:94,(anonymous_0)
FNF:1
FNH:0
FNDA:0,(anonymous_0)
DA:1,2
DA:3,2
DA:21,2
DA:87,2
DA:88,2
DA:89,2
DA:90,2
DA:91,2
DA:94,2
DA:95,0
DA:96,0
DA:97,0
DA:99,0
DA:102,2
LF:14
LH:10
BRDA:95,0,0,0
BRDA:95,0,1,0
BRDA:95,1,0,0
BRDA:95,1,1,0
BRDA:96,2,0,0
BRDA:96,2,1,0
BRF:6
BRH:0
end_of_record
TN:
SF:services\queueService.js
FN:12,(anonymous_0)
FN:50,(anonymous_1)
FN:69,(anonymous_2)
FN:113,(anonymous_3)
FN:136,(anonymous_4)
FN:210,(anonymous_5)
FN:216,(anonymous_6)
FN:217,(anonymous_7)
FN:245,(anonymous_8)
FN:269,(anonymous_9)
FN:326,(anonymous_10)
FN:388,(anonymous_11)
FN:440,(anonymous_12)
FN:475,(anonymous_13)
FN:479,(anonymous_14)
FNF:15
FNH:8
FNDA:8,(anonymous_0)
FNDA:8,(anonymous_1)
FNDA:8,(anonymous_2)
FNDA:7,(anonymous_3)
FNDA:8,(anonymous_4)
FNDA:0,(anonymous_5)
FNDA:0,(anonymous_6)
FNDA:0,(anonymous_7)
FNDA:0,(anonymous_8)
FNDA:0,(anonymous_9)
FNDA:0,(anonymous_10)
FNDA:0,(anonymous_11)
FNDA:1,(anonymous_12)
FNDA:1,(anonymous_13)
FNDA:1,(anonymous_14)
DA:2,2
DA:3,2
DA:4,2
DA:13,8
DA:15,8
DA:16,8
DA:17,0
DA:21,8
DA:28,8
DA:31,8
DA:32,10
DA:33,16
DA:37,15
DA:50,8
DA:52,8
DA:54,0
DA:59,0
DA:70,8
DA:71,8
DA:72,8
DA:75,8
DA:83,8
DA:85,8
DA:86,8
DA:87,8
DA:94,7
DA:97,7
DA:98,7
DA:104,8
DA:106,1
DA:113,7
DA:114,7
DA:119,0
DA:123,0
DA:137,8
DA:138,8
DA:139,8
DA:140,8
DA:143,8
DA:144,8
DA:150,8
DA:152,8
DA:153,8
DA:154,8
DA:156,8
DA:157,15
DA:159,6
DA:165,9
DA:168,9
DA:170,9
DA:171,9
DA:175,9
DA:183,8
DA:197,0
DA:201,0
DA:211,0
DA:212,0
DA:214,0
DA:216,0
DA:217,0
DA:221,0
DA:222,0
DA:223,0
DA:226,0
DA:229,0
DA:231,0
DA:235,0
DA:247,0
DA:248,0
DA:249,0
DA:250,0
DA:257,0
DA:270,0
DA:272,0
DA:273,0
DA:277,0
DA:282,0
DA:283,0
DA:287,0
DA:290,0
DA:292,0
DA:303,0
DA:305,0
DA:312,0
DA:327,0
DA:329,0
DA:330,0
DA:334,0
DA:335,0
DA:339,0
DA:344,0
DA:345,0
DA:349,0
DA:352,0
DA:354,0
DA:366,0
DA:368,0
DA:376,0
DA:389,0
DA:391,0
DA:392,0
DA:396,0
DA:401,0
DA:402,0
DA:406,0
DA:409,0
DA:411,0
DA:421,0
DA:423,0
DA:430,0
DA:441,1
DA:442,1
DA:444,1
DA:451,1
DA:461,0
DA:465,0
DA:476,1
DA:477,1
DA:479,1
DA:489,0
DA:493,0
DA:498,2
LF:122
LH:56
BRDA:16,0,0,0
BRDA:16,0,1,8
BRDA:33,1,0,15
BRDA:33,1,1,1
BRDA:34,2,0,16
BRDA:34,2,1,16
BRDA:87,3,0,7
BRDA:87,3,1,1
BRDA:88,4,0,8
BRDA:88,4,1,8
BRDA:88,4,2,7
BRDA:88,4,3,7
BRDA:97,5,0,7
BRDA:97,5,1,0
BRDA:97,6,0,7
BRDA:97,6,1,7
BRDA:104,7,0,1
BRDA:104,7,1,7
BRDA:144,8,0,8
BRDA:144,8,1,0
BRDA:157,9,0,6
BRDA:157,9,1,9
BRDA:157,10,0,15
BRDA:157,10,1,6
BRDA:163,11,0,6
BRDA:163,11,1,0
BRDA:165,12,0,9
BRDA:165,12,1,0
BRDA:191,13,0,7
BRDA:191,13,1,1
BRDA:221,14,0,0
BRDA:221,14,1,0
BRDA:245,15,0,0
BRDA:249,16,0,0
BRDA:249,16,1,0
BRDA:269,17,0,0
BRDA:272,18,0,0
BRDA:272,18,1,0
BRDA:272,19,0,0
BRDA:272,19,1,0
BRDA:272,19,2,0
BRDA:272,19,3,0
BRDA:282,20,0,0
BRDA:282,20,1,0
BRDA:326,21,0,0
BRDA:329,22,0,0
BRDA:329,22,1,0
BRDA:329,23,0,0
BRDA:329,23,1,0
BRDA:329,23,2,0
BRDA:329,23,3,0
BRDA:334,24,0,0
BRDA:334,24,1,0
BRDA:344,25,0,0
BRDA:344,25,1,0
BRDA:372,26,0,0
BRDA:372,26,1,0
BRDA:388,27,0,0
BRDA:391,28,0,0
BRDA:391,28,1,0
BRDA:391,29,0,0
BRDA:391,29,1,0
BRDA:391,29,2,0
BRDA:401,30,0,0
BRDA:401,30,1,0
BRDA:457,31,0,0
BRDA:457,31,1,1
BRF:67
BRH:26
end_of_record
TN:
SF:services\staffStatusService.js
FN:26,(anonymous_0)
FN:60,(anonymous_1)
FN:137,(anonymous_2)
FN:168,(anonymous_3)
FN:191,(anonymous_4)
FN:198,(anonymous_5)
FN:213,(anonymous_6)
FN:268,(anonymous_7)
FN:301,(anonymous_8)
FN:348,(anonymous_9)
FN:369,(anonymous_10)
FNF:11
FNH:11
FNDA:12,(anonymous_0)
FNDA:9,(anonymous_1)
FNDA:2,(anonymous_2)
FNDA:10,(anonymous_3)
FNDA:1,(anonymous_4)
FNDA:2,(anonymous_5)
FNDA:2,(anonymous_6)
FNDA:1,(anonymous_7)
FNDA:1,(anonymous_8)
FNDA:9,(anonymous_9)
FNDA:17,(anonymous_10)
DA:7,3
DA:8,3
DA:11,3
DA:27,12
DA:29,12
DA:30,1
DA:36,11
DA:37,2
DA:43,9
DA:44,1
DA:50,8
DA:61,9
DA:63,9
DA:70,9
DA:71,1
DA:72,1
DA:73,1
DA:76,8
DA:77,1
DA:78,1
DA:79,1
DA:83,7
DA:84,7
DA:85,1
DA:86,1
DA:87,1
DA:91,6
DA:94,6
DA:95,6
DA:98,6
DA:107,6
DA:108,1
DA:111,6
DA:113,6
DA:121,6
DA:123,3
DA:128,3
DA:138,2
DA:139,2
DA:146,2
DA:147,1
DA:148,1
DA:149,1
DA:152,1
DA:154,1
DA:158,1
DA:169,10
DA:170,10
DA:176,9
DA:178,1
DA:182,1
DA:192,1
DA:193,1
DA:198,2
DA:200,0
DA:204,0
DA:214,2
DA:215,2
DA:222,2
DA:223,0
DA:224,0
DA:228,2
DA:229,1
DA:230,1
DA:231,1
DA:233,1
DA:240,1
DA:241,0
DA:244,1
DA:246,1
DA:252,2
DA:254,0
DA:258,0
DA:269,1
DA:270,1
DA:277,1
DA:278,0
DA:279,0
DA:280,0
DA:284,1
DA:286,0
DA:290,0
DA:302,1
DA:303,0
DA:304,0
DA:305,0
DA:308,1
DA:309,0
DA:310,0
DA:311,0
DA:314,1
DA:320,1
DA:321,2
DA:322,2
DA:323,1
DA:325,1
DA:332,1
DA:340,1
DA:349,9
DA:370,17
DA:371,16
DA:375,3
LF:102
LH:84
BRDA:29,0,0,1
BRDA:29,0,1,11
BRDA:36,1,0,2
BRDA:36,1,1,9
BRDA:43,2,0,1
BRDA:43,2,1,8
BRDA:60,3,0,5
BRDA:70,4,0,1
BRDA:70,4,1,8
BRDA:76,5,0,1
BRDA:76,5,1,7
BRDA:83,6,0,7
BRDA:83,6,1,0
BRDA:84,7,0,1
BRDA:84,7,1,6
BRDA:91,8,0,6
BRDA:91,8,1,0
BRDA:101,9,0,6
BRDA:101,9,1,4
BRDA:102,10,0,6
BRDA:102,10,1,4
BRDA:107,11,0,1
BRDA:107,11,1,5
BRDA:118,12,0,6
BRDA:118,12,1,4
BRDA:146,13,0,1
BRDA:146,13,1,1
BRDA:222,14,0,0
BRDA:222,14,1,2
BRDA:228,15,0,1
BRDA:228,15,1,1
BRDA:240,16,0,0
BRDA:240,16,1,1
BRDA:268,17,0,0
BRDA:277,18,0,0
BRDA:277,18,1,1
BRDA:301,19,0,1
BRDA:302,20,0,0
BRDA:302,20,1,1
BRDA:302,21,0,1
BRDA:302,21,1,1
BRDA:308,22,0,0
BRDA:308,22,1,1
BRDA:337,23,0,1
BRDA:337,23,1,1
BRDA:350,24,0,9
BRDA:350,24,1,2
BRDA:354,25,0,9
BRDA:354,25,1,0
BRDA:358,26,0,9
BRDA:358,26,1,2
BRDA:370,27,0,1
BRDA:370,27,1,16
BRF:53
BRH:44
end_of_record
TN:
SF:utils\logger.js
FN:4,(anonymous_0)
FNF:1
FNH:0
FNDA:0,(anonymous_0)
DA:1,3
DA:2,3
DA:4,3
DA:5,0
DA:8,3
LF:5
LH:4
BRDA:5,0,0,0
BRDA:5,0,1,0
BRDA:9,1,0,3
BRDA:9,1,1,3
BRF:4
BRH:2
end_of_record
TN:
SF:utils\queueSocketHandler.js
FN:11,(anonymous_0)
FN:19,(anonymous_1)
FN:28,(anonymous_2)
FN:31,(anonymous_3)
FN:38,(anonymous_4)
FN:52,(anonymous_5)
FN:60,(anonymous_6)
FN:73,(anonymous_7)
FN:107,(anonymous_8)
FN:142,(anonymous_9)
FN:176,(anonymous_10)
FN:206,(anonymous_11)
FNF:12
FNH:1
FNDA:1,(anonymous_0)
FNDA:0,(anonymous_1)
FNDA:0,(anonymous_2)
FNDA:0,(anonymous_3)
FNDA:0,(anonymous_4)
FNDA:0,(anonymous_5)
FNDA:0,(anonymous_6)
FNDA:0,(anonymous_7)
FNDA:0,(anonymous_8)
FNDA:0,(anonymous_9)
FNDA:0,(anonymous_10)
FNDA:0,(anonymous_11)
DA:7,1
DA:8,1
DA:12,1
DA:20,0
DA:21,0
DA:22,0
DA:29,0
DA:31,0
DA:32,0
DA:38,0
DA:39,0
DA:40,0
DA:41,0
DA:47,0
DA:52,0
DA:53,0
DA:54,0
DA:60,0
DA:61,0
DA:74,0
DA:75,0
DA:76,0
DA:77,0
DA:80,0
DA:81,0
DA:83,0
DA:88,0
DA:94,0
DA:108,0
DA:109,0
DA:111,0
DA:113,0
DA:121,0
DA:123,0
DA:129,0
DA:143,0
DA:144,0
DA:145,0
DA:146,0
DA:149,0
DA:151,0
DA:157,0
DA:164,0
DA:177,0
DA:178,0
DA:180,0
DA:182,0
DA:188,0
DA:194,0
DA:207,0
DA:208,0
DA:210,0
DA:212,0
DA:219,0
DA:224,0
DA:232,1
LF:56
LH:4
BRDA:39,0,0,0
BRDA:39,0,1,0
BRDA:39,1,0,0
BRDA:39,1,1,0
BRDA:73,2,0,0
BRDA:75,3,0,0
BRDA:75,3,1,0
BRDA:109,4,0,0
BRDA:109,4,1,0
BRDA:144,5,0,0
BRDA:144,5,1,0
BRDA:178,6,0,0
BRDA:178,6,1,0
BRDA:208,7,0,0
BRDA:208,7,1,0
BRF:15
BRH:0
end_of_record
TN:
SF:utils\securityLogger.js
FN:13,logLoginSuccess
FN:24,logLoginFailure
FN:35,logLogout
FN:45,logAccessViolation
FN:58,logRoleViolation
FN:71,logDepartmentViolation
FN:84,logInvalidToken
FN:94,logInactiveAccountAccess
FN:104,logOffDutyAccess
FN:118,logTokenSkipped
FN:133,logTokenRescheduled
FN:148,logTokenReactivated
FN:162,logBulkQueueOperation
FN:178,logTokenDetailAccess
FN:196,logNurseQueueAccess
FN:224,logNurseTokenPrepStatusUpdate
FNF:16
FNH:0
FNDA:0,logLoginSuccess
FNDA:0,logLoginFailure
FNDA:0,logLogout
FNDA:0,logAccessViolation
FNDA:0,logRoleViolation
FNDA:0,logDepartmentViolation
FNDA:0,logInvalidToken
FNDA:0,logInactiveAccountAccess
FNDA:0,logOffDutyAccess
FNDA:0,logTokenSkipped
FNDA:0,logTokenRescheduled
FNDA:0,logTokenReactivated
FNDA:0,logBulkQueueOperation
FNDA:0,logTokenDetailAccess
FNDA:0,logNurseQueueAccess
FNDA:0,logNurseTokenPrepStatusUpdate
DA:4,1
DA:5,1
DA:6,1
DA:8,1
DA:9,1
DA:10,0
DA:14,0
DA:25,0
DA:36,0
DA:46,0
DA:59,0
DA:72,0
DA:85,0
DA:95,0
DA:105,0
DA:119,0
DA:134,0
DA:149,0
DA:163,0
DA:179,0
DA:205,0
DA:207,0
DA:235,0
DA:237,0
DA:252,1
LF:25
LH:6
BRDA:9,0,0,0
BRDA:9,0,1,1
BRDA:118,1,0,0
BRDA:133,2,0,0
BRDA:138,3,0,0
BRDA:138,3,1,0
BRDA:148,4,0,0
BRDA:162,5,0,0
BRDA:178,6,0,0
BRDA:178,7,0,0
BRDA:178,8,0,0
BRDA:200,9,0,0
BRDA:201,10,0,0
BRDA:202,11,0,0
BRDA:211,12,0,0
BRDA:211,12,1,0
BRDA:213,13,0,0
BRDA:213,13,1,0
BRDA:233,14,0,0
BRF:19
BRH:1
end_of_record
