TN:
SF:controllers\nurseController.js
FN:14,(anonymous_0)
FN:92,(anonymous_1)
FN:172,(anonymous_2)
FN:263,(anonymous_3)
FNF:4
FNH:4
FNDA:6,(anonymous_0)
FNDA:3,(anonymous_1)
FNDA:5,(anonymous_2)
FNDA:3,(anonymous_3)
DA:2,1
DA:3,1
DA:7,1
DA:14,1
DA:15,6
DA:16,6
DA:17,6
DA:20,6
DA:21,1
DA:23,6
DA:24,1
DA:28,6
DA:34,3
DA:44,3
DA:54,3
DA:59,3
DA:66,3
DA:67,3
DA:73,0
DA:74,0
DA:80,0
DA:92,1
DA:93,3
DA:94,3
DA:95,3
DA:96,3
DA:99,3
DA:100,1
DA:107,2
DA:108,0
DA:110,2
DA:111,0
DA:115,2
DA:120,1
DA:130,1
DA:135,1
DA:142,1
DA:143,0
DA:149,1
DA:150,1
DA:156,0
DA:172,1
DA:173,5
DA:174,5
DA:175,5
DA:176,5
DA:179,5
DA:180,1
DA:186,4
DA:187,4
DA:188,1
DA:195,3
DA:204,1
DA:215,1
DA:224,1
DA:229,2
DA:236,2
DA:237,1
DA:243,1
DA:244,1
DA:250,0
DA:263,1
DA:264,3
DA:265,3
DA:266,3
DA:267,3
DA:270,3
DA:271,1
DA:278,2
DA:284,1
DA:292,1
DA:297,1
DA:305,1
DA:306,1
DA:312,0
DA:313,0
DA:319,0
LF:77
LH:66
BRDA:16,0,0,6
BRDA:16,0,1,0
BRDA:20,1,0,1
BRDA:20,1,1,5
BRDA:23,2,0,1
BRDA:23,2,1,5
BRDA:36,3,0,3
BRDA:36,3,1,0
BRDA:37,4,0,2
BRDA:37,4,1,1
BRDA:60,5,0,3
BRDA:60,5,1,0
BRDA:66,6,0,3
BRDA:66,6,1,0
BRDA:73,7,0,0
BRDA:73,7,1,0
BRDA:94,8,0,3
BRDA:94,8,1,0
BRDA:99,9,0,1
BRDA:99,9,1,2
BRDA:99,10,0,3
BRDA:99,10,1,3
BRDA:107,11,0,0
BRDA:107,11,1,2
BRDA:110,12,0,0
BRDA:110,12,1,2
BRDA:123,13,0,1
BRDA:123,13,1,0
BRDA:136,14,0,1
BRDA:136,14,1,0
BRDA:142,15,0,0
BRDA:142,15,1,1
BRDA:149,16,0,1
BRDA:149,16,1,0
BRDA:174,17,0,5
BRDA:174,17,1,0
BRDA:176,18,0,4
BRDA:179,19,0,1
BRDA:179,19,1,4
BRDA:179,20,0,5
BRDA:179,20,1,5
BRDA:187,21,0,1
BRDA:187,21,1,3
BRDA:206,22,0,1
BRDA:206,22,1,0
BRDA:230,23,0,2
BRDA:230,23,1,0
BRDA:236,24,0,1
BRDA:236,24,1,1
BRDA:243,25,0,1
BRDA:243,25,1,0
BRDA:243,26,0,1
BRDA:243,26,1,0
BRDA:265,27,0,3
BRDA:265,27,1,0
BRDA:270,28,0,1
BRDA:270,28,1,2
BRDA:298,29,0,1
BRDA:298,29,1,0
BRDA:305,30,0,1
BRDA:305,30,1,0
BRDA:312,31,0,0
BRDA:312,31,1,0
BRF:63
BRH:40
end_of_record
TN:
SF:controllers\staffController.js
FN:10,(anonymous_0)
FN:51,(anonymous_1)
FN:56,(anonymous_2)
FNF:3
FNH:0
FNDA:0,(anonymous_0)
FNDA:0,(anonymous_1)
FNDA:0,(anonymous_2)
DA:1,1
DA:2,1
DA:3,1
DA:4,1
DA:5,1
DA:7,1
DA:8,1
DA:10,1
DA:11,0
DA:12,0
DA:13,0
DA:16,0
DA:17,0
DA:18,0
DA:19,0
DA:22,0
DA:23,0
DA:24,0
DA:27,0
DA:28,0
DA:32,0
DA:40,0
DA:42,0
DA:44,0
DA:46,0
DA:47,0
DA:51,1
DA:52,0
DA:53,0
DA:56,1
DA:57,0
LF:31
LH:10
BRDA:7,0,0,1
BRDA:7,0,1,1
BRDA:12,1,0,0
BRDA:12,1,1,0
BRDA:12,2,0,0
BRDA:12,2,1,0
BRDA:18,3,0,0
BRDA:18,3,1,0
BRDA:23,4,0,0
BRDA:23,4,1,0
BRDA:27,5,0,0
BRDA:27,5,1,0
BRDA:35,6,0,0
BRDA:35,6,1,0
BRDA:36,7,0,0
BRDA:36,7,1,0
BRF:16
BRH:2
end_of_record
TN:
SF:models\Department.js
FNF:0
FNH:0
DA:1,1
DA:3,1
DA:24,1
LF:3
LH:3
BRF:0
BRH:0
end_of_record
TN:
SF:models\Patient.js
FN:211,(anonymous_0)
FN:228,(anonymous_1)
FN:231,(anonymous_2)
FN:232,(anonymous_3)
FN:243,(anonymous_4)
FN:250,(anonymous_5)
FN:253,(anonymous_6)
FN:274,(anonymous_7)
FN:276,(anonymous_8)
FN:304,(anonymous_9)
FN:306,(anonymous_10)
FN:340,(anonymous_11)
FN:342,(anonymous_12)
FN:378,(anonymous_13)
FN:380,(anonymous_14)
FN:414,(anonymous_15)
FN:416,(anonymous_16)
FN:429,(anonymous_17)
FN:444,(anonymous_18)
FN:446,(anonymous_19)
FN:486,(anonymous_20)
FN:487,(anonymous_21)
FNF:22
FNH:0
FNDA:0,(anonymous_0)
FNDA:0,(anonymous_1)
FNDA:0,(anonymous_2)
FNDA:0,(anonymous_3)
FNDA:0,(anonymous_4)
FNDA:0,(anonymous_5)
FNDA:0,(anonymous_6)
FNDA:0,(anonymous_7)
FNDA:0,(anonymous_8)
FNDA:0,(anonymous_9)
FNDA:0,(anonymous_10)
FNDA:0,(anonymous_11)
FNDA:0,(anonymous_12)
FNDA:0,(anonymous_13)
FNDA:0,(anonymous_14)
FNDA:0,(anonymous_15)
FNDA:0,(anonymous_16)
FNDA:0,(anonymous_17)
FNDA:0,(anonymous_18)
FNDA:0,(anonymous_19)
FNDA:0,(anonymous_20)
FNDA:0,(anonymous_21)
DA:2,1
DA:7,1
DA:32,1
DA:100,1
DA:196,1
DA:197,1
DA:198,1
DA:201,1
DA:202,1
DA:205,1
DA:211,1
DA:212,0
DA:214,0
DA:215,0
DA:216,0
DA:217,0
DA:219,0
DA:222,0
DA:228,1
DA:229,0
DA:230,0
DA:231,0
DA:232,0
DA:237,0
DA:243,1
DA:244,0
DA:250,1
DA:252,0
DA:253,0
DA:256,0
DA:257,0
DA:260,0
DA:274,1
DA:275,0
DA:276,0
DA:279,0
DA:280,0
DA:283,0
DA:284,0
DA:287,0
DA:288,0
DA:289,0
DA:292,0
DA:293,0
DA:304,1
DA:305,0
DA:306,0
DA:309,0
DA:310,0
DA:313,0
DA:314,0
DA:317,0
DA:319,0
DA:320,0
DA:321,0
DA:322,0
DA:325,0
DA:326,0
DA:340,1
DA:341,0
DA:342,0
DA:345,0
DA:346,0
DA:349,0
DA:350,0
DA:353,0
DA:355,0
DA:356,0
DA:357,0
DA:358,0
DA:359,0
DA:362,0
DA:363,0
DA:378,1
DA:379,0
DA:380,0
DA:383,0
DA:384,0
DA:387,0
DA:389,0
DA:390,0
DA:392,0
DA:394,0
DA:397,0
DA:400,0
DA:401,0
DA:414,1
DA:415,0
DA:416,0
DA:419,0
DA:420,0
DA:423,0
DA:424,0
DA:425,0
DA:428,0
DA:429,0
DA:432,0
DA:433,0
DA:435,0
DA:444,1
DA:445,0
DA:446,0
DA:449,0
DA:450,0
DA:453,0
DA:454,0
DA:455,0
DA:458,0
DA:461,0
DA:462,0
DA:465,0
DA:466,0
DA:469,0
DA:472,0
DA:473,0
DA:486,1
DA:487,0
DA:488,0
DA:491,1
LF:119
LH:22
BRDA:216,0,0,0
BRDA:216,0,1,0
BRDA:229,1,0,0
BRDA:229,1,1,0
BRDA:231,2,0,0
BRDA:231,2,1,0
BRDA:244,3,0,0
BRDA:244,3,1,0
BRDA:250,4,0,0
BRDA:253,5,0,0
BRDA:253,5,1,0
BRDA:256,6,0,0
BRDA:256,6,1,0
BRDA:276,7,0,0
BRDA:276,7,1,0
BRDA:279,8,0,0
BRDA:279,8,1,0
BRDA:283,9,0,0
BRDA:283,9,1,0
BRDA:292,10,0,0
BRDA:292,10,1,0
BRDA:304,11,0,0
BRDA:306,12,0,0
BRDA:306,12,1,0
BRDA:309,13,0,0
BRDA:309,13,1,0
BRDA:313,14,0,0
BRDA:313,14,1,0
BRDA:325,15,0,0
BRDA:325,15,1,0
BRDA:340,16,0,0
BRDA:342,17,0,0
BRDA:342,17,1,0
BRDA:345,18,0,0
BRDA:345,18,1,0
BRDA:349,19,0,0
BRDA:349,19,1,0
BRDA:362,20,0,0
BRDA:362,20,1,0
BRDA:378,21,0,0
BRDA:380,22,0,0
BRDA:380,22,1,0
BRDA:383,23,0,0
BRDA:383,23,1,0
BRDA:387,24,0,0
BRDA:387,24,1,0
BRDA:390,25,0,0
BRDA:390,25,1,0
BRDA:400,26,0,0
BRDA:400,26,1,0
BRDA:416,27,0,0
BRDA:416,27,1,0
BRDA:419,28,0,0
BRDA:419,28,1,0
BRDA:429,29,0,0
BRDA:429,29,1,0
BRDA:432,30,0,0
BRDA:432,30,1,0
BRDA:444,31,0,0
BRDA:446,32,0,0
BRDA:446,32,1,0
BRDA:449,33,0,0
BRDA:449,33,1,0
BRDA:454,34,0,0
BRDA:454,34,1,0
BRDA:461,35,0,0
BRDA:461,35,1,0
BRDA:461,36,0,0
BRDA:461,36,1,0
BRDA:465,37,0,0
BRDA:465,37,1,0
BRDA:465,38,0,0
BRDA:465,38,1,0
BRDA:472,39,0,0
BRDA:472,39,1,0
BRDA:488,40,0,0
BRDA:488,40,1,0
BRF:77
BRH:0
end_of_record
TN:
SF:models\staff.js
FN:63,(anonymous_0)
FNF:1
FNH:0
FNDA:0,(anonymous_0)
DA:1,2
DA:3,2
DA:58,2
DA:59,2
DA:60,2
DA:63,2
DA:64,0
DA:65,0
DA:66,0
DA:68,0
DA:71,2
LF:11
LH:7
BRDA:64,0,0,0
BRDA:64,0,1,0
BRDA:64,1,0,0
BRDA:64,1,1,0
BRDA:65,2,0,0
BRDA:65,2,1,0
BRF:6
BRH:0
end_of_record
TN:
SF:routes\staff.js
FNF:0
FNH:0
DA:1,1
DA:2,1
DA:3,1
DA:4,1
DA:6,1
DA:7,1
DA:8,1
DA:17,1
DA:32,1
DA:45,1
DA:61,1
DA:68,1
LF:12
LH:12
BRF:0
BRH:0
end_of_record
TN:
SF:services\nurseQueueService.js
FN:13,(anonymous_0)
FN:44,(anonymous_1)
FN:85,(anonymous_2)
FN:86,(anonymous_3)
FN:87,(anonymous_4)
FN:117,(anonymous_5)
FN:174,(anonymous_6)
FN:198,(anonymous_7)
FN:229,(anonymous_8)
FN:230,(anonymous_9)
FN:231,(anonymous_10)
FN:250,(anonymous_11)
FN:292,(anonymous_12)
FN:312,(anonymous_13)
FN:346,(anonymous_14)
FN:379,(anonymous_15)
FN:402,(anonymous_16)
FNF:17
FNH:0
FNDA:0,(anonymous_0)
FNDA:0,(anonymous_1)
FNDA:0,(anonymous_2)
FNDA:0,(anonymous_3)
FNDA:0,(anonymous_4)
FNDA:0,(anonymous_5)
FNDA:0,(anonymous_6)
FNDA:0,(anonymous_7)
FNDA:0,(anonymous_8)
FNDA:0,(anonymous_9)
FNDA:0,(anonymous_10)
FNDA:0,(anonymous_11)
FNDA:0,(anonymous_12)
FNDA:0,(anonymous_13)
FNDA:0,(anonymous_14)
FNDA:0,(anonymous_15)
FNDA:0,(anonymous_16)
DA:2,1
DA:3,1
DA:4,1
DA:5,1
DA:14,0
DA:15,0
DA:19,0
DA:20,0
DA:25,0
DA:27,0
DA:29,0
DA:34,0
DA:45,0
DA:47,0
DA:49,0
DA:50,0
DA:67,0
DA:68,0
DA:75,0
DA:76,0
DA:81,0
DA:84,0
DA:85,0
DA:86,0
DA:87,0
DA:90,0
DA:101,0
DA:107,0
DA:118,0
DA:120,0
DA:121,0
DA:122,0
DA:126,0
DA:133,0
DA:134,0
DA:135,0
DA:138,0
DA:139,0
DA:140,0
DA:145,0
DA:146,0
DA:150,0
DA:151,0
DA:154,0
DA:168,0
DA:174,0
DA:175,0
DA:176,0
DA:178,0
DA:182,0
DA:183,0
DA:185,0
DA:186,0
DA:187,0
DA:189,0
DA:194,0
DA:197,0
DA:198,0
DA:199,0
DA:201,0
DA:202,0
DA:206,0
DA:214,0
DA:229,0
DA:230,0
DA:231,0
DA:235,0
DA:241,0
DA:251,0
DA:252,0
DA:253,0
DA:256,0
DA:264,0
DA:266,0
DA:267,0
DA:268,0
DA:275,0
DA:278,0
DA:280,0
DA:286,0
DA:288,0
DA:292,0
DA:293,0
DA:295,0
DA:299,0
DA:319,0
DA:321,0
DA:322,0
DA:323,0
DA:329,0
DA:334,0
DA:335,0
DA:341,0
DA:342,0
DA:345,0
DA:346,0
DA:349,0
DA:360,0
DA:368,0
DA:380,0
DA:382,0
DA:383,0
DA:384,0
DA:390,0
DA:395,0
DA:396,0
DA:401,0
DA:402,0
DA:405,0
DA:429,0
DA:436,0
DA:441,1
LF:112
LH:5
BRDA:19,0,0,0
BRDA:19,0,1,0
BRDA:25,1,0,0
BRDA:25,1,1,0
BRDA:44,2,0,0
BRDA:49,3,0,0
BRDA:49,3,1,0
BRDA:117,4,0,0
BRDA:121,5,0,0
BRDA:121,5,1,0
BRDA:140,6,0,0
BRDA:140,6,1,0
BRDA:141,7,0,0
BRDA:141,7,1,0
BRDA:145,8,0,0
BRDA:145,8,1,0
BRDA:145,9,0,0
BRDA:145,9,1,0
BRDA:150,10,0,0
BRDA:150,10,1,0
BRDA:150,11,0,0
BRDA:150,11,1,0
BRDA:165,12,0,0
BRDA:165,12,1,0
BRDA:175,13,0,0
BRDA:175,13,1,0
BRDA:178,14,0,0
BRDA:178,14,1,0
BRDA:186,15,0,0
BRDA:186,15,1,0
BRDA:186,16,0,0
BRDA:186,16,1,0
BRDA:219,17,0,0
BRDA:219,17,1,0
BRDA:226,18,0,0
BRDA:226,18,1,0
BRDA:268,19,0,0
BRDA:268,19,1,0
BRDA:269,20,0,0
BRDA:269,20,1,0
BRDA:269,20,2,0
BRDA:269,20,3,0
BRDA:278,21,0,0
BRDA:278,21,1,0
BRDA:278,22,0,0
BRDA:278,22,1,0
BRDA:286,23,0,0
BRDA:286,23,1,0
BRDA:317,24,0,0
BRDA:322,25,0,0
BRDA:322,25,1,0
BRDA:334,26,0,0
BRDA:334,26,1,0
BRDA:346,27,0,0
BRDA:346,27,1,0
BRDA:383,28,0,0
BRDA:383,28,1,0
BRDA:395,29,0,0
BRDA:395,29,1,0
BRDA:402,30,0,0
BRDA:402,30,1,0
BRDA:418,31,0,0
BRDA:418,31,1,0
BRF:63
BRH:0
end_of_record
TN:
SF:services\staffAuthService.js
FN:14,login
FN:61,logout
FNF:2
FNH:0
FNDA:0,login
FNDA:0,logout
DA:1,1
DA:2,1
DA:3,1
DA:9,1
DA:11,1
DA:12,1
DA:15,0
DA:16,0
DA:17,0
DA:20,0
DA:24,0
DA:25,0
DA:26,0
DA:29,0
DA:30,0
DA:31,0
DA:34,0
DA:35,0
DA:36,0
DA:37,0
DA:40,0
DA:41,0
DA:42,0
DA:44,0
DA:55,0
DA:57,0
DA:58,0
DA:62,0
DA:63,0
DA:64,0
DA:65,0
DA:67,0
DA:70,1
LF:33
LH:7
BRDA:12,0,0,1
BRDA:12,0,1,1
BRDA:15,1,0,0
BRDA:15,1,1,0
BRDA:15,2,0,0
BRDA:15,2,1,0
BRDA:24,3,0,0
BRDA:24,3,1,0
BRDA:29,4,0,0
BRDA:29,4,1,0
BRDA:35,5,0,0
BRDA:35,5,1,0
BRDA:63,6,0,0
BRDA:63,6,1,0
BRF:14
BRH:2
end_of_record
TN:
SF:utils\logger.js
FN:4,(anonymous_0)
FNF:1
FNH:0
FNDA:0,(anonymous_0)
DA:1,3
DA:2,3
DA:4,3
DA:5,0
DA:8,3
LF:5
LH:4
BRDA:5,0,0,0
BRDA:5,0,1,0
BRDA:9,1,0,3
BRDA:9,1,1,3
BRF:4
BRH:2
end_of_record
TN:
SF:utils\securityLogger.js
FN:13,logLoginSuccess
FN:24,logLoginFailure
FN:35,logLogout
FN:45,logAccessViolation
FN:58,logRoleViolation
FN:71,logDepartmentViolation
FN:84,logInvalidToken
FN:94,logInactiveAccountAccess
FN:104,logOffDutyAccess
FN:118,logTokenSkipped
FN:133,logTokenRescheduled
FN:148,logTokenReactivated
FN:162,logBulkQueueOperation
FN:178,logTokenDetailAccess
FN:196,logNurseQueueAccess
FN:224,logNurseTokenPrepStatusUpdate
FNF:16
FNH:0
FNDA:0,logLoginSuccess
FNDA:0,logLoginFailure
FNDA:0,logLogout
FNDA:0,logAccessViolation
FNDA:0,logRoleViolation
FNDA:0,logDepartmentViolation
FNDA:0,logInvalidToken
FNDA:0,logInactiveAccountAccess
FNDA:0,logOffDutyAccess
FNDA:0,logTokenSkipped
FNDA:0,logTokenRescheduled
FNDA:0,logTokenReactivated
FNDA:0,logBulkQueueOperation
FNDA:0,logTokenDetailAccess
FNDA:0,logNurseQueueAccess
FNDA:0,logNurseTokenPrepStatusUpdate
DA:4,1
DA:5,1
DA:6,1
DA:8,1
DA:9,1
DA:10,0
DA:14,0
DA:25,0
DA:36,0
DA:46,0
DA:59,0
DA:72,0
DA:85,0
DA:95,0
DA:105,0
DA:119,0
DA:134,0
DA:149,0
DA:163,0
DA:179,0
DA:205,0
DA:207,0
DA:235,0
DA:237,0
DA:252,1
LF:25
LH:6
BRDA:9,0,0,0
BRDA:9,0,1,1
BRDA:118,1,0,0
BRDA:133,2,0,0
BRDA:138,3,0,0
BRDA:138,3,1,0
BRDA:148,4,0,0
BRDA:162,5,0,0
BRDA:178,6,0,0
BRDA:178,7,0,0
BRDA:178,8,0,0
BRDA:200,9,0,0
BRDA:201,10,0,0
BRDA:202,11,0,0
BRDA:211,12,0,0
BRDA:211,12,1,0
BRDA:213,13,0,0
BRDA:213,13,1,0
BRDA:233,14,0,0
BRF:19
BRH:1
end_of_record
